#
# A fatal error has been detected by the Java Runtime Environment:
#
#  EXCEPTION_ACCESS_VIOLATION (0xc0000005) at pc=0x00007ff86aa04db3, pid=19160, tid=13400
#
# JRE version: Java(TM) SE Runtime Environment (17.0.12+8) (build 17.0.12+8-LTS-286)
# Java VM: Java HotSpot(TM) 64-Bit Server VM (17.0.12+8-LTS-286, mixed mode, sharing, tiered, compressed oops, compressed class ptrs, g1 gc, windows-amd64)
# Problematic frame:
# V  [jvm.dll+0x384db3]
#
# No core dump will be written. Minidumps are not enabled by default on client versions of Windows
#
# If you would like to submit a bug report, please visit:
#   https://bugreport.java.com/bugreport/crash.jsp
#

---------------  S U M M A R Y ------------

Command Line: -XX:MaxMetaspaceSize=512m --add-opens=java.base/java.util=ALL-UNNAMED --add-opens=java.base/java.lang=ALL-UNNAMED --add-opens=java.base/java.lang.invoke=ALL-UNNAMED --add-opens=java.prefs/java.util.prefs=ALL-UNNAMED --add-opens=java.base/java.nio.charset=ALL-UNNAMED --add-opens=java.base/java.net=ALL-UNNAMED --add-opens=java.base/java.util.concurrent.atomic=ALL-UNNAMED -Xmx2048m -Dfile.encoding=windows-1252 -Duser.country=ID -Duser.language=id -Duser.variant -javaagent:C:\Users\maula_qiax6qv\.gradle\wrapper\dists\gradle-8.5-all\3zlzzgtsutfj0pbojr50n2l7z\gradle-8.5\lib\agents\gradle-instrumentation-agent-8.5.jar org.gradle.launcher.daemon.bootstrap.GradleDaemon 8.5

Host: Intel(R) Celeron(R) N4020 CPU @ 1.10GHz, 2 cores, 3G,  Windows 11 , 64 bit Build 22621 (10.0.22621.4391)
Time: Wed Dec 18 08:55:53 2024 SE Asia Standard Time elapsed time: 1786.487728 seconds (0d 0h 29m 46s)

---------------  T H R E A D  ---------------

Current thread (0x000001ca618ec6b0):  JavaThread "WorkerExecutor Queue Thread 4" [_thread_in_vm, id=13400, stack(0x00000089b8c00000,0x00000089b8d00000)]

Stack: [0x00000089b8c00000,0x00000089b8d00000],  sp=0x00000089b8cf7c80,  free space=991k
Native frames: (J=compiled Java code, j=interpreted, Vv=VM code, C=native code)
V  [jvm.dll+0x384db3]
V  [jvm.dll+0x679f72]
V  [jvm.dll+0x384b0e]
V  [jvm.dll+0x3edad3]
