#
# There is insufficient memory for the Java Runtime Environment to continue.
# Native memory allocation (mmap) failed to map 67108864 bytes for G1 virtual space
# Possible reasons:
#   The system is out of physical RAM or swap space
#   The process is running with CompressedOops enabled, and the Java Heap may be blocking the growth of the native heap
# Possible solutions:
#   Reduce memory load on the system
#   Increase physical memory or swap space
#   Check if swap backing store is full
#   Decrease Java heap size (-Xmx/-Xms)
#   Decrease number of Java threads
#   Decrease Java thread stack sizes (-Xss)
#   Set larger code cache with -XX:ReservedCodeCacheSize=
#   JVM is running with Unscaled Compressed Oops mode in which the Java heap is
#     placed in the first 4GB address space. The Java Heap base address is the
#     maximum limit for the native heap growth. Please use -XX:HeapBaseMinAddress
#     to set the Java Heap base and to place the Java Heap above 4GB virtual address.
# This output file may be truncated or incomplete.
#
#  Out of Memory Error (os_windows.cpp:3548), pid=20300, tid=8940
#
# JRE version:  (17.0.12+8) (build )
# Java VM: Java HotSpot(TM) 64-Bit Server VM (17.0.12+8-LTS-286, mixed mode, sharing, tiered, compressed oops, compressed class ptrs, g1 gc, windows-amd64)
# No core dump will be written. Minidumps are not enabled by default on client versions of Windows
#

---------------  S U M M A R Y ------------

Command Line: -Xmx64m -Xms64m -Dorg.gradle.appname=gradlew org.gradle.wrapper.GradleWrapperMain app:installDebug -PreactNativeDevServerPort=8081

Host: Intel(R) Celeron(R) N4020 CPU @ 1.10GHz, 2 cores, 3G,  Windows 11 , 64 bit Build 22621 (10.0.22621.3958)
Time: Tue Oct 22 14:49:21 2024 SE Asia Standard Time elapsed time: 0.082782 seconds (0d 0h 0m 0s)

---------------  T H R E A D  ---------------

Current thread (0x0000027b355357b0):  JavaThread "Unknown thread" [_thread_in_vm, id=8940, stack(0x0000009a90900000,0x0000009a90a00000)]

Stack: [0x0000009a90900000,0x0000009a90a00000]
Native frames: (J=compiled Java code, j=interpreted, Vv=VM code, C=native code)
V  [jvm.dll+0x67a04a]
V  [jvm.dll+0x7da4ed]
V  [jvm.dll+0x7dbe33]
V  [jvm.dll+0x7dc4a3]
V  [jvm.dll+0x24508f]
V  [jvm.dll+0x677089]
V  [jvm.dll+0x66bd32]
V  [jvm.dll+0x301fa6]
V  [jvm.dll+0x309546]
V  [jvm.dll+0x359d2e]
V  [jvm.dll+0x359f5f]
V  [jvm.dll+0x2d9078]
V  [jvm.dll+0x2d9fe4]
V  [jvm.dll+0x7aca21]
V  [jvm.dll+0x367591]
V  [jvm.dll+0x78b999]
V  [jvm.dll+0x3ec83f]
V  [jvm.dll+0x3ee471]
C  [jli.dll+0x5297]
C  [ucrtbase.dll+0x29333]
C  [KERNEL32.DLL+0x1257d]
C  [ntdll.dll+0x5af08]


---------------  P R O C E S S  ---------------

Threads class SMR info:
_java_thread_list=0x00007ff9bc8c7a18, length=0, elements={
}

Java Threads: ( => current thread )

Other Threads:
  0x0000027b35554d60 GCTaskThread "GC Thread#0" [stack: 0x0000009a90a00000,0x0000009a90b00000] [id=15752]
  0x0000027b355574c0 ConcurrentGCThread "G1 Main Marker" [stack: 0x0000009a90b00000,0x0000009a90c00000] [id=10404]
  0x0000027b35558ee0 ConcurrentGCThread "G1 Conc#0" [stack: 0x0000009a90c00000,0x0000009a90d00000] [id=14732]

[error occurred during error reporting (printing all threads), id 0xc0000005, EXCEPTION_ACCESS_VIOLATION (0xc0000005) at pc=0x00007ff9bc0f9b67]

VM state: not at safepoint (not fully initialized)

VM Mutex/Monitor currently owned by a thread:  ([mutex/lock_event])
[0x0000027b35531cd0] Heap_lock - owner thread: 0x0000027b355357b0

Heap address: 0x00000000fc000000, size: 64 MB, Compressed Oops mode: 32-bit

CDS archive(s) mapped at: [0x0000000000000000-0x0000000000000000-0x0000000000000000), size 0, SharedBaseAddress: 0x0000000800000000, ArchiveRelocationMode: 1.
Narrow klass base: 0x0000000000000000, Narrow klass shift: 0, Narrow klass range: 0x0

GC Precious Log:
<Empty>

Heap:
 garbage-first heap   total 0K, used 0K [0x00000000fc000000, 0x0000000100000000)
  region size 1024K, 0 young (0K), 0 survivors (0K)

[error occurred during error reporting (printing heap information), id 0xc0000005, EXCEPTION_ACCESS_VIOLATION (0xc0000005) at pc=0x00007ff9bc4e3859]

GC Heap History (0 events):
No events

Deoptimization events (0 events):
No events

Classes unloaded (0 events):
No events

Classes redefined (0 events):
No events

Internal exceptions (0 events):
No events

VM Operations (0 events):
No events

Events (1 events):
Event: 0.019 Loaded shared library C:\Program Files\Java\jdk-17\bin\java.dll


Dynamic libraries:
0x00007ff76f2b0000 - 0x00007ff76f2c0000 	C:\Program Files\Java\jdk-17\bin\java.exe
0x00007ffa2acf0000 - 0x00007ffa2af07000 	C:\WINDOWS\SYSTEM32\ntdll.dll
0x00007ffa2a1d0000 - 0x00007ffa2a294000 	C:\WINDOWS\System32\KERNEL32.DLL
0x00007ffa283f0000 - 0x00007ffa287a7000 	C:\WINDOWS\System32\KERNELBASE.dll
0x00007ffa288d0000 - 0x00007ffa289e1000 	C:\WINDOWS\System32\ucrtbase.dll
0x00007ffa18ea0000 - 0x00007ffa18ebb000 	C:\Program Files\Java\jdk-17\bin\VCRUNTIME140.dll
0x00007ffa18f50000 - 0x00007ffa18f69000 	C:\Program Files\Java\jdk-17\bin\jli.dll
0x00007ffa2abf0000 - 0x00007ffa2aca2000 	C:\WINDOWS\System32\ADVAPI32.dll
0x00007ffa2a020000 - 0x00007ffa2a0c7000 	C:\WINDOWS\System32\msvcrt.dll
0x00007ffa29110000 - 0x00007ffa291b8000 	C:\WINDOWS\System32\sechost.dll
0x00007ffa28120000 - 0x00007ffa28148000 	C:\WINDOWS\System32\bcrypt.dll
0x00007ffa28c00000 - 0x00007ffa28d14000 	C:\WINDOWS\System32\RPCRT4.dll
0x00007ffa2a910000 - 0x00007ffa2aabf000 	C:\WINDOWS\System32\USER32.dll
0x00007ffa289f0000 - 0x00007ffa28a16000 	C:\WINDOWS\System32\win32u.dll
0x00007ffa2aac0000 - 0x00007ffa2aae9000 	C:\WINDOWS\System32\GDI32.dll
0x00007ffa287b0000 - 0x00007ffa288c8000 	C:\WINDOWS\System32\gdi32full.dll
0x00007ffa28080000 - 0x00007ffa2811a000 	C:\WINDOWS\System32\msvcp_win.dll
0x00007ffa27120000 - 0x00007ffa273b3000 	C:\WINDOWS\WinSxS\amd64_microsoft.windows.common-controls_6595b64144ccf1df_6.0.22621.3672_none_2713b9d173822955\COMCTL32.dll
0x00007ffa245b0000 - 0x00007ffa245ba000 	C:\WINDOWS\SYSTEM32\VERSION.dll
0x00007ffa28a20000 - 0x00007ffa28a51000 	C:\WINDOWS\System32\IMM32.DLL
0x00007ffa21a00000 - 0x00007ffa21a0c000 	C:\Program Files\Java\jdk-17\bin\vcruntime140_1.dll
0x00007ff9e8df0000 - 0x00007ff9e8e7e000 	C:\Program Files\Java\jdk-17\bin\msvcp140.dll
0x00007ff9bbe10000 - 0x00007ff9bc9f0000 	C:\Program Files\Java\jdk-17\bin\server\jvm.dll
0x00007ffa28a80000 - 0x00007ffa28a88000 	C:\WINDOWS\System32\PSAPI.DLL
0x00007ffa20f20000 - 0x00007ffa20f54000 	C:\WINDOWS\SYSTEM32\WINMM.dll
0x00007ffa20f60000 - 0x00007ffa20f69000 	C:\WINDOWS\SYSTEM32\WSOCK32.dll
0x00007ffa2a2a0000 - 0x00007ffa2a311000 	C:\WINDOWS\System32\WS2_32.dll
0x00007ffa26130000 - 0x00007ffa26148000 	C:\WINDOWS\SYSTEM32\kernel.appcore.dll
0x00007ffa18e70000 - 0x00007ffa18e7a000 	C:\Program Files\Java\jdk-17\bin\jimage.dll
0x00007ffa27880000 - 0x00007ffa27ab2000 	C:\WINDOWS\SYSTEM32\DBGHELP.DLL
0x00007ffa28d20000 - 0x00007ffa290ae000 	C:\WINDOWS\System32\combase.dll
0x00007ffa2a830000 - 0x00007ffa2a907000 	C:\WINDOWS\System32\OLEAUT32.dll
0x00007ffa27580000 - 0x00007ffa275b2000 	C:\WINDOWS\SYSTEM32\dbgcore.DLL
0x00007ffa28000000 - 0x00007ffa2807b000 	C:\WINDOWS\System32\bcryptPrimitives.dll
0x00007ffa18ca0000 - 0x00007ffa18cc5000 	C:\Program Files\Java\jdk-17\bin\java.dll

dbghelp: loaded successfully - version: 4.0.5 - missing functions: none
symbol engine: initialized successfully - sym options: 0x614 - pdb path: .;C:\Program Files\Java\jdk-17\bin;C:\WINDOWS\SYSTEM32;C:\WINDOWS\WinSxS\amd64_microsoft.windows.common-controls_6595b64144ccf1df_6.0.22621.3672_none_2713b9d173822955;C:\Program Files\Java\jdk-17\bin\server

VM Arguments:
jvm_args: -Xmx64m -Xms64m -Dorg.gradle.appname=gradlew 
java_command: org.gradle.wrapper.GradleWrapperMain app:installDebug -PreactNativeDevServerPort=8081
java_class_path (initial): C:\Tugsa\silajang-mobile\android\\gradle\wrapper\gradle-wrapper.jar
Launcher Type: SUN_STANDARD

[Global flags]
     intx CICompilerCount                          = 2                                         {product} {ergonomic}
     uint ConcGCThreads                            = 1                                         {product} {ergonomic}
     uint G1ConcRefinementThreads                  = 2                                         {product} {ergonomic}
   size_t G1HeapRegionSize                         = 1048576                                   {product} {ergonomic}
    uintx GCDrainStackTargetSize                   = 64                                        {product} {ergonomic}
   size_t InitialHeapSize                          = 67108864                                  {product} {command line}
   size_t MarkStackSize                            = 4194304                                   {product} {ergonomic}
   size_t MaxHeapSize                              = 67108864                                  {product} {command line}
   size_t MinHeapDeltaBytes                        = 1048576                                   {product} {ergonomic}
   size_t MinHeapSize                              = 67108864                                  {product} {command line}
    uintx NonNMethodCodeHeapSize                   = 5826188                                {pd product} {ergonomic}
    uintx NonProfiledCodeHeapSize                  = 122916026                              {pd product} {ergonomic}
    uintx ProfiledCodeHeapSize                     = 122916026                              {pd product} {ergonomic}
    uintx ReservedCodeCacheSize                    = 251658240                              {pd product} {ergonomic}
     bool SegmentedCodeCache                       = true                                      {product} {ergonomic}
   size_t SoftMaxHeapSize                          = 67108864                               {manageable} {ergonomic}
     bool UseCompressedClassPointers               = true                           {product lp64_product} {ergonomic}
     bool UseCompressedOops                        = true                           {product lp64_product} {ergonomic}
     bool UseG1GC                                  = true                                      {product} {ergonomic}
     bool UseLargePagesIndividualAllocation        = false                                  {pd product} {ergonomic}

Logging:
Log output configuration:
 #0: stdout all=warning uptime,level,tags
 #1: stderr all=off uptime,level,tags

Environment Variables:
JAVA_HOME=C:\Program Files\Java\jdk-17
CLASSPATH=C:\Tugsa\silajang-mobile\android\\gradle\wrapper\gradle-wrapper.jar
PATH=C:\Tugsa\silajang-mobile\node_modules\.bin;C:\Tugsa\node_modules\.bin;C:\node_modules\.bin;C:\Users\maula_qiax6qv\AppData\Roaming\nvm\v18.19.0\node_modules\npm\node_modules\@npmcli\run-script\lib\node-gyp-bin;C:\Program Files\Common Files\Oracle\Java\javapath;C:\WINDOWS\system32;C:\WINDOWS;C:\WINDOWS\System32\Wbem;C:\WINDOWS\System32\WindowsPowerShell\v1.0\;C:\WINDOWS\System32\OpenSSH\;C:\Program Files\Git\cmd;C:\ProgramData\ComposerSetup\bin;C:\Users\maula_qiax6qv\AppData\Roaming\nvm;C:\Program Files\nodejs;C:\ngrok;C:\Program Files\Java\jdk-17\bin;C:\Users\maula_qiax6qv\AppData\Local\Android\Sdk\platform-tools;C:\Users\maula_qiax6qv\AppData\Local\Microsoft\WindowsApps;C:\Users\maula_qiax6qv\AppData\Local\Programs\Microsoft VS Code\bin;C:\flutter\bin;C:\xampp\php;C:\Users\maula_qiax6qv\AppData\Local\ComposerSetup\bin;C:\Users\maula_qiax6qv\AppData\Roaming\Composer\vendor\bin;C:\Users\maula_qiax6qv\AppData\Roaming\nvm;C:\Program Files\nodejs;C:\ProgramData\maula_qiax6qv\GitHubDesktop\bin;C:\Users\maula_qiax6qv\AppData\Local\GitHubDesktop\bin
USERNAME=maula_qiax6qv
LANG=en_US.UTF-8
OS=Windows_NT
PROCESSOR_IDENTIFIER=Intel64 Family 6 Model 122 Stepping 8, GenuineIntel



---------------  S Y S T E M  ---------------

OS:
 Windows 11 , 64 bit Build 22621 (10.0.22621.3958)
OS uptime: 1 days 3:53 hours

CPU: total 2 (initial active 2) (2 cores per cpu, 1 threads per core) family 6 model 122 stepping 8 microcode 0x22, cx8, cmov, fxsr, mmx, 3dnowpref, sse, sse2, sse3, ssse3, sse4.1, sse4.2, popcnt, tsc, tscinvbit, aes, erms, clmul, sha, clflush, clflushopt

Memory: 4k page, system-wide physical 3918M (128M free)
TotalPageFile size 15694M (AvailPageFile size 33M)
current process WorkingSet (physical memory assigned to process): 10M, peak: 10M
current process commit charge ("private bytes"): 47M, peak: 111M

vm_info: Java HotSpot(TM) 64-Bit Server VM (17.0.12+8-LTS-286) for windows-amd64 JRE (17.0.12+8-LTS-286), built on Jun  5 2024 06:46:59 by "mach5one" with MS VC++ 17.6 (VS2022)

END.
