#
# There is insufficient memory for the Java Runtime Environment to continue.
# Native memory allocation (mmap) failed to map 65536 bytes for Failed to commit metaspace.
# Possible reasons:
#   The system is out of physical RAM or swap space
#   The process is running with CompressedOops enabled, and the Java Heap may be blocking the growth of the native heap
# Possible solutions:
#   Reduce memory load on the system
#   Increase physical memory or swap space
#   Check if swap backing store is full
#   Decrease Java heap size (-Xmx/-Xms)
#   Decrease number of Java threads
#   Decrease Java thread stack sizes (-Xss)
#   Set larger code cache with -XX:ReservedCodeCacheSize=
#   JVM is running with Unscaled Compressed Oops mode in which the Java heap is
#     placed in the first 4GB address space. The Java Heap base address is the
#     maximum limit for the native heap growth. Please use -XX:HeapBaseMinAddress
#     to set the Java Heap base and to place the Java Heap above 4GB virtual address.
# This output file may be truncated or incomplete.
#
#  Out of Memory Error (virtualSpaceNode.cpp:110), pid=16440, tid=18176
#
# JRE version: Java(TM) SE Runtime Environment (17.0.12+8) (build 17.0.12+8-LTS-286)
# Java VM: Java HotSpot(TM) 64-Bit Server VM (17.0.12+8-LTS-286, mixed mode, tiered, compressed oops, compressed class ptrs, g1 gc, windows-amd64)
# No core dump will be written. Minidumps are not enabled by default on client versions of Windows
#

---------------  S U M M A R Y ------------

Command Line: -Xmx64m -Xms64m -Dorg.gradle.appname=gradlew org.gradle.wrapper.GradleWrapperMain app:installDebug -PreactNativeDevServerPort=8081

Host: Intel(R) Celeron(R) N4020 CPU @ 1.10GHz, 2 cores, 3G,  Windows 11 , 64 bit Build 22621 (10.0.22621.3958)
Time: Tue Oct 22 14:53:31 2024 SE Asia Standard Time elapsed time: 0.382573 seconds (0d 0h 0m 0s)

---------------  T H R E A D  ---------------

Current thread (0x0000027fd4a056b0):  JavaThread "main" [_thread_in_vm, id=18176, stack(0x000000c614c00000,0x000000c614d00000)]

Stack: [0x000000c614c00000,0x000000c614d00000]
Native frames: (J=compiled Java code, j=interpreted, Vv=VM code, C=native code)
V  [jvm.dll+0x67a04a]
V  [jvm.dll+0x7da4ed]
V  [jvm.dll+0x7dbe33]
V  [jvm.dll+0x7dc4a3]
V  [jvm.dll+0x24508f]
V  [jvm.dll+0x7d60bb]
V  [jvm.dll+0x6206c6]
V  [jvm.dll+0x62072a]
V  [jvm.dll+0x622f4d]
V  [jvm.dll+0x621086]
V  [jvm.dll+0x631f09]
V  [jvm.dll+0x62b264]
V  [jvm.dll+0x37d8f1]
C  0x0000027fe37fc5ad

Java frames: (J=compiled Java code, j=interpreted, Vv=VM code)
j  java.lang.Shutdown.<clinit>()V+0 java.base@17.0.12
v  ~StubRoutines::call_stub
j  java.lang.Runtime.exit(I)V+14 java.base@17.0.12
j  java.lang.System.exit(I)V+4 java.base@17.0.12
j  sun.launcher.LauncherHelper.abort(Ljava/lang/Throwable;Ljava/lang/String;[Ljava/lang/Object;)V+36 java.base@17.0.12
j  sun.launcher.LauncherHelper.validateMainClass(Ljava/lang/Class;)V+142 java.base@17.0.12
j  sun.launcher.LauncherHelper.checkAndLoadMain(ZILjava/lang/String;)Ljava/lang/Class;+80 java.base@17.0.12
v  ~StubRoutines::call_stub

---------------  P R O C E S S  ---------------

Threads class SMR info:
_java_thread_list=0x0000027f8041b1c0, length=12, elements={
0x0000027fd4a056b0, 0x0000027f80170140, 0x0000027f80171760, 0x0000027f80141950,
0x0000027f80142310, 0x0000027f80142cd0, 0x0000027f80143690, 0x0000027f80144bd0,
0x0000027f801b24b0, 0x0000027f801fe9b0, 0x0000027f80425ba0, 0x0000027f80438920
}

Java Threads: ( => current thread )
=>0x0000027fd4a056b0 JavaThread "main" [_thread_in_vm, id=18176, stack(0x000000c614c00000,0x000000c614d00000)]
  0x0000027f80170140 JavaThread "Reference Handler" daemon [_thread_blocked, id=3080, stack(0x000000c615300000,0x000000c615400000)]
  0x0000027f80171760 JavaThread "Finalizer" daemon [_thread_blocked, id=15552, stack(0x000000c615400000,0x000000c615500000)]
  0x0000027f80141950 JavaThread "Signal Dispatcher" daemon [_thread_blocked, id=6632, stack(0x000000c615500000,0x000000c615600000)]
  0x0000027f80142310 JavaThread "Attach Listener" daemon [_thread_blocked, id=7104, stack(0x000000c615600000,0x000000c615700000)]
  0x0000027f80142cd0 JavaThread "Service Thread" daemon [_thread_blocked, id=17672, stack(0x000000c615700000,0x000000c615800000)]
  0x0000027f80143690 JavaThread "Monitor Deflation Thread" daemon [_thread_blocked, id=16396, stack(0x000000c615800000,0x000000c615900000)]
  0x0000027f80144bd0 JavaThread "C2 CompilerThread0" daemon [_thread_blocked, id=19096, stack(0x000000c615900000,0x000000c615a00000)]
  0x0000027f801b24b0 JavaThread "C1 CompilerThread0" daemon [_thread_blocked, id=13748, stack(0x000000c615a00000,0x000000c615b00000)]
  0x0000027f801fe9b0 JavaThread "Sweeper thread" daemon [_thread_blocked, id=3392, stack(0x000000c615b00000,0x000000c615c00000)]
  0x0000027f80425ba0 JavaThread "Notification Thread" daemon [_thread_blocked, id=19772, stack(0x000000c615c00000,0x000000c615d00000)]
  0x0000027f80438920 JavaThread "Common-Cleaner" daemon [_thread_blocked, id=16192, stack(0x000000c615e00000,0x000000c615f00000)]

Other Threads:
  0x0000027f800e74e0 VMThread "VM Thread" [stack: 0x000000c615200000,0x000000c615300000] [id=16028]
  0x0000027f804370d0 WatcherThread [stack: 0x000000c615d00000,0x000000c615e00000] [id=7372]
  0x0000027fd4a24c60 GCTaskThread "GC Thread#0" [stack: 0x000000c614d00000,0x000000c614e00000] [id=19616]
  0x0000027fd4a273c0 ConcurrentGCThread "G1 Main Marker" [stack: 0x000000c614e00000,0x000000c614f00000] [id=6456]
  0x0000027fd4a28de0 ConcurrentGCThread "G1 Conc#0" [stack: 0x000000c614f00000,0x000000c615000000] [id=12600]
  0x0000027fd4a6ebb0 ConcurrentGCThread "G1 Refine#0" [stack: 0x000000c615000000,0x000000c615100000] [id=19380]
  0x0000027fd4a6f5e0 ConcurrentGCThread "G1 Service" [stack: 0x000000c615100000,0x000000c615200000] [id=3140]

Threads with active compile tasks:

VM state: not at safepoint (normal execution)

VM Mutex/Monitor currently owned by a thread:  ([mutex/lock_event])
[0x0000027fd49f4220] Metaspace_lock - owner thread: 0x0000027fd4a056b0

OutOfMemory and StackOverflow Exception counts:
StackOverflowErrors=1

Heap address: 0x00000000fc000000, size: 64 MB, Compressed Oops mode: 32-bit

CDS archive(s) not mapped
Compressed class space mapped at: 0x0000000100000000-0x0000000140000000, reserved size: 1073741824
Narrow klass base: 0x0000000000000000, Narrow klass shift: 3, Narrow klass range: 0x140000000

GC Precious Log:
 CPUs: 2 total, 2 available
 Memory: 3918M
 Large Page Support: Disabled
 NUMA Support: Disabled
 Compressed Oops: Enabled (32-bit)
 Heap Region Size: 1M
 Heap Min Capacity: 64M
 Heap Initial Capacity: 64M
 Heap Max Capacity: 64M
 Pre-touch: Disabled
 Parallel Workers: 2
 Concurrent Workers: 1
 Concurrent Refinement Workers: 2
 Periodic GC: Disabled

Heap:
 garbage-first heap   total 65536K, used 1024K [0x00000000fc000000, 0x0000000100000000)
  region size 1024K, 2 young (2048K), 0 survivors (0K)
 Metaspace       used 5865K, committed 5952K, reserved 1114112K
  class space    used 483K, committed 512K, reserved 1048576K

Heap Regions: E=young(eden), S=young(survivor), O=old, HS=humongous(starts), HC=humongous(continues), CS=collection set, F=free, OA=open archive, CA=closed archive, TAMS=top-at-mark-start (previous, next)
|   0|0x00000000fc000000, 0x00000000fc000000, 0x00000000fc100000|  0%| F|  |TAMS 0x00000000fc000000, 0x00000000fc000000| Untracked 
|   1|0x00000000fc100000, 0x00000000fc100000, 0x00000000fc200000|  0%| F|  |TAMS 0x00000000fc100000, 0x00000000fc100000| Untracked 
|   2|0x00000000fc200000, 0x00000000fc200000, 0x00000000fc300000|  0%| F|  |TAMS 0x00000000fc200000, 0x00000000fc200000| Untracked 
|   3|0x00000000fc300000, 0x00000000fc300000, 0x00000000fc400000|  0%| F|  |TAMS 0x00000000fc300000, 0x00000000fc300000| Untracked 
|   4|0x00000000fc400000, 0x00000000fc400000, 0x00000000fc500000|  0%| F|  |TAMS 0x00000000fc400000, 0x00000000fc400000| Untracked 
|   5|0x00000000fc500000, 0x00000000fc500000, 0x00000000fc600000|  0%| F|  |TAMS 0x00000000fc500000, 0x00000000fc500000| Untracked 
|   6|0x00000000fc600000, 0x00000000fc600000, 0x00000000fc700000|  0%| F|  |TAMS 0x00000000fc600000, 0x00000000fc600000| Untracked 
|   7|0x00000000fc700000, 0x00000000fc700000, 0x00000000fc800000|  0%| F|  |TAMS 0x00000000fc700000, 0x00000000fc700000| Untracked 
|   8|0x00000000fc800000, 0x00000000fc800000, 0x00000000fc900000|  0%| F|  |TAMS 0x00000000fc800000, 0x00000000fc800000| Untracked 
|   9|0x00000000fc900000, 0x00000000fc900000, 0x00000000fca00000|  0%| F|  |TAMS 0x00000000fc900000, 0x00000000fc900000| Untracked 
|  10|0x00000000fca00000, 0x00000000fca00000, 0x00000000fcb00000|  0%| F|  |TAMS 0x00000000fca00000, 0x00000000fca00000| Untracked 
|  11|0x00000000fcb00000, 0x00000000fcb00000, 0x00000000fcc00000|  0%| F|  |TAMS 0x00000000fcb00000, 0x00000000fcb00000| Untracked 
|  12|0x00000000fcc00000, 0x00000000fcc00000, 0x00000000fcd00000|  0%| F|  |TAMS 0x00000000fcc00000, 0x00000000fcc00000| Untracked 
|  13|0x00000000fcd00000, 0x00000000fcd00000, 0x00000000fce00000|  0%| F|  |TAMS 0x00000000fcd00000, 0x00000000fcd00000| Untracked 
|  14|0x00000000fce00000, 0x00000000fce00000, 0x00000000fcf00000|  0%| F|  |TAMS 0x00000000fce00000, 0x00000000fce00000| Untracked 
|  15|0x00000000fcf00000, 0x00000000fcf00000, 0x00000000fd000000|  0%| F|  |TAMS 0x00000000fcf00000, 0x00000000fcf00000| Untracked 
|  16|0x00000000fd000000, 0x00000000fd000000, 0x00000000fd100000|  0%| F|  |TAMS 0x00000000fd000000, 0x00000000fd000000| Untracked 
|  17|0x00000000fd100000, 0x00000000fd100000, 0x00000000fd200000|  0%| F|  |TAMS 0x00000000fd100000, 0x00000000fd100000| Untracked 
|  18|0x00000000fd200000, 0x00000000fd200000, 0x00000000fd300000|  0%| F|  |TAMS 0x00000000fd200000, 0x00000000fd200000| Untracked 
|  19|0x00000000fd300000, 0x00000000fd300000, 0x00000000fd400000|  0%| F|  |TAMS 0x00000000fd300000, 0x00000000fd300000| Untracked 
|  20|0x00000000fd400000, 0x00000000fd400000, 0x00000000fd500000|  0%| F|  |TAMS 0x00000000fd400000, 0x00000000fd400000| Untracked 
|  21|0x00000000fd500000, 0x00000000fd500000, 0x00000000fd600000|  0%| F|  |TAMS 0x00000000fd500000, 0x00000000fd500000| Untracked 
|  22|0x00000000fd600000, 0x00000000fd600000, 0x00000000fd700000|  0%| F|  |TAMS 0x00000000fd600000, 0x00000000fd600000| Untracked 
|  23|0x00000000fd700000, 0x00000000fd700000, 0x00000000fd800000|  0%| F|  |TAMS 0x00000000fd700000, 0x00000000fd700000| Untracked 
|  24|0x00000000fd800000, 0x00000000fd800000, 0x00000000fd900000|  0%| F|  |TAMS 0x00000000fd800000, 0x00000000fd800000| Untracked 
|  25|0x00000000fd900000, 0x00000000fd900000, 0x00000000fda00000|  0%| F|  |TAMS 0x00000000fd900000, 0x00000000fd900000| Untracked 
|  26|0x00000000fda00000, 0x00000000fda00000, 0x00000000fdb00000|  0%| F|  |TAMS 0x00000000fda00000, 0x00000000fda00000| Untracked 
|  27|0x00000000fdb00000, 0x00000000fdb00000, 0x00000000fdc00000|  0%| F|  |TAMS 0x00000000fdb00000, 0x00000000fdb00000| Untracked 
|  28|0x00000000fdc00000, 0x00000000fdc00000, 0x00000000fdd00000|  0%| F|  |TAMS 0x00000000fdc00000, 0x00000000fdc00000| Untracked 
|  29|0x00000000fdd00000, 0x00000000fdd00000, 0x00000000fde00000|  0%| F|  |TAMS 0x00000000fdd00000, 0x00000000fdd00000| Untracked 
|  30|0x00000000fde00000, 0x00000000fde00000, 0x00000000fdf00000|  0%| F|  |TAMS 0x00000000fde00000, 0x00000000fde00000| Untracked 
|  31|0x00000000fdf00000, 0x00000000fdf00000, 0x00000000fe000000|  0%| F|  |TAMS 0x00000000fdf00000, 0x00000000fdf00000| Untracked 
|  32|0x00000000fe000000, 0x00000000fe000000, 0x00000000fe100000|  0%| F|  |TAMS 0x00000000fe000000, 0x00000000fe000000| Untracked 
|  33|0x00000000fe100000, 0x00000000fe100000, 0x00000000fe200000|  0%| F|  |TAMS 0x00000000fe100000, 0x00000000fe100000| Untracked 
|  34|0x00000000fe200000, 0x00000000fe200000, 0x00000000fe300000|  0%| F|  |TAMS 0x00000000fe200000, 0x00000000fe200000| Untracked 
|  35|0x00000000fe300000, 0x00000000fe300000, 0x00000000fe400000|  0%| F|  |TAMS 0x00000000fe300000, 0x00000000fe300000| Untracked 
|  36|0x00000000fe400000, 0x00000000fe400000, 0x00000000fe500000|  0%| F|  |TAMS 0x00000000fe400000, 0x00000000fe400000| Untracked 
|  37|0x00000000fe500000, 0x00000000fe500000, 0x00000000fe600000|  0%| F|  |TAMS 0x00000000fe500000, 0x00000000fe500000| Untracked 
|  38|0x00000000fe600000, 0x00000000fe600000, 0x00000000fe700000|  0%| F|  |TAMS 0x00000000fe600000, 0x00000000fe600000| Untracked 
|  39|0x00000000fe700000, 0x00000000fe700000, 0x00000000fe800000|  0%| F|  |TAMS 0x00000000fe700000, 0x00000000fe700000| Untracked 
|  40|0x00000000fe800000, 0x00000000fe800000, 0x00000000fe900000|  0%| F|  |TAMS 0x00000000fe800000, 0x00000000fe800000| Untracked 
|  41|0x00000000fe900000, 0x00000000fe900000, 0x00000000fea00000|  0%| F|  |TAMS 0x00000000fe900000, 0x00000000fe900000| Untracked 
|  42|0x00000000fea00000, 0x00000000fea00000, 0x00000000feb00000|  0%| F|  |TAMS 0x00000000fea00000, 0x00000000fea00000| Untracked 
|  43|0x00000000feb00000, 0x00000000feb00000, 0x00000000fec00000|  0%| F|  |TAMS 0x00000000feb00000, 0x00000000feb00000| Untracked 
|  44|0x00000000fec00000, 0x00000000fec00000, 0x00000000fed00000|  0%| F|  |TAMS 0x00000000fec00000, 0x00000000fec00000| Untracked 
|  45|0x00000000fed00000, 0x00000000fed00000, 0x00000000fee00000|  0%| F|  |TAMS 0x00000000fed00000, 0x00000000fed00000| Untracked 
|  46|0x00000000fee00000, 0x00000000fee00000, 0x00000000fef00000|  0%| F|  |TAMS 0x00000000fee00000, 0x00000000fee00000| Untracked 
|  47|0x00000000fef00000, 0x00000000fef00000, 0x00000000ff000000|  0%| F|  |TAMS 0x00000000fef00000, 0x00000000fef00000| Untracked 
|  48|0x00000000ff000000, 0x00000000ff000000, 0x00000000ff100000|  0%| F|  |TAMS 0x00000000ff000000, 0x00000000ff000000| Untracked 
|  49|0x00000000ff100000, 0x00000000ff100000, 0x00000000ff200000|  0%| F|  |TAMS 0x00000000ff100000, 0x00000000ff100000| Untracked 
|  50|0x00000000ff200000, 0x00000000ff200000, 0x00000000ff300000|  0%| F|  |TAMS 0x00000000ff200000, 0x00000000ff200000| Untracked 
|  51|0x00000000ff300000, 0x00000000ff300000, 0x00000000ff400000|  0%| F|  |TAMS 0x00000000ff300000, 0x00000000ff300000| Untracked 
|  52|0x00000000ff400000, 0x00000000ff400000, 0x00000000ff500000|  0%| F|  |TAMS 0x00000000ff400000, 0x00000000ff400000| Untracked 
|  53|0x00000000ff500000, 0x00000000ff500000, 0x00000000ff600000|  0%| F|  |TAMS 0x00000000ff500000, 0x00000000ff500000| Untracked 
|  54|0x00000000ff600000, 0x00000000ff600000, 0x00000000ff700000|  0%| F|  |TAMS 0x00000000ff600000, 0x00000000ff600000| Untracked 
|  55|0x00000000ff700000, 0x00000000ff700000, 0x00000000ff800000|  0%| F|  |TAMS 0x00000000ff700000, 0x00000000ff700000| Untracked 
|  56|0x00000000ff800000, 0x00000000ff800000, 0x00000000ff900000|  0%| F|  |TAMS 0x00000000ff800000, 0x00000000ff800000| Untracked 
|  57|0x00000000ff900000, 0x00000000ff900000, 0x00000000ffa00000|  0%| F|  |TAMS 0x00000000ff900000, 0x00000000ff900000| Untracked 
|  58|0x00000000ffa00000, 0x00000000ffa00000, 0x00000000ffb00000|  0%| F|  |TAMS 0x00000000ffa00000, 0x00000000ffa00000| Untracked 
|  59|0x00000000ffb00000, 0x00000000ffb00000, 0x00000000ffc00000|  0%| F|  |TAMS 0x00000000ffb00000, 0x00000000ffb00000| Untracked 
|  60|0x00000000ffc00000, 0x00000000ffc00000, 0x00000000ffd00000|  0%| F|  |TAMS 0x00000000ffc00000, 0x00000000ffc00000| Untracked 
|  61|0x00000000ffd00000, 0x00000000ffd00000, 0x00000000ffe00000|  0%| F|  |TAMS 0x00000000ffd00000, 0x00000000ffd00000| Untracked 
|  62|0x00000000ffe00000, 0x00000000ffe20bb0, 0x00000000fff00000| 12%| E|  |TAMS 0x00000000ffe00000, 0x00000000ffe00000| Complete 
|  63|0x00000000fff00000, 0x0000000100000000, 0x0000000100000000|100%| E|CS|TAMS 0x00000000fff00000, 0x00000000fff00000| Complete 

Card table byte_map: [0x0000027fd29f0000,0x0000027fd2a10000] _byte_map_base: 0x0000027fd2210000

Marking Bits (Prev, Next): (CMBitMap*) 0x0000027fd4a26290, (CMBitMap*) 0x0000027fd4a262d0
 Prev Bits: [0x0000027fd45f0000, 0x0000027fd46f0000)
 Next Bits: [0x0000027fd46f0000, 0x0000027fd47f0000)

Polling page: 0x0000027fd29a0000

Metaspace:

Usage:
  Non-class:      5.26 MB used.
      Class:    483.67 KB used.
       Both:      5.73 MB used.

Virtual space:
  Non-class space:       64.00 MB reserved,       5.31 MB (  8%) committed,  1 nodes.
      Class space:        1.00 GB reserved,     512.00 KB ( <1%) committed,  1 nodes.
             Both:        1.06 GB reserved,       5.81 MB ( <1%) committed. 

Chunk freelists:
   Non-Class:  10.49 MB
       Class:  15.51 MB
        Both:  26.00 MB

MaxMetaspaceSize: unlimited
CompressedClassSpaceSize: 1.00 GB
Initial GC threshold: 21.00 MB
Current GC threshold: 21.00 MB
CDS: off
MetaspaceReclaimPolicy: balanced
 - commit_granule_bytes: 65536.
 - commit_granule_words: 8192.
 - virtual_space_node_default_size: 8388608.
 - enlarge_chunks_in_place: 1.
 - new_chunks_are_fully_committed: 0.
 - uncommit_free_chunks: 1.
 - use_allocation_guard: 0.
 - handle_deallocations: 1.


Internal statistics:

num_allocs_failed_limit: 0.
num_arena_births: 4.
num_arena_deaths: 0.
num_vsnodes_births: 2.
num_vsnodes_deaths: 0.
num_space_committed: 93.
num_space_uncommitted: 0.
num_chunks_returned_to_freelist: 0.
num_chunks_taken_from_freelist: 11.
num_chunk_merges: 0.
num_chunk_splits: 4.
num_chunks_enlarged: 1.
num_inconsistent_stats: 0.

CodeHeap 'non-profiled nmethods': size=120064Kb used=29Kb max_used=29Kb free=120034Kb
 bounds [0x0000027fe3d80000, 0x0000027fe3ff0000, 0x0000027feb2c0000]
CodeHeap 'profiled nmethods': size=120000Kb used=127Kb max_used=127Kb free=119872Kb
 bounds [0x0000027fdc2c0000, 0x0000027fdc530000, 0x0000027fe37f0000]
CodeHeap 'non-nmethods': size=5696Kb used=1092Kb max_used=1092Kb free=4603Kb
 bounds [0x0000027fe37f0000, 0x0000027fe3a60000, 0x0000027fe3d80000]
 total_blobs=479 nmethods=112 adapters=281
 compilation: enabled
              stopped_count=0, restarted_count=0
 full_count=0

Compilation events (20 events):
Event: 0.330 Thread 0x0000027f801b24b0   98       1       java.lang.invoke.MethodType::returnType (5 bytes)
Event: 0.330 Thread 0x0000027f801b24b0 nmethod 98 0x0000027fe3d86690 code [0x0000027fe3d86820, 0x0000027fe3d868f8]
Event: 0.331 Thread 0x0000027f801b24b0  100       3       java.lang.StringBuilder::append (8 bytes)
Event: 0.331 Thread 0x0000027f801b24b0 nmethod 100 0x0000027fdc2dc290 code [0x0000027fdc2dc420, 0x0000027fdc2dc568]
Event: 0.331 Thread 0x0000027f801b24b0  101       3       java.lang.AbstractStringBuilder::append (45 bytes)
Event: 0.331 Thread 0x0000027f801b24b0 nmethod 101 0x0000027fdc2dc610 code [0x0000027fdc2dc7e0, 0x0000027fdc2dcb28]
Event: 0.331 Thread 0x0000027f801b24b0  103       3       java.lang.invoke.MemberName::testFlags (16 bytes)
Event: 0.331 Thread 0x0000027f801b24b0 nmethod 103 0x0000027fdc2dcc90 code [0x0000027fdc2dce20, 0x0000027fdc2dcf98]
Event: 0.331 Thread 0x0000027f801b24b0  102       3       java.lang.AbstractStringBuilder::putStringAt (12 bytes)
Event: 0.331 Thread 0x0000027f801b24b0 nmethod 102 0x0000027fdc2dd010 code [0x0000027fdc2dd1c0, 0x0000027fdc2dd408]
Event: 0.331 Thread 0x0000027f801b24b0  105       3       java.util.Arrays::copyOfRange (64 bytes)
Event: 0.332 Thread 0x0000027f801b24b0 nmethod 105 0x0000027fdc2dd590 code [0x0000027fdc2dd800, 0x0000027fdc2de0f8]
Event: 0.332 Thread 0x0000027f801b24b0  109       3       java.lang.invoke.MethodTypeForm::canonicalize (74 bytes)
Event: 0.333 Thread 0x0000027f801b24b0 nmethod 109 0x0000027fdc2de490 code [0x0000027fdc2de6c0, 0x0000027fdc2dedb8]
Event: 0.335 Thread 0x0000027f801b24b0  110       3       java.lang.String::indexOf (7 bytes)
Event: 0.335 Thread 0x0000027f801b24b0 nmethod 110 0x0000027fdc2df010 code [0x0000027fdc2df1e0, 0x0000027fdc2df4f8]
Event: 0.340 Thread 0x0000027f801b24b0  111   !   3       java.lang.ref.ReferenceQueue::poll (28 bytes)
Event: 0.340 Thread 0x0000027f801b24b0 nmethod 111 0x0000027fdc2df610 code [0x0000027fdc2df7c0, 0x0000027fdc2dfa48]
Event: 0.340 Thread 0x0000027f801b24b0  112       3       java.util.Optional::orElse (16 bytes)
Event: 0.340 Thread 0x0000027f801b24b0 nmethod 112 0x0000027fdc2dfb90 code [0x0000027fdc2dfd20, 0x0000027fdc2dfe98]

GC Heap History (0 events):
No events

Deoptimization events (0 events):
No events

Classes unloaded (0 events):
No events

Classes redefined (0 events):
No events

Internal exceptions (2 events):
Event: 0.295 Thread 0x0000027fd4a056b0 Exception <a 'java/lang/StackOverflowError'{0x00000000fffe2788}> (0x00000000fffe2788) 
thrown [s\open\src\hotspot\share\interpreter\interpreterRuntime.cpp, line 374]
Event: 0.320 Thread 0x0000027fd4a056b0 Exception <a 'java/lang/ClassNotFoundException'{0x00000000ffff7fe0}: sun/launcher/resources/spi/launcherProvider> (0x00000000ffff7fe0) 
thrown [s\open\src\hotspot\share\classfile\systemDictionary.cpp, line 256]

VM Operations (2 events):
Event: 0.290 Executing VM operation: HandshakeAllThreads
Event: 0.290 Executing VM operation: HandshakeAllThreads done

Events (20 events):
Event: 0.342 loading class java/text/FieldPosition
Event: 0.342 loading class java/text/FieldPosition done
Event: 0.343 loading class java/util/Date
Event: 0.343 loading class java/util/Date done
Event: 0.343 loading class java/text/MessageFormat$Field
Event: 0.343 loading class java/text/Format$Field
Event: 0.343 loading class java/text/AttributedCharacterIterator$Attribute
Event: 0.343 loading class java/text/AttributedCharacterIterator$Attribute done
Event: 0.343 loading class java/text/Format$Field done
Event: 0.343 loading class java/text/MessageFormat$Field done
Event: 0.344 loading class java/nio/CharBuffer
Event: 0.344 loading class java/lang/Readable
Event: 0.344 loading class java/lang/Readable done
Event: 0.344 loading class java/nio/CharBuffer done
Event: 0.344 loading class java/nio/HeapCharBuffer
Event: 0.344 loading class java/nio/HeapCharBuffer done
Event: 0.344 loading class java/nio/charset/CoderResult
Event: 0.344 loading class java/nio/charset/CoderResult done
Event: 0.345 loading class java/lang/Shutdown
Event: 0.345 loading class java/lang/Shutdown done


Dynamic libraries:
0x00007ff76f2b0000 - 0x00007ff76f2c0000 	C:\Program Files\Java\jdk-17\bin\java.exe
0x00007ffa2acf0000 - 0x00007ffa2af07000 	C:\WINDOWS\SYSTEM32\ntdll.dll
0x00007ffa2a1d0000 - 0x00007ffa2a294000 	C:\WINDOWS\System32\KERNEL32.DLL
0x00007ffa283f0000 - 0x00007ffa287a7000 	C:\WINDOWS\System32\KERNELBASE.dll
0x00007ffa288d0000 - 0x00007ffa289e1000 	C:\WINDOWS\System32\ucrtbase.dll
0x00007ffa18ea0000 - 0x00007ffa18ebb000 	C:\Program Files\Java\jdk-17\bin\VCRUNTIME140.dll
0x00007ffa18f50000 - 0x00007ffa18f69000 	C:\Program Files\Java\jdk-17\bin\jli.dll
0x00007ffa2abf0000 - 0x00007ffa2aca2000 	C:\WINDOWS\System32\ADVAPI32.dll
0x00007ffa2a020000 - 0x00007ffa2a0c7000 	C:\WINDOWS\System32\msvcrt.dll
0x00007ffa29110000 - 0x00007ffa291b8000 	C:\WINDOWS\System32\sechost.dll
0x00007ffa28120000 - 0x00007ffa28148000 	C:\WINDOWS\System32\bcrypt.dll
0x00007ffa28c00000 - 0x00007ffa28d14000 	C:\WINDOWS\System32\RPCRT4.dll
0x00007ffa2a910000 - 0x00007ffa2aabf000 	C:\WINDOWS\System32\USER32.dll
0x00007ffa289f0000 - 0x00007ffa28a16000 	C:\WINDOWS\System32\win32u.dll
0x00007ffa2aac0000 - 0x00007ffa2aae9000 	C:\WINDOWS\System32\GDI32.dll
0x00007ffa287b0000 - 0x00007ffa288c8000 	C:\WINDOWS\System32\gdi32full.dll
0x00007ffa28080000 - 0x00007ffa2811a000 	C:\WINDOWS\System32\msvcp_win.dll
0x00007ffa245b0000 - 0x00007ffa245ba000 	C:\WINDOWS\SYSTEM32\VERSION.dll
0x00007ffa27120000 - 0x00007ffa273b3000 	C:\WINDOWS\WinSxS\amd64_microsoft.windows.common-controls_6595b64144ccf1df_6.0.22621.3672_none_2713b9d173822955\COMCTL32.dll
0x00007ffa28a20000 - 0x00007ffa28a51000 	C:\WINDOWS\System32\IMM32.DLL
0x00007ffa21a00000 - 0x00007ffa21a0c000 	C:\Program Files\Java\jdk-17\bin\vcruntime140_1.dll
0x00007ff9e8df0000 - 0x00007ff9e8e7e000 	C:\Program Files\Java\jdk-17\bin\msvcp140.dll
0x00007ff9bbe10000 - 0x00007ff9bc9f0000 	C:\Program Files\Java\jdk-17\bin\server\jvm.dll
0x00007ffa28a80000 - 0x00007ffa28a88000 	C:\WINDOWS\System32\PSAPI.DLL
0x00007ffa20f60000 - 0x00007ffa20f69000 	C:\WINDOWS\SYSTEM32\WSOCK32.dll
0x00007ffa2a2a0000 - 0x00007ffa2a311000 	C:\WINDOWS\System32\WS2_32.dll
0x00007ffa20f20000 - 0x00007ffa20f54000 	C:\WINDOWS\SYSTEM32\WINMM.dll
0x00007ffa26130000 - 0x00007ffa26148000 	C:\WINDOWS\SYSTEM32\kernel.appcore.dll
0x00007ffa18e70000 - 0x00007ffa18e7a000 	C:\Program Files\Java\jdk-17\bin\jimage.dll
0x00007ffa27880000 - 0x00007ffa27ab2000 	C:\WINDOWS\SYSTEM32\DBGHELP.DLL
0x00007ffa28d20000 - 0x00007ffa290ae000 	C:\WINDOWS\System32\combase.dll
0x00007ffa2a830000 - 0x00007ffa2a907000 	C:\WINDOWS\System32\OLEAUT32.dll
0x00007ffa27580000 - 0x00007ffa275b2000 	C:\WINDOWS\SYSTEM32\dbgcore.DLL
0x00007ffa28000000 - 0x00007ffa2807b000 	C:\WINDOWS\System32\bcryptPrimitives.dll
0x00007ffa18ca0000 - 0x00007ffa18cc5000 	C:\Program Files\Java\jdk-17\bin\java.dll
0x00007ff9e6240000 - 0x00007ff9e6317000 	C:\Program Files\Java\jdk-17\bin\jsvml.dll
0x00007ffa291d0000 - 0x00007ffa29a39000 	C:\WINDOWS\System32\SHELL32.dll
0x00007ffa25050000 - 0x00007ffa2594f000 	C:\WINDOWS\SYSTEM32\windows.storage.dll
0x00007ffa24da0000 - 0x00007ffa24edf000 	C:\WINDOWS\SYSTEM32\wintypes.dll
0x00007ffa2aaf0000 - 0x00007ffa2abe9000 	C:\WINDOWS\System32\SHCORE.dll
0x00007ffa290b0000 - 0x00007ffa2910e000 	C:\WINDOWS\System32\shlwapi.dll
0x00007ffa27f30000 - 0x00007ffa27f57000 	C:\WINDOWS\SYSTEM32\profapi.dll
0x00007ffa15b10000 - 0x00007ffa15b29000 	C:\Program Files\Java\jdk-17\bin\net.dll
0x00007ffa21ee0000 - 0x00007ffa22016000 	C:\WINDOWS\SYSTEM32\WINHTTP.dll
0x00007ffa26d90000 - 0x00007ffa26df9000 	C:\WINDOWS\system32\mswsock.dll
0x00007ffa10080000 - 0x00007ffa10096000 	C:\Program Files\Java\jdk-17\bin\nio.dll
0x00007ff9fe9a0000 - 0x00007ff9fe9b8000 	C:\Program Files\Java\jdk-17\bin\zip.dll

dbghelp: loaded successfully - version: 4.0.5 - missing functions: none
symbol engine: initialized successfully - sym options: 0x614 - pdb path: .;C:\Program Files\Java\jdk-17\bin;C:\WINDOWS\SYSTEM32;C:\WINDOWS\WinSxS\amd64_microsoft.windows.common-controls_6595b64144ccf1df_6.0.22621.3672_none_2713b9d173822955;C:\Program Files\Java\jdk-17\bin\server

VM Arguments:
jvm_args: -Xmx64m -Xms64m -Dorg.gradle.appname=gradlew 
java_command: org.gradle.wrapper.GradleWrapperMain app:installDebug -PreactNativeDevServerPort=8081
java_class_path (initial): C:\Tugsa\silajang-mobile\android\\gradle\wrapper\gradle-wrapper.jar
Launcher Type: SUN_STANDARD

[Global flags]
     intx CICompilerCount                          = 2                                         {product} {ergonomic}
     uint ConcGCThreads                            = 1                                         {product} {ergonomic}
     uint G1ConcRefinementThreads                  = 2                                         {product} {ergonomic}
   size_t G1HeapRegionSize                         = 1048576                                   {product} {ergonomic}
    uintx GCDrainStackTargetSize                   = 64                                        {product} {ergonomic}
   size_t InitialHeapSize                          = 67108864                                  {product} {command line}
   size_t MarkStackSize                            = 4194304                                   {product} {ergonomic}
   size_t MaxHeapSize                              = 67108864                                  {product} {command line}
   size_t MaxNewSize                               = 39845888                                  {product} {ergonomic}
   size_t MinHeapDeltaBytes                        = 1048576                                   {product} {ergonomic}
   size_t MinHeapSize                              = 67108864                                  {product} {command line}
    uintx NonNMethodCodeHeapSize                   = 5826188                                {pd product} {ergonomic}
    uintx NonProfiledCodeHeapSize                  = 122916026                              {pd product} {ergonomic}
    uintx ProfiledCodeHeapSize                     = 122916026                              {pd product} {ergonomic}
    uintx ReservedCodeCacheSize                    = 251658240                              {pd product} {ergonomic}
     bool SegmentedCodeCache                       = true                                      {product} {ergonomic}
   size_t SoftMaxHeapSize                          = 67108864                               {manageable} {ergonomic}
     bool UseCompressedClassPointers               = true                           {product lp64_product} {ergonomic}
     bool UseCompressedOops                        = true                           {product lp64_product} {ergonomic}
     bool UseG1GC                                  = true                                      {product} {ergonomic}
     bool UseLargePagesIndividualAllocation        = false                                  {pd product} {ergonomic}

Logging:
Log output configuration:
 #0: stdout all=warning uptime,level,tags
 #1: stderr all=off uptime,level,tags

Environment Variables:
JAVA_HOME=C:\Program Files\Java\jdk-17
CLASSPATH=C:\Tugsa\silajang-mobile\android\\gradle\wrapper\gradle-wrapper.jar
PATH=C:\Tugsa\silajang-mobile\node_modules\.bin;C:\Tugsa\node_modules\.bin;C:\node_modules\.bin;C:\Users\maula_qiax6qv\AppData\Roaming\nvm\v18.19.0\node_modules\npm\node_modules\@npmcli\run-script\lib\node-gyp-bin;C:\Program Files\Common Files\Oracle\Java\javapath;C:\WINDOWS\system32;C:\WINDOWS;C:\WINDOWS\System32\Wbem;C:\WINDOWS\System32\WindowsPowerShell\v1.0\;C:\WINDOWS\System32\OpenSSH\;C:\Program Files\Git\cmd;C:\ProgramData\ComposerSetup\bin;C:\Users\maula_qiax6qv\AppData\Roaming\nvm;C:\Program Files\nodejs;C:\ngrok;C:\Program Files\Java\jdk-17\bin;C:\Users\maula_qiax6qv\AppData\Local\Android\Sdk\platform-tools;C:\Users\maula_qiax6qv\AppData\Local\Microsoft\WindowsApps;C:\Users\maula_qiax6qv\AppData\Local\Programs\Microsoft VS Code\bin;C:\flutter\bin;C:\xampp\php;C:\Users\maula_qiax6qv\AppData\Local\ComposerSetup\bin;C:\Users\maula_qiax6qv\AppData\Roaming\Composer\vendor\bin;C:\Users\maula_qiax6qv\AppData\Roaming\nvm;C:\Program Files\nodejs;C:\ProgramData\maula_qiax6qv\GitHubDesktop\bin;C:\Users\maula_qiax6qv\AppData\Local\GitHubDesktop\bin
USERNAME=maula_qiax6qv
LANG=en_US.UTF-8
OS=Windows_NT
PROCESSOR_IDENTIFIER=Intel64 Family 6 Model 122 Stepping 8, GenuineIntel



---------------  S Y S T E M  ---------------

OS:
 Windows 11 , 64 bit Build 22621 (10.0.22621.3958)
OS uptime: 1 days 3:58 hours

CPU: total 2 (initial active 2) (2 cores per cpu, 1 threads per core) family 6 model 122 stepping 8 microcode 0x22, cx8, cmov, fxsr, mmx, 3dnowpref, sse, sse2, sse3, ssse3, sse4.1, sse4.2, popcnt, tsc, tscinvbit, aes, erms, clmul, sha, clflush, clflushopt

Memory: 4k page, system-wide physical 3918M (305M free)
TotalPageFile size 15694M (AvailPageFile size 0M)
current process WorkingSet (physical memory assigned to process): 29M, peak: 29M
current process commit charge ("private bytes"): 125M, peak: 126M

vm_info: Java HotSpot(TM) 64-Bit Server VM (17.0.12+8-LTS-286) for windows-amd64 JRE (17.0.12+8-LTS-286), built on Jun  5 2024 06:46:59 by "mach5one" with MS VC++ 17.6 (VS2022)

END.
