#
# There is insufficient memory for the Java Runtime Environment to continue.
# Native memory allocation (malloc) failed to allocate 1113568 bytes for Chunk::new
# Possible reasons:
#   The system is out of physical RAM or swap space
#   The process is running with CompressedOops enabled, and the Java Heap may be blocking the growth of the native heap
# Possible solutions:
#   Reduce memory load on the system
#   Increase physical memory or swap space
#   Check if swap backing store is full
#   Decrease Java heap size (-Xmx/-Xms)
#   Decrease number of Java threads
#   Decrease Java thread stack sizes (-Xss)
#   Set larger code cache with -XX:ReservedCodeCacheSize=
#   JVM is running with Unscaled Compressed Oops mode in which the Java heap is
#     placed in the first 4GB address space. The Java Heap base address is the
#     maximum limit for the native heap growth. Please use -XX:HeapBaseMinAddress
#     to set the Java Heap base and to place the Java Heap above 4GB virtual address.
# This output file may be truncated or incomplete.
#
#  Out of Memory Error (arena.cpp:189), pid=6456, tid=15088
#
# JRE version: Java(TM) SE Runtime Environment (17.0.12+8) (build 17.0.12+8-LTS-286)
# Java VM: Java HotSpot(TM) 64-Bit Server VM (17.0.12+8-LTS-286, mixed mode, sharing, tiered, compressed oops, compressed class ptrs, g1 gc, windows-amd64)
# No core dump will be written. Minidumps are not enabled by default on client versions of Windows
#

---------------  S U M M A R Y ------------

Command Line: org.jetbrains.kotlin.cli.jvm.K2JVMCompiler @C:\Tugsa\silajang-mb\silajang-mobile\node_modules\react-native-screens\android\build\20241230_12592118634982967031.compiler.options

Host: Intel(R) Celeron(R) N4020 CPU @ 1.10GHz, 2 cores, 3G,  Windows 11 , 64 bit Build 22621 (10.0.22621.4391)
Time: Mon Dec 30 10:11:54 2024 SE Asia Standard Time elapsed time: 171.754630 seconds (0d 0h 2m 51s)

---------------  T H R E A D  ---------------

Current thread (0x000001d0a83aff80):  JavaThread "C2 CompilerThread0" daemon [_thread_in_native, id=15088, stack(0x000000695e800000,0x000000695e900000)]


Current CompileTask:
C2: 171755 19446       4       org.jetbrains.kotlin.backend.jvm.mapping.MethodSignatureMapper::mapFunctionName (342 bytes)

Stack: [0x000000695e800000,0x000000695e900000]
Native frames: (J=compiled Java code, j=interpreted, Vv=VM code, C=native code)
V  [jvm.dll+0x67a04a]
V  [jvm.dll+0x7da4ed]
V  [jvm.dll+0x7dbe33]
V  [jvm.dll+0x7dc4a3]
V  [jvm.dll+0x24508f]
V  [jvm.dll+0xab773]
V  [jvm.dll+0xabd3c]
V  [jvm.dll+0x361bee]
V  [jvm.dll+0x32c431]
V  [jvm.dll+0x32b8ca]
V  [jvm.dll+0x21683f]
V  [jvm.dll+0x215c6f]
V  [jvm.dll+0x1a2960]
V  [jvm.dll+0x22610b]
V  [jvm.dll+0x2242ab]
V  [jvm.dll+0x79075c]
V  [jvm.dll+0x78abea]
V  [jvm.dll+0x678f35]
C  [ucrtbase.dll+0x29333]
C  [KERNEL32.DLL+0x1259d]
C  [ntdll.dll+0x5af38]


---------------  P R O C E S S  ---------------

Threads class SMR info:
_java_thread_list=0x000001d0a85be040, length=12, elements={
0x000001d08d724e90, 0x000001d08d7d5270, 0x000001d08d7d60f0, 0x000001d08d7ec500,
0x000001d0a83adf50, 0x000001d0a83ae820, 0x000001d0a83af1e0, 0x000001d0a83aff80,
0x000001d0a8420890, 0x000001d0a8424570, 0x000001d0a85ebb80, 0x000001d0a85f04c0
}

Java Threads: ( => current thread )
  0x000001d08d724e90 JavaThread "main" [_thread_in_vm, id=3152, stack(0x000000695db00000,0x000000695dc00000)]
  0x000001d08d7d5270 JavaThread "Reference Handler" daemon [_thread_blocked, id=16132, stack(0x000000695e200000,0x000000695e300000)]
  0x000001d08d7d60f0 JavaThread "Finalizer" daemon [_thread_blocked, id=18260, stack(0x000000695e300000,0x000000695e400000)]
  0x000001d08d7ec500 JavaThread "Signal Dispatcher" daemon [_thread_blocked, id=14688, stack(0x000000695e400000,0x000000695e500000)]
  0x000001d0a83adf50 JavaThread "Attach Listener" daemon [_thread_blocked, id=16360, stack(0x000000695e500000,0x000000695e600000)]
  0x000001d0a83ae820 JavaThread "Service Thread" daemon [_thread_blocked, id=10580, stack(0x000000695e600000,0x000000695e700000)]
  0x000001d0a83af1e0 JavaThread "Monitor Deflation Thread" daemon [_thread_blocked, id=9660, stack(0x000000695e700000,0x000000695e800000)]
=>0x000001d0a83aff80 JavaThread "C2 CompilerThread0" daemon [_thread_in_native, id=15088, stack(0x000000695e800000,0x000000695e900000)]
  0x000001d0a8420890 JavaThread "C1 CompilerThread0" daemon [_thread_blocked, id=3952, stack(0x000000695e900000,0x000000695ea00000)]
  0x000001d0a8424570 JavaThread "Sweeper thread" daemon [_thread_blocked, id=11420, stack(0x000000695ea00000,0x000000695eb00000)]
  0x000001d0a85ebb80 JavaThread "Notification Thread" daemon [_thread_blocked, id=14496, stack(0x000000695eb00000,0x000000695ec00000)]
  0x000001d0a85f04c0 JavaThread "Common-Cleaner" daemon [_thread_blocked, id=7964, stack(0x000000695ed00000,0x000000695ee00000)]

Other Threads:
  0x000001d08d7d0ed0 VMThread "VM Thread" [stack: 0x000000695e100000,0x000000695e200000] [id=15824]
  0x000001d0a85f0080 WatcherThread [stack: 0x000000695ec00000,0x000000695ed00000] [id=7372]
  0x000001d08d761d40 GCTaskThread "GC Thread#0" [stack: 0x000000695dc00000,0x000000695dd00000] [id=7004]
  0x000001d0a8759420 GCTaskThread "GC Thread#1" [stack: 0x000000695ee00000,0x000000695ef00000] [id=11776]
  0x000001d08d76a710 ConcurrentGCThread "G1 Main Marker" [stack: 0x000000695dd00000,0x000000695de00000] [id=12812]
  0x000001d08d76b130 ConcurrentGCThread "G1 Conc#0" [stack: 0x000000695de00000,0x000000695df00000] [id=9856]
  0x000001d08d79dcf0 ConcurrentGCThread "G1 Refine#0" [stack: 0x000000695df00000,0x000000695e000000] [id=1788]
  0x000001d08d79f730 ConcurrentGCThread "G1 Service" [stack: 0x000000695e000000,0x000000695e100000] [id=17344]

Threads with active compile tasks:
C2 CompilerThread0   171780 19446       4       org.jetbrains.kotlin.backend.jvm.mapping.MethodSignatureMapper::mapFunctionName (342 bytes)

VM state: not at safepoint (normal execution)

VM Mutex/Monitor currently owned by a thread: None

Heap address: 0x00000000c2c00000, size: 980 MB, Compressed Oops mode: 32-bit

CDS archive(s) mapped at: [0x000001d0a9000000-0x000001d0a9bd0000-0x000001d0a9bd0000), size 12386304, SharedBaseAddress: 0x000001d0a9000000, ArchiveRelocationMode: 1.
Compressed class space mapped at: 0x000001d0aa000000-0x000001d0ea000000, reserved size: 1073741824
Narrow klass base: 0x000001d0a9000000, Narrow klass shift: 0, Narrow klass range: 0x100000000

GC Precious Log:
 CPUs: 2 total, 2 available
 Memory: 3918M
 Large Page Support: Disabled
 NUMA Support: Disabled
 Compressed Oops: Enabled (32-bit)
 Heap Region Size: 1M
 Heap Min Capacity: 8M
 Heap Initial Capacity: 62M
 Heap Max Capacity: 980M
 Pre-touch: Disabled
 Parallel Workers: 2
 Concurrent Workers: 1
 Concurrent Refinement Workers: 2
 Periodic GC: Disabled

Heap:
 garbage-first heap   total 193536K, used 150961K [0x00000000c2c00000, 0x0000000100000000)
  region size 1024K, 37 young (37888K), 3 survivors (3072K)
 Metaspace       used 78042K, committed 78336K, reserved 1179648K
  class space    used 8154K, committed 8320K, reserved 1048576K

Heap Regions: E=young(eden), S=young(survivor), O=old, HS=humongous(starts), HC=humongous(continues), CS=collection set, F=free, OA=open archive, CA=closed archive, TAMS=top-at-mark-start (previous, next)
|   0|0x00000000c2c00000, 0x00000000c2d00000, 0x00000000c2d00000|100%|HS|  |TAMS 0x00000000c2d00000, 0x00000000c2c00000| Complete 
|   1|0x00000000c2d00000, 0x00000000c2e00000, 0x00000000c2e00000|100%|HC|  |TAMS 0x00000000c2e00000, 0x00000000c2d00000| Complete 
|   2|0x00000000c2e00000, 0x00000000c2f00000, 0x00000000c2f00000|100%|HC|  |TAMS 0x00000000c2f00000, 0x00000000c2e00000| Complete 
|   3|0x00000000c2f00000, 0x00000000c3000000, 0x00000000c3000000|100%|HC|  |TAMS 0x00000000c3000000, 0x00000000c2f00000| Complete 
|   4|0x00000000c3000000, 0x00000000c3100000, 0x00000000c3100000|100%| O|  |TAMS 0x00000000c3100000, 0x00000000c3000000| Untracked 
|   5|0x00000000c3100000, 0x00000000c3200000, 0x00000000c3200000|100%| O|  |TAMS 0x00000000c3200000, 0x00000000c3100000| Untracked 
|   6|0x00000000c3200000, 0x00000000c3300000, 0x00000000c3300000|100%| O|  |TAMS 0x00000000c3300000, 0x00000000c3200000| Untracked 
|   7|0x00000000c3300000, 0x00000000c3400000, 0x00000000c3400000|100%| O|  |TAMS 0x00000000c3400000, 0x00000000c3300000| Untracked 
|   8|0x00000000c3400000, 0x00000000c3500000, 0x00000000c3500000|100%| O|  |TAMS 0x00000000c3500000, 0x00000000c3400000| Untracked 
|   9|0x00000000c3500000, 0x00000000c3600000, 0x00000000c3600000|100%| O|  |TAMS 0x00000000c3600000, 0x00000000c3500000| Untracked 
|  10|0x00000000c3600000, 0x00000000c3700000, 0x00000000c3700000|100%| O|  |TAMS 0x00000000c3700000, 0x00000000c3600000| Untracked 
|  11|0x00000000c3700000, 0x00000000c3800000, 0x00000000c3800000|100%| O|  |TAMS 0x00000000c3800000, 0x00000000c3700000| Untracked 
|  12|0x00000000c3800000, 0x00000000c3900000, 0x00000000c3900000|100%| O|  |TAMS 0x00000000c3900000, 0x00000000c3800000| Untracked 
|  13|0x00000000c3900000, 0x00000000c3a00000, 0x00000000c3a00000|100%| O|  |TAMS 0x00000000c3a00000, 0x00000000c3900000| Untracked 
|  14|0x00000000c3a00000, 0x00000000c3b00000, 0x00000000c3b00000|100%| O|  |TAMS 0x00000000c3b00000, 0x00000000c3a00000| Untracked 
|  15|0x00000000c3b00000, 0x00000000c3c00000, 0x00000000c3c00000|100%| O|  |TAMS 0x00000000c3c00000, 0x00000000c3b00000| Untracked 
|  16|0x00000000c3c00000, 0x00000000c3d00000, 0x00000000c3d00000|100%| O|  |TAMS 0x00000000c3d00000, 0x00000000c3c00000| Untracked 
|  17|0x00000000c3d00000, 0x00000000c3e00000, 0x00000000c3e00000|100%| O|  |TAMS 0x00000000c3e00000, 0x00000000c3d00000| Untracked 
|  18|0x00000000c3e00000, 0x00000000c3f00000, 0x00000000c3f00000|100%|HS|  |TAMS 0x00000000c3f00000, 0x00000000c3e00000| Complete 
|  19|0x00000000c3f00000, 0x00000000c4000000, 0x00000000c4000000|100%|HC|  |TAMS 0x00000000c4000000, 0x00000000c3f00000| Complete 
|  20|0x00000000c4000000, 0x00000000c4100000, 0x00000000c4100000|100%| O|  |TAMS 0x00000000c4100000, 0x00000000c4000000| Untracked 
|  21|0x00000000c4100000, 0x00000000c4200000, 0x00000000c4200000|100%| O|  |TAMS 0x00000000c4200000, 0x00000000c4100000| Untracked 
|  22|0x00000000c4200000, 0x00000000c4300000, 0x00000000c4300000|100%| O|  |TAMS 0x00000000c4300000, 0x00000000c4200000| Untracked 
|  23|0x00000000c4300000, 0x00000000c4400000, 0x00000000c4400000|100%| O|  |TAMS 0x00000000c4400000, 0x00000000c4300000| Untracked 
|  24|0x00000000c4400000, 0x00000000c4500000, 0x00000000c4500000|100%| O|  |TAMS 0x00000000c4500000, 0x00000000c4400000| Untracked 
|  25|0x00000000c4500000, 0x00000000c4600000, 0x00000000c4600000|100%| O|  |TAMS 0x00000000c4600000, 0x00000000c4500000| Untracked 
|  26|0x00000000c4600000, 0x00000000c4700000, 0x00000000c4700000|100%| O|  |TAMS 0x00000000c4700000, 0x00000000c4600000| Untracked 
|  27|0x00000000c4700000, 0x00000000c4800000, 0x00000000c4800000|100%| O|  |TAMS 0x00000000c4800000, 0x00000000c4700000| Untracked 
|  28|0x00000000c4800000, 0x00000000c4900000, 0x00000000c4900000|100%| O|  |TAMS 0x00000000c4900000, 0x00000000c4800000| Untracked 
|  29|0x00000000c4900000, 0x00000000c4a00000, 0x00000000c4a00000|100%| O|  |TAMS 0x00000000c4a00000, 0x00000000c4900000| Untracked 
|  30|0x00000000c4a00000, 0x00000000c4b00000, 0x00000000c4b00000|100%| O|  |TAMS 0x00000000c4b00000, 0x00000000c4a00000| Untracked 
|  31|0x00000000c4b00000, 0x00000000c4c00000, 0x00000000c4c00000|100%| O|  |TAMS 0x00000000c4c00000, 0x00000000c4b00000| Untracked 
|  32|0x00000000c4c00000, 0x00000000c4d00000, 0x00000000c4d00000|100%| O|  |TAMS 0x00000000c4d00000, 0x00000000c4c00000| Untracked 
|  33|0x00000000c4d00000, 0x00000000c4e00000, 0x00000000c4e00000|100%| O|  |TAMS 0x00000000c4e00000, 0x00000000c4d00000| Untracked 
|  34|0x00000000c4e00000, 0x00000000c4f00000, 0x00000000c4f00000|100%| O|  |TAMS 0x00000000c4f00000, 0x00000000c4e00000| Untracked 
|  35|0x00000000c4f00000, 0x00000000c5000000, 0x00000000c5000000|100%| O|  |TAMS 0x00000000c5000000, 0x00000000c4f00000| Untracked 
|  36|0x00000000c5000000, 0x00000000c5100000, 0x00000000c5100000|100%| O|  |TAMS 0x00000000c5100000, 0x00000000c5000000| Untracked 
|  37|0x00000000c5100000, 0x00000000c5200000, 0x00000000c5200000|100%| O|  |TAMS 0x00000000c5200000, 0x00000000c5100000| Untracked 
|  38|0x00000000c5200000, 0x00000000c5300000, 0x00000000c5300000|100%| O|  |TAMS 0x00000000c5300000, 0x00000000c5200000| Untracked 
|  39|0x00000000c5300000, 0x00000000c5400000, 0x00000000c5400000|100%| O|  |TAMS 0x00000000c5400000, 0x00000000c5300000| Untracked 
|  40|0x00000000c5400000, 0x00000000c5500000, 0x00000000c5500000|100%| O|  |TAMS 0x00000000c5500000, 0x00000000c5400000| Untracked 
|  41|0x00000000c5500000, 0x00000000c5600000, 0x00000000c5600000|100%| O|  |TAMS 0x00000000c5600000, 0x00000000c5500000| Untracked 
|  42|0x00000000c5600000, 0x00000000c5700000, 0x00000000c5700000|100%| O|  |TAMS 0x00000000c5700000, 0x00000000c5600000| Untracked 
|  43|0x00000000c5700000, 0x00000000c5800000, 0x00000000c5800000|100%| O|  |TAMS 0x00000000c5800000, 0x00000000c5700000| Untracked 
|  44|0x00000000c5800000, 0x00000000c5900000, 0x00000000c5900000|100%| O|  |TAMS 0x00000000c5900000, 0x00000000c5800000| Untracked 
|  45|0x00000000c5900000, 0x00000000c5a00000, 0x00000000c5a00000|100%| O|  |TAMS 0x00000000c5a00000, 0x00000000c5900000| Untracked 
|  46|0x00000000c5a00000, 0x00000000c5b00000, 0x00000000c5b00000|100%| O|  |TAMS 0x00000000c5b00000, 0x00000000c5a00000| Untracked 
|  47|0x00000000c5b00000, 0x00000000c5c00000, 0x00000000c5c00000|100%| O|  |TAMS 0x00000000c5c00000, 0x00000000c5b00000| Untracked 
|  48|0x00000000c5c00000, 0x00000000c5d00000, 0x00000000c5d00000|100%| O|  |TAMS 0x00000000c5d00000, 0x00000000c5c00000| Untracked 
|  49|0x00000000c5d00000, 0x00000000c5e00000, 0x00000000c5e00000|100%| O|  |TAMS 0x00000000c5e00000, 0x00000000c5d00000| Untracked 
|  50|0x00000000c5e00000, 0x00000000c5f00000, 0x00000000c5f00000|100%| O|  |TAMS 0x00000000c5f00000, 0x00000000c5e00000| Untracked 
|  51|0x00000000c5f00000, 0x00000000c6000000, 0x00000000c6000000|100%| O|  |TAMS 0x00000000c6000000, 0x00000000c5f00000| Untracked 
|  52|0x00000000c6000000, 0x00000000c6100000, 0x00000000c6100000|100%| O|  |TAMS 0x00000000c6100000, 0x00000000c6000000| Untracked 
|  53|0x00000000c6100000, 0x00000000c6200000, 0x00000000c6200000|100%| O|  |TAMS 0x00000000c6200000, 0x00000000c6100000| Untracked 
|  54|0x00000000c6200000, 0x00000000c6300000, 0x00000000c6300000|100%| O|  |TAMS 0x00000000c6300000, 0x00000000c6200000| Untracked 
|  55|0x00000000c6300000, 0x00000000c6400000, 0x00000000c6400000|100%| O|  |TAMS 0x00000000c6400000, 0x00000000c6300000| Untracked 
|  56|0x00000000c6400000, 0x00000000c6500000, 0x00000000c6500000|100%| O|  |TAMS 0x00000000c6500000, 0x00000000c6400000| Untracked 
|  57|0x00000000c6500000, 0x00000000c6600000, 0x00000000c6600000|100%| O|  |TAMS 0x00000000c6600000, 0x00000000c6500000| Untracked 
|  58|0x00000000c6600000, 0x00000000c6700000, 0x00000000c6700000|100%| O|  |TAMS 0x00000000c6700000, 0x00000000c6600000| Untracked 
|  59|0x00000000c6700000, 0x00000000c6800000, 0x00000000c6800000|100%| O|  |TAMS 0x00000000c6800000, 0x00000000c6700000| Untracked 
|  60|0x00000000c6800000, 0x00000000c6900000, 0x00000000c6900000|100%| O|  |TAMS 0x00000000c6900000, 0x00000000c6800000| Untracked 
|  61|0x00000000c6900000, 0x00000000c6a00000, 0x00000000c6a00000|100%| O|  |TAMS 0x00000000c6a00000, 0x00000000c6900000| Untracked 
|  62|0x00000000c6a00000, 0x00000000c6b00000, 0x00000000c6b00000|100%| O|  |TAMS 0x00000000c6b00000, 0x00000000c6a00000| Untracked 
|  63|0x00000000c6b00000, 0x00000000c6c00000, 0x00000000c6c00000|100%| O|  |TAMS 0x00000000c6c00000, 0x00000000c6b00000| Untracked 
|  64|0x00000000c6c00000, 0x00000000c6d00000, 0x00000000c6d00000|100%| O|  |TAMS 0x00000000c6d00000, 0x00000000c6c00000| Untracked 
|  65|0x00000000c6d00000, 0x00000000c6e00000, 0x00000000c6e00000|100%| O|  |TAMS 0x00000000c6e00000, 0x00000000c6d00000| Untracked 
|  66|0x00000000c6e00000, 0x00000000c6f00000, 0x00000000c6f00000|100%| O|  |TAMS 0x00000000c6e00000, 0x00000000c6e00000| Untracked 
|  67|0x00000000c6f00000, 0x00000000c7000000, 0x00000000c7000000|100%| O|  |TAMS 0x00000000c6f00000, 0x00000000c6f00000| Untracked 
|  68|0x00000000c7000000, 0x00000000c7100000, 0x00000000c7100000|100%| O|  |TAMS 0x00000000c7100000, 0x00000000c7000000| Untracked 
|  69|0x00000000c7100000, 0x00000000c7200000, 0x00000000c7200000|100%| O|  |TAMS 0x00000000c7200000, 0x00000000c7100000| Untracked 
|  70|0x00000000c7200000, 0x00000000c7300000, 0x00000000c7300000|100%| O|  |TAMS 0x00000000c7300000, 0x00000000c7200000| Untracked 
|  71|0x00000000c7300000, 0x00000000c7400000, 0x00000000c7400000|100%| O|  |TAMS 0x00000000c7400000, 0x00000000c7300000| Untracked 
|  72|0x00000000c7400000, 0x00000000c7500000, 0x00000000c7500000|100%| O|  |TAMS 0x00000000c7500000, 0x00000000c7400000| Untracked 
|  73|0x00000000c7500000, 0x00000000c7600000, 0x00000000c7600000|100%| O|  |TAMS 0x00000000c7600000, 0x00000000c7500000| Untracked 
|  74|0x00000000c7600000, 0x00000000c7700000, 0x00000000c7700000|100%| O|  |TAMS 0x00000000c7700000, 0x00000000c7600000| Untracked 
|  75|0x00000000c7700000, 0x00000000c7800000, 0x00000000c7800000|100%| O|  |TAMS 0x00000000c7800000, 0x00000000c7700000| Untracked 
|  76|0x00000000c7800000, 0x00000000c7900000, 0x00000000c7900000|100%| O|  |TAMS 0x00000000c7800000, 0x00000000c7800000| Untracked 
|  77|0x00000000c7900000, 0x00000000c7a00000, 0x00000000c7a00000|100%| O|  |TAMS 0x00000000c7a00000, 0x00000000c7900000| Untracked 
|  78|0x00000000c7a00000, 0x00000000c7b00000, 0x00000000c7b00000|100%| O|  |TAMS 0x00000000c7b00000, 0x00000000c7a00000| Untracked 
|  79|0x00000000c7b00000, 0x00000000c7c00000, 0x00000000c7c00000|100%| O|  |TAMS 0x00000000c7c00000, 0x00000000c7b00000| Untracked 
|  80|0x00000000c7c00000, 0x00000000c7d00000, 0x00000000c7d00000|100%| O|  |TAMS 0x00000000c7c00000, 0x00000000c7c00000| Untracked 
|  81|0x00000000c7d00000, 0x00000000c7e00000, 0x00000000c7e00000|100%| O|  |TAMS 0x00000000c7d00000, 0x00000000c7d00000| Untracked 
|  82|0x00000000c7e00000, 0x00000000c7f00000, 0x00000000c7f00000|100%| O|  |TAMS 0x00000000c7f00000, 0x00000000c7e00000| Untracked 
|  83|0x00000000c7f00000, 0x00000000c8000000, 0x00000000c8000000|100%| O|  |TAMS 0x00000000c7f00000, 0x00000000c7f00000| Untracked 
|  84|0x00000000c8000000, 0x00000000c8100000, 0x00000000c8100000|100%| O|  |TAMS 0x00000000c8100000, 0x00000000c8000000| Untracked 
|  85|0x00000000c8100000, 0x00000000c8200000, 0x00000000c8200000|100%| O|  |TAMS 0x00000000c8200000, 0x00000000c8100000| Untracked 
|  86|0x00000000c8200000, 0x00000000c8300000, 0x00000000c8300000|100%| O|  |TAMS 0x00000000c8200000, 0x00000000c8200000| Untracked 
|  87|0x00000000c8300000, 0x00000000c8400000, 0x00000000c8400000|100%| O|  |TAMS 0x00000000c8300000, 0x00000000c8300000| Untracked 
|  88|0x00000000c8400000, 0x00000000c8500000, 0x00000000c8500000|100%| O|  |TAMS 0x00000000c8400000, 0x00000000c8400000| Untracked 
|  89|0x00000000c8500000, 0x00000000c8600000, 0x00000000c8600000|100%| O|  |TAMS 0x00000000c8600000, 0x00000000c8500000| Untracked 
|  90|0x00000000c8600000, 0x00000000c8700000, 0x00000000c8700000|100%| O|  |TAMS 0x00000000c8700000, 0x00000000c8600000| Untracked 
|  91|0x00000000c8700000, 0x00000000c8800000, 0x00000000c8800000|100%| O|  |TAMS 0x00000000c8800000, 0x00000000c8700000| Untracked 
|  92|0x00000000c8800000, 0x00000000c8900000, 0x00000000c8900000|100%| O|  |TAMS 0x00000000c8900000, 0x00000000c8800000| Untracked 
|  93|0x00000000c8900000, 0x00000000c8a00000, 0x00000000c8a00000|100%| O|  |TAMS 0x00000000c8a00000, 0x00000000c8900000| Untracked 
|  94|0x00000000c8a00000, 0x00000000c8b00000, 0x00000000c8b00000|100%| O|  |TAMS 0x00000000c8b00000, 0x00000000c8a00000| Untracked 
|  95|0x00000000c8b00000, 0x00000000c8c00000, 0x00000000c8c00000|100%| O|  |TAMS 0x00000000c8c00000, 0x00000000c8b00000| Untracked 
|  96|0x00000000c8c00000, 0x00000000c8d00000, 0x00000000c8d00000|100%| O|  |TAMS 0x00000000c8d00000, 0x00000000c8c00000| Untracked 
|  97|0x00000000c8d00000, 0x00000000c8e00000, 0x00000000c8e00000|100%| O|  |TAMS 0x00000000c8e00000, 0x00000000c8d00000| Untracked 
|  98|0x00000000c8e00000, 0x00000000c8f00000, 0x00000000c8f00000|100%| O|  |TAMS 0x00000000c8f00000, 0x00000000c8e00000| Untracked 
|  99|0x00000000c8f00000, 0x00000000c9000000, 0x00000000c9000000|100%| O|  |TAMS 0x00000000c9000000, 0x00000000c8f00000| Untracked 
| 100|0x00000000c9000000, 0x00000000c9100000, 0x00000000c9100000|100%| O|  |TAMS 0x00000000c9100000, 0x00000000c9000000| Untracked 
| 101|0x00000000c9100000, 0x00000000c9200000, 0x00000000c9200000|100%| O|  |TAMS 0x00000000c9200000, 0x00000000c9100000| Untracked 
| 102|0x00000000c9200000, 0x00000000c9300000, 0x00000000c9300000|100%| O|  |TAMS 0x00000000c9300000, 0x00000000c9200000| Untracked 
| 103|0x00000000c9300000, 0x00000000c9400000, 0x00000000c9400000|100%| O|  |TAMS 0x00000000c9400000, 0x00000000c9300000| Untracked 
| 104|0x00000000c9400000, 0x00000000c9500000, 0x00000000c9500000|100%| O|  |TAMS 0x00000000c9500000, 0x00000000c9400000| Untracked 
| 105|0x00000000c9500000, 0x00000000c9600000, 0x00000000c9600000|100%| O|  |TAMS 0x00000000c9600000, 0x00000000c9500000| Untracked 
| 106|0x00000000c9600000, 0x00000000c9700000, 0x00000000c9700000|100%| O|  |TAMS 0x00000000c962a800, 0x00000000c9600000| Untracked 
| 107|0x00000000c9700000, 0x00000000c9800000, 0x00000000c9800000|100%| O|  |TAMS 0x00000000c9700000, 0x00000000c9700000| Untracked 
| 108|0x00000000c9800000, 0x00000000c9900000, 0x00000000c9900000|100%| O|  |TAMS 0x00000000c9800000, 0x00000000c9800000| Untracked 
| 109|0x00000000c9900000, 0x00000000c9a00000, 0x00000000c9a00000|100%| O|  |TAMS 0x00000000c9900000, 0x00000000c9900000| Untracked 
| 110|0x00000000c9a00000, 0x00000000c9b00000, 0x00000000c9b00000|100%| O|  |TAMS 0x00000000c9a00000, 0x00000000c9a00000| Untracked 
| 111|0x00000000c9b00000, 0x00000000c9bb9c00, 0x00000000c9c00000| 72%| O|  |TAMS 0x00000000c9b00000, 0x00000000c9b00000| Untracked 
| 112|0x00000000c9c00000, 0x00000000c9c00000, 0x00000000c9d00000|  0%| F|  |TAMS 0x00000000c9c00000, 0x00000000c9c00000| Untracked 
| 113|0x00000000c9d00000, 0x00000000c9d00000, 0x00000000c9e00000|  0%| F|  |TAMS 0x00000000c9d00000, 0x00000000c9d00000| Untracked 
| 114|0x00000000c9e00000, 0x00000000c9e00000, 0x00000000c9f00000|  0%| F|  |TAMS 0x00000000c9e00000, 0x00000000c9e00000| Untracked 
| 115|0x00000000c9f00000, 0x00000000c9f00000, 0x00000000ca000000|  0%| F|  |TAMS 0x00000000c9f00000, 0x00000000c9f00000| Untracked 
| 116|0x00000000ca000000, 0x00000000ca000000, 0x00000000ca100000|  0%| F|  |TAMS 0x00000000ca000000, 0x00000000ca000000| Untracked 
| 117|0x00000000ca100000, 0x00000000ca100000, 0x00000000ca200000|  0%| F|  |TAMS 0x00000000ca100000, 0x00000000ca100000| Untracked 
| 118|0x00000000ca200000, 0x00000000ca200000, 0x00000000ca300000|  0%| F|  |TAMS 0x00000000ca200000, 0x00000000ca200000| Untracked 
| 119|0x00000000ca300000, 0x00000000ca300000, 0x00000000ca400000|  0%| F|  |TAMS 0x00000000ca300000, 0x00000000ca300000| Untracked 
| 120|0x00000000ca400000, 0x00000000ca400000, 0x00000000ca500000|  0%| F|  |TAMS 0x00000000ca400000, 0x00000000ca400000| Untracked 
| 121|0x00000000ca500000, 0x00000000ca500000, 0x00000000ca600000|  0%| F|  |TAMS 0x00000000ca500000, 0x00000000ca500000| Untracked 
| 122|0x00000000ca600000, 0x00000000ca600000, 0x00000000ca700000|  0%| F|  |TAMS 0x00000000ca600000, 0x00000000ca600000| Untracked 
| 123|0x00000000ca700000, 0x00000000ca700000, 0x00000000ca800000|  0%| F|  |TAMS 0x00000000ca700000, 0x00000000ca700000| Untracked 
| 124|0x00000000ca800000, 0x00000000ca800000, 0x00000000ca900000|  0%| F|  |TAMS 0x00000000ca800000, 0x00000000ca800000| Untracked 
| 125|0x00000000ca900000, 0x00000000ca900000, 0x00000000caa00000|  0%| F|  |TAMS 0x00000000ca900000, 0x00000000ca900000| Untracked 
| 126|0x00000000caa00000, 0x00000000caa00000, 0x00000000cab00000|  0%| F|  |TAMS 0x00000000caa00000, 0x00000000caa00000| Untracked 
| 127|0x00000000cab00000, 0x00000000cab00000, 0x00000000cac00000|  0%| F|  |TAMS 0x00000000cab00000, 0x00000000cab00000| Untracked 
| 128|0x00000000cac00000, 0x00000000cac00000, 0x00000000cad00000|  0%| F|  |TAMS 0x00000000cac00000, 0x00000000cac00000| Untracked 
| 129|0x00000000cad00000, 0x00000000cad00000, 0x00000000cae00000|  0%| F|  |TAMS 0x00000000cad00000, 0x00000000cad00000| Untracked 
| 130|0x00000000cae00000, 0x00000000cae00000, 0x00000000caf00000|  0%| F|  |TAMS 0x00000000cae00000, 0x00000000cae00000| Untracked 
| 131|0x00000000caf00000, 0x00000000caf00000, 0x00000000cb000000|  0%| F|  |TAMS 0x00000000caf00000, 0x00000000caf00000| Untracked 
| 132|0x00000000cb000000, 0x00000000cb000000, 0x00000000cb100000|  0%| F|  |TAMS 0x00000000cb000000, 0x00000000cb000000| Untracked 
| 133|0x00000000cb100000, 0x00000000cb100000, 0x00000000cb200000|  0%| F|  |TAMS 0x00000000cb100000, 0x00000000cb100000| Untracked 
| 134|0x00000000cb200000, 0x00000000cb200000, 0x00000000cb300000|  0%| F|  |TAMS 0x00000000cb200000, 0x00000000cb200000| Untracked 
| 135|0x00000000cb300000, 0x00000000cb300000, 0x00000000cb400000|  0%| F|  |TAMS 0x00000000cb300000, 0x00000000cb300000| Untracked 
| 136|0x00000000cb400000, 0x00000000cb400000, 0x00000000cb500000|  0%| F|  |TAMS 0x00000000cb400000, 0x00000000cb400000| Untracked 
| 137|0x00000000cb500000, 0x00000000cb500000, 0x00000000cb600000|  0%| F|  |TAMS 0x00000000cb500000, 0x00000000cb500000| Untracked 
| 138|0x00000000cb600000, 0x00000000cb600000, 0x00000000cb700000|  0%| F|  |TAMS 0x00000000cb600000, 0x00000000cb600000| Untracked 
| 139|0x00000000cb700000, 0x00000000cb700000, 0x00000000cb800000|  0%| F|  |TAMS 0x00000000cb700000, 0x00000000cb700000| Untracked 
| 140|0x00000000cb800000, 0x00000000cb8b2940, 0x00000000cb900000| 69%| S|CS|TAMS 0x00000000cb800000, 0x00000000cb800000| Complete 
| 141|0x00000000cb900000, 0x00000000cba00000, 0x00000000cba00000|100%| S|CS|TAMS 0x00000000cb900000, 0x00000000cb900000| Complete 
| 142|0x00000000cba00000, 0x00000000cbb00000, 0x00000000cbb00000|100%| S|CS|TAMS 0x00000000cba00000, 0x00000000cba00000| Complete 
| 143|0x00000000cbb00000, 0x00000000cbb00000, 0x00000000cbc00000|  0%| F|  |TAMS 0x00000000cbb00000, 0x00000000cbb00000| Untracked 
| 144|0x00000000cbc00000, 0x00000000cbc00000, 0x00000000cbd00000|  0%| F|  |TAMS 0x00000000cbc00000, 0x00000000cbc00000| Untracked 
| 145|0x00000000cbd00000, 0x00000000cbd00000, 0x00000000cbe00000|  0%| F|  |TAMS 0x00000000cbd00000, 0x00000000cbd00000| Untracked 
| 146|0x00000000cbe00000, 0x00000000cbe00000, 0x00000000cbf00000|  0%| F|  |TAMS 0x00000000cbe00000, 0x00000000cbe00000| Untracked 
| 147|0x00000000cbf00000, 0x00000000cbf00000, 0x00000000cc000000|  0%| F|  |TAMS 0x00000000cbf00000, 0x00000000cbf00000| Untracked 
| 148|0x00000000cc000000, 0x00000000cc000000, 0x00000000cc100000|  0%| F|  |TAMS 0x00000000cc000000, 0x00000000cc000000| Untracked 
| 149|0x00000000cc100000, 0x00000000cc100000, 0x00000000cc200000|  0%| F|  |TAMS 0x00000000cc100000, 0x00000000cc100000| Untracked 
| 150|0x00000000cc200000, 0x00000000cc200000, 0x00000000cc300000|  0%| F|  |TAMS 0x00000000cc200000, 0x00000000cc200000| Untracked 
| 151|0x00000000cc300000, 0x00000000cc300000, 0x00000000cc400000|  0%| F|  |TAMS 0x00000000cc300000, 0x00000000cc300000| Untracked 
| 152|0x00000000cc400000, 0x00000000cc400000, 0x00000000cc500000|  0%| F|  |TAMS 0x00000000cc400000, 0x00000000cc400000| Untracked 
| 153|0x00000000cc500000, 0x00000000cc500000, 0x00000000cc600000|  0%| F|  |TAMS 0x00000000cc500000, 0x00000000cc500000| Untracked 
| 154|0x00000000cc600000, 0x00000000cc600000, 0x00000000cc700000|  0%| F|  |TAMS 0x00000000cc600000, 0x00000000cc600000| Untracked 
| 155|0x00000000cc700000, 0x00000000cc780800, 0x00000000cc800000| 50%| E|  |TAMS 0x00000000cc700000, 0x00000000cc700000| Complete 
| 156|0x00000000cc800000, 0x00000000cc900000, 0x00000000cc900000|100%| E|CS|TAMS 0x00000000cc800000, 0x00000000cc800000| Complete 
| 157|0x00000000cc900000, 0x00000000cca00000, 0x00000000cca00000|100%| E|CS|TAMS 0x00000000cc900000, 0x00000000cc900000| Complete 
| 158|0x00000000cca00000, 0x00000000ccb00000, 0x00000000ccb00000|100%| E|CS|TAMS 0x00000000cca00000, 0x00000000cca00000| Complete 
| 159|0x00000000ccb00000, 0x00000000ccc00000, 0x00000000ccc00000|100%| E|CS|TAMS 0x00000000ccb00000, 0x00000000ccb00000| Complete 
| 160|0x00000000ccc00000, 0x00000000ccd00000, 0x00000000ccd00000|100%| E|CS|TAMS 0x00000000ccc00000, 0x00000000ccc00000| Complete 
| 161|0x00000000ccd00000, 0x00000000cce00000, 0x00000000cce00000|100%| E|CS|TAMS 0x00000000ccd00000, 0x00000000ccd00000| Complete 
| 162|0x00000000cce00000, 0x00000000ccf00000, 0x00000000ccf00000|100%| E|CS|TAMS 0x00000000cce00000, 0x00000000cce00000| Complete 
| 163|0x00000000ccf00000, 0x00000000cd000000, 0x00000000cd000000|100%| E|CS|TAMS 0x00000000ccf00000, 0x00000000ccf00000| Complete 
| 164|0x00000000cd000000, 0x00000000cd100000, 0x00000000cd100000|100%| E|CS|TAMS 0x00000000cd000000, 0x00000000cd000000| Complete 
| 165|0x00000000cd100000, 0x00000000cd200000, 0x00000000cd200000|100%| E|CS|TAMS 0x00000000cd100000, 0x00000000cd100000| Complete 
| 166|0x00000000cd200000, 0x00000000cd300000, 0x00000000cd300000|100%| E|CS|TAMS 0x00000000cd200000, 0x00000000cd200000| Complete 
| 167|0x00000000cd300000, 0x00000000cd400000, 0x00000000cd400000|100%| E|CS|TAMS 0x00000000cd300000, 0x00000000cd300000| Complete 
| 168|0x00000000cd400000, 0x00000000cd500000, 0x00000000cd500000|100%| E|CS|TAMS 0x00000000cd400000, 0x00000000cd400000| Complete 
| 169|0x00000000cd500000, 0x00000000cd600000, 0x00000000cd600000|100%| E|CS|TAMS 0x00000000cd500000, 0x00000000cd500000| Complete 
| 170|0x00000000cd600000, 0x00000000cd700000, 0x00000000cd700000|100%| E|CS|TAMS 0x00000000cd600000, 0x00000000cd600000| Complete 
| 171|0x00000000cd700000, 0x00000000cd800000, 0x00000000cd800000|100%| E|CS|TAMS 0x00000000cd700000, 0x00000000cd700000| Complete 
| 172|0x00000000cd800000, 0x00000000cd900000, 0x00000000cd900000|100%| E|CS|TAMS 0x00000000cd800000, 0x00000000cd800000| Complete 
| 173|0x00000000cd900000, 0x00000000cda00000, 0x00000000cda00000|100%| E|CS|TAMS 0x00000000cd900000, 0x00000000cd900000| Complete 
| 174|0x00000000cda00000, 0x00000000cdb00000, 0x00000000cdb00000|100%| E|CS|TAMS 0x00000000cda00000, 0x00000000cda00000| Complete 
| 175|0x00000000cdb00000, 0x00000000cdc00000, 0x00000000cdc00000|100%| E|CS|TAMS 0x00000000cdb00000, 0x00000000cdb00000| Complete 
| 176|0x00000000cdc00000, 0x00000000cdd00000, 0x00000000cdd00000|100%| E|CS|TAMS 0x00000000cdc00000, 0x00000000cdc00000| Complete 
| 177|0x00000000cdd00000, 0x00000000cde00000, 0x00000000cde00000|100%| E|CS|TAMS 0x00000000cdd00000, 0x00000000cdd00000| Complete 
| 178|0x00000000cde00000, 0x00000000cdf00000, 0x00000000cdf00000|100%| E|CS|TAMS 0x00000000cde00000, 0x00000000cde00000| Complete 
| 179|0x00000000cdf00000, 0x00000000ce000000, 0x00000000ce000000|100%| E|CS|TAMS 0x00000000cdf00000, 0x00000000cdf00000| Complete 
| 180|0x00000000ce000000, 0x00000000ce100000, 0x00000000ce100000|100%| E|CS|TAMS 0x00000000ce000000, 0x00000000ce000000| Complete 
| 181|0x00000000ce100000, 0x00000000ce200000, 0x00000000ce200000|100%| E|CS|TAMS 0x00000000ce100000, 0x00000000ce100000| Complete 
| 182|0x00000000ce200000, 0x00000000ce300000, 0x00000000ce300000|100%| E|CS|TAMS 0x00000000ce200000, 0x00000000ce200000| Complete 
| 183|0x00000000ce300000, 0x00000000ce400000, 0x00000000ce400000|100%| E|CS|TAMS 0x00000000ce300000, 0x00000000ce300000| Complete 
| 184|0x00000000ce400000, 0x00000000ce500000, 0x00000000ce500000|100%| E|CS|TAMS 0x00000000ce400000, 0x00000000ce400000| Complete 
| 185|0x00000000ce500000, 0x00000000ce600000, 0x00000000ce600000|100%| E|CS|TAMS 0x00000000ce500000, 0x00000000ce500000| Complete 
| 186|0x00000000ce600000, 0x00000000ce700000, 0x00000000ce700000|100%| E|CS|TAMS 0x00000000ce600000, 0x00000000ce600000| Complete 
| 187|0x00000000ce700000, 0x00000000ce800000, 0x00000000ce800000|100%| E|CS|TAMS 0x00000000ce700000, 0x00000000ce700000| Complete 
| 188|0x00000000ce800000, 0x00000000ce900000, 0x00000000ce900000|100%| E|CS|TAMS 0x00000000ce800000, 0x00000000ce800000| Complete 

Card table byte_map: [0x000001d08d4e0000,0x000001d08d6d0000] _byte_map_base: 0x000001d08ceca000

Marking Bits (Prev, Next): (CMBitMap*) 0x000001d08d762360, (CMBitMap*) 0x000001d08d7623a0
 Prev Bits: [0x000001d0a41d0000, 0x000001d0a5120000)
 Next Bits: [0x000001d0a5120000, 0x000001d0a6070000)

Polling page: 0x000001d08b680000

Metaspace:

Usage:
  Non-class:     68.25 MB used.
      Class:      7.96 MB used.
       Both:     76.21 MB used.

Virtual space:
  Non-class space:      128.00 MB reserved,      68.38 MB ( 53%) committed,  2 nodes.
      Class space:        1.00 GB reserved,       8.12 MB ( <1%) committed,  1 nodes.
             Both:        1.12 GB reserved,      76.50 MB (  7%) committed. 

Chunk freelists:
   Non-Class:  10.69 MB
       Class:  7.91 MB
        Both:  18.59 MB

MaxMetaspaceSize: unlimited
CompressedClassSpaceSize: 1.00 GB
Initial GC threshold: 21.00 MB
Current GC threshold: 108.56 MB
CDS: on
MetaspaceReclaimPolicy: balanced
 - commit_granule_bytes: 65536.
 - commit_granule_words: 8192.
 - virtual_space_node_default_size: 8388608.
 - enlarge_chunks_in_place: 1.
 - new_chunks_are_fully_committed: 0.
 - uncommit_free_chunks: 1.
 - use_allocation_guard: 0.
 - handle_deallocations: 1.


Internal statistics:

num_allocs_failed_limit: 6.
num_arena_births: 358.
num_arena_deaths: 0.
num_vsnodes_births: 3.
num_vsnodes_deaths: 0.
num_space_committed: 1222.
num_space_uncommitted: 0.
num_chunks_returned_to_freelist: 6.
num_chunks_taken_from_freelist: 3162.
num_chunk_merges: 6.
num_chunk_splits: 2572.
num_chunks_enlarged: 2295.
num_inconsistent_stats: 0.

CodeHeap 'non-profiled nmethods': size=120064Kb used=10865Kb max_used=11451Kb free=109198Kb
 bounds [0x000001d09caa0000, 0x000001d09d5e0000, 0x000001d0a3fe0000]
CodeHeap 'profiled nmethods': size=120000Kb used=43922Kb max_used=45089Kb free=76077Kb
 bounds [0x000001d094fe0000, 0x000001d097c00000, 0x000001d09c510000]
CodeHeap 'non-nmethods': size=5696Kb used=1414Kb max_used=1460Kb free=4281Kb
 bounds [0x000001d09c510000, 0x000001d09c780000, 0x000001d09caa0000]
 total_blobs=15595 nmethods=14854 adapters=649
 compilation: enabled
              stopped_count=0, restarted_count=0
 full_count=0

Compilation events (20 events):
Event: 171.368 Thread 0x000001d0a8420890 19444       3       org.jetbrains.kotlin.load.java.components.JavaDeprecatedAnnotationDescriptor::getAllValueArguments (17 bytes)
Event: 171.369 Thread 0x000001d0a8420890 nmethod 19444 0x000001d097554390 code [0x000001d097554640, 0x000001d0975552e8]
Event: 171.439 Thread 0x000001d0a83aff80 nmethod 19440 0x000001d09d2f3090 code [0x000001d09d2f3900, 0x000001d09d2f8bd0]
Event: 171.440 Thread 0x000001d0a83aff80 19443       4       org.jetbrains.kotlin.ir.expressions.impl.IrConstImpl::<init> (45 bytes)
Event: 171.454 Thread 0x000001d0a83aff80 nmethod 19443 0x000001d09d2f2a10 code [0x000001d09d2f2b80, 0x000001d09d2f2f38]
Event: 171.454 Thread 0x000001d0a83aff80 19441       4       org.jetbrains.kotlin.backend.jvm.mapping.IrTypeMapper::mapType (34 bytes)
Event: 171.458 Thread 0x000001d0a83aff80 nmethod 19441 0x000001d09d23e990 code [0x000001d09d23eb20, 0x000001d09d23ec28]
Event: 171.464 Thread 0x000001d0a8420890 19445       3       org.jetbrains.org.objectweb.asm.tree.MethodNode::getLabelNode (29 bytes)
Event: 171.465 Thread 0x000001d0a8420890 nmethod 19445 0x000001d097369b10 code [0x000001d097369ce0, 0x000001d09736a218]
Event: 171.466 Thread 0x000001d0a83aff80 19446       4       org.jetbrains.kotlin.backend.jvm.mapping.MethodSignatureMapper::mapFunctionName (342 bytes)
Event: 171.470 Thread 0x000001d0a8420890 19447       1       org.jetbrains.kotlin.codegen.inline.MaxStackFrameSizeAndLocalsCalculator$ControlFlowEdge::access$900 (5 bytes)
Event: 171.471 Thread 0x000001d0a8420890 nmethod 19447 0x000001d09d2f2710 code [0x000001d09d2f28a0, 0x000001d09d2f2958]
Event: 171.471 Thread 0x000001d0a8420890 19448       1       org.jetbrains.kotlin.codegen.inline.MaxStackFrameSizeAndLocalsCalculator$ControlFlowEdge::access$1000 (5 bytes)
Event: 171.471 Thread 0x000001d0a8420890 nmethod 19448 0x000001d09d2f2410 code [0x000001d09d2f25a0, 0x000001d09d2f2658]
Event: 171.471 Thread 0x000001d0a8420890 19449       1       org.jetbrains.kotlin.codegen.inline.MaxStackFrameSizeAndLocalsCalculator$ControlFlowEdge::access$1100 (5 bytes)
Event: 171.471 Thread 0x000001d0a8420890 nmethod 19449 0x000001d09d2f1f90 code [0x000001d09d2f2120, 0x000001d09d2f21d8]
Event: 171.549 Thread 0x000001d0a8420890 19450       3       org.jetbrains.kotlin.codegen.optimization.transformer.MethodTransformer::<init> (5 bytes)
Event: 171.549 Thread 0x000001d0a8420890 nmethod 19450 0x000001d097bd9c10 code [0x000001d097bd9da0, 0x000001d097bd9ef8]
Event: 171.552 Thread 0x000001d0a8420890 19451       3       org.jetbrains.kotlin.codegen.pseudoInsns.PseudoInsnsKt::isPseudoInsn (45 bytes)
Event: 171.553 Thread 0x000001d0a8420890 nmethod 19451 0x000001d0956bf790 code [0x000001d0956bf9e0, 0x000001d0956c03e8]

GC Heap History (20 events):
Event: 145.750 GC heap before
{Heap before GC invocations=67 (full 0):
 garbage-first heap   total 128000K, used 111787K [0x00000000c2c00000, 0x0000000100000000)
  region size 1024K, 6 young (6144K), 1 survivors (1024K)
 Metaspace       used 64642K, committed 64960K, reserved 1114112K
  class space    used 7003K, committed 7168K, reserved 1048576K
}
Event: 145.760 GC heap after
{Heap after GC invocations=68 (full 0):
 garbage-first heap   total 128000K, used 109738K [0x00000000c2c00000, 0x0000000100000000)
  region size 1024K, 1 young (1024K), 1 survivors (1024K)
 Metaspace       used 64642K, committed 64960K, reserved 1114112K
  class space    used 7003K, committed 7168K, reserved 1048576K
}
Event: 146.473 GC heap before
{Heap before GC invocations=68 (full 0):
 garbage-first heap   total 128000K, used 114858K [0x00000000c2c00000, 0x0000000100000000)
  region size 1024K, 6 young (6144K), 1 survivors (1024K)
 Metaspace       used 65344K, committed 65664K, reserved 1114112K
  class space    used 7103K, committed 7232K, reserved 1048576K
}
Event: 146.486 GC heap after
{Heap after GC invocations=69 (full 0):
 garbage-first heap   total 128000K, used 111837K [0x00000000c2c00000, 0x0000000100000000)
  region size 1024K, 1 young (1024K), 1 survivors (1024K)
 Metaspace       used 65344K, committed 65664K, reserved 1114112K
  class space    used 7103K, committed 7232K, reserved 1048576K
}
Event: 148.341 GC heap before
{Heap before GC invocations=70 (full 0):
 garbage-first heap   total 193536K, used 116957K [0x00000000c2c00000, 0x0000000100000000)
  region size 1024K, 9 young (9216K), 1 survivors (1024K)
 Metaspace       used 66552K, committed 66880K, reserved 1114112K
  class space    used 7230K, committed 7360K, reserved 1048576K
}
Event: 148.346 GC heap after
{Heap after GC invocations=71 (full 0):
 garbage-first heap   total 193536K, used 110093K [0x00000000c2c00000, 0x0000000100000000)
  region size 1024K, 2 young (2048K), 2 survivors (2048K)
 Metaspace       used 66552K, committed 66880K, reserved 1114112K
  class space    used 7230K, committed 7360K, reserved 1048576K
}
Event: 149.660 GC heap before
{Heap before GC invocations=71 (full 0):
 garbage-first heap   total 193536K, used 117261K [0x00000000c2c00000, 0x0000000100000000)
  region size 1024K, 9 young (9216K), 2 survivors (2048K)
 Metaspace       used 67907K, committed 68288K, reserved 1114112K
  class space    used 7312K, committed 7488K, reserved 1048576K
}
Event: 149.677 GC heap after
{Heap after GC invocations=72 (full 0):
 garbage-first heap   total 193536K, used 105385K [0x00000000c2c00000, 0x0000000100000000)
  region size 1024K, 1 young (1024K), 1 survivors (1024K)
 Metaspace       used 67907K, committed 68288K, reserved 1114112K
  class space    used 7312K, committed 7488K, reserved 1048576K
}
Event: 153.474 GC heap before
{Heap before GC invocations=72 (full 0):
 garbage-first heap   total 193536K, used 141225K [0x00000000c2c00000, 0x0000000100000000)
  region size 1024K, 36 young (36864K), 1 survivors (1024K)
 Metaspace       used 71876K, committed 72192K, reserved 1114112K
  class space    used 7682K, committed 7808K, reserved 1048576K
}
Event: 153.491 GC heap after
{Heap after GC invocations=73 (full 0):
 garbage-first heap   total 193536K, used 109314K [0x00000000c2c00000, 0x0000000100000000)
  region size 1024K, 5 young (5120K), 5 survivors (5120K)
 Metaspace       used 71876K, committed 72192K, reserved 1114112K
  class space    used 7682K, committed 7808K, reserved 1048576K
}
Event: 156.643 GC heap before
{Heap before GC invocations=73 (full 0):
 garbage-first heap   total 193536K, used 145154K [0x00000000c2c00000, 0x0000000100000000)
  region size 1024K, 40 young (40960K), 5 survivors (5120K)
 Metaspace       used 73749K, committed 74112K, reserved 1179648K
  class space    used 7838K, committed 8000K, reserved 1048576K
}
Event: 156.665 GC heap after
{Heap after GC invocations=74 (full 0):
 garbage-first heap   total 193536K, used 111269K [0x00000000c2c00000, 0x0000000100000000)
  region size 1024K, 2 young (2048K), 2 survivors (2048K)
 Metaspace       used 73749K, committed 74112K, reserved 1179648K
  class space    used 7838K, committed 8000K, reserved 1048576K
}
Event: 160.315 GC heap before
{Heap before GC invocations=74 (full 0):
 garbage-first heap   total 193536K, used 150181K [0x00000000c2c00000, 0x0000000100000000)
  region size 1024K, 40 young (40960K), 2 survivors (2048K)
 Metaspace       used 74762K, committed 75072K, reserved 1179648K
  class space    used 7902K, committed 8064K, reserved 1048576K
}
Event: 160.332 GC heap after
{Heap after GC invocations=75 (full 0):
 garbage-first heap   total 193536K, used 112293K [0x00000000c2c00000, 0x0000000100000000)
  region size 1024K, 3 young (3072K), 3 survivors (3072K)
 Metaspace       used 74762K, committed 75072K, reserved 1179648K
  class space    used 7902K, committed 8064K, reserved 1048576K
}
Event: 162.308 GC heap before
{Heap before GC invocations=75 (full 0):
 garbage-first heap   total 193536K, used 156325K [0x00000000c2c00000, 0x0000000100000000)
  region size 1024K, 46 young (47104K), 3 survivors (3072K)
 Metaspace       used 75174K, committed 75456K, reserved 1179648K
  class space    used 7929K, committed 8064K, reserved 1048576K
}
Event: 162.331 GC heap after
{Heap after GC invocations=76 (full 0):
 garbage-first heap   total 193536K, used 114341K [0x00000000c2c00000, 0x0000000100000000)
  region size 1024K, 5 young (5120K), 5 survivors (5120K)
 Metaspace       used 75174K, committed 75456K, reserved 1179648K
  class space    used 7929K, committed 8064K, reserved 1048576K
}
Event: 163.864 GC heap before
{Heap before GC invocations=76 (full 0):
 garbage-first heap   total 193536K, used 157349K [0x00000000c2c00000, 0x0000000100000000)
  region size 1024K, 47 young (48128K), 5 survivors (5120K)
 Metaspace       used 75408K, committed 75712K, reserved 1179648K
  class space    used 7933K, committed 8064K, reserved 1048576K
}
Event: 163.893 GC heap after
{Heap after GC invocations=77 (full 0):
 garbage-first heap   total 193536K, used 115930K [0x00000000c2c00000, 0x0000000100000000)
  region size 1024K, 4 young (4096K), 4 survivors (4096K)
 Metaspace       used 75408K, committed 75712K, reserved 1179648K
  class space    used 7933K, committed 8064K, reserved 1048576K
}
Event: 167.149 GC heap before
{Heap before GC invocations=77 (full 0):
 garbage-first heap   total 193536K, used 158938K [0x00000000c2c00000, 0x0000000100000000)
  region size 1024K, 46 young (47104K), 4 survivors (4096K)
 Metaspace       used 75712K, committed 76032K, reserved 1179648K
  class space    used 7954K, committed 8128K, reserved 1048576K
}
Event: 167.175 GC heap after
{Heap after GC invocations=78 (full 0):
 garbage-first heap   total 193536K, used 117169K [0x00000000c2c00000, 0x0000000100000000)
  region size 1024K, 3 young (3072K), 3 survivors (3072K)
 Metaspace       used 75712K, committed 76032K, reserved 1179648K
  class space    used 7954K, committed 8128K, reserved 1048576K
}

Deoptimization events (20 events):
Event: 170.376 Thread 0x000001d08d724e90 Uncommon trap: trap_request=0xffffff45 fr.pc=0x000001d09cfbf82c relative=0x000000000000022c
Event: 170.376 Thread 0x000001d08d724e90 Uncommon trap: reason=unstable_if action=reinterpret pc=0x000001d09cfbf82c method=java.util.HashMap.clear()V @ 23 c2
Event: 170.376 Thread 0x000001d08d724e90 DEOPT PACKING pc=0x000001d09cfbf82c sp=0x000000695dbfd780
Event: 170.376 Thread 0x000001d08d724e90 DEOPT UNPACKING pc=0x000001d09c56239d sp=0x000000695dbfd728 mode 2
Event: 170.516 Thread 0x000001d08d724e90 Uncommon trap: trap_request=0xffffffc6 fr.pc=0x000001d09d4f5d40 relative=0x0000000000000120
Event: 170.516 Thread 0x000001d08d724e90 Uncommon trap: reason=bimorphic_or_optimized_type_check action=maybe_recompile pc=0x000001d09d4f5d40 method=org.jetbrains.kotlin.resolve.descriptorUtil.DescriptorUtilsKt.getPropertyIfAccessor(Lorg/jetbrains/kotlin/descriptors/CallableMemberDescriptor;)Lor
Event: 170.516 Thread 0x000001d08d724e90 DEOPT PACKING pc=0x000001d09d4f5d40 sp=0x000000695dbfd020
Event: 170.516 Thread 0x000001d08d724e90 DEOPT UNPACKING pc=0x000001d09c56239d sp=0x000000695dbfcfb8 mode 2
Event: 170.594 Thread 0x000001d08d724e90 Uncommon trap: trap_request=0xffffffc6 fr.pc=0x000001d09d4f5d40 relative=0x0000000000000120
Event: 170.594 Thread 0x000001d08d724e90 Uncommon trap: reason=bimorphic_or_optimized_type_check action=maybe_recompile pc=0x000001d09d4f5d40 method=org.jetbrains.kotlin.resolve.descriptorUtil.DescriptorUtilsKt.getPropertyIfAccessor(Lorg/jetbrains/kotlin/descriptors/CallableMemberDescriptor;)Lor
Event: 170.594 Thread 0x000001d08d724e90 DEOPT PACKING pc=0x000001d09d4f5d40 sp=0x000000695dbfd1a0
Event: 170.594 Thread 0x000001d08d724e90 DEOPT UNPACKING pc=0x000001d09c56239d sp=0x000000695dbfd138 mode 2
Event: 170.685 Thread 0x000001d08d724e90 Uncommon trap: trap_request=0xffffff45 fr.pc=0x000001d09d473c80 relative=0x0000000000000380
Event: 170.685 Thread 0x000001d08d724e90 Uncommon trap: reason=unstable_if action=reinterpret pc=0x000001d09d473c80 method=org.jetbrains.kotlin.ir.util.IrUtilsKt.isFromJava(Lorg/jetbrains/kotlin/ir/declarations/IrDeclaration;)Z @ 53 c2
Event: 170.685 Thread 0x000001d08d724e90 DEOPT PACKING pc=0x000001d09d473c80 sp=0x000000695dbfd580
Event: 170.685 Thread 0x000001d08d724e90 DEOPT UNPACKING pc=0x000001d09c56239d sp=0x000000695dbfd518 mode 2
Event: 170.686 Thread 0x000001d08d724e90 Uncommon trap: trap_request=0xffffff45 fr.pc=0x000001d09ccac64c relative=0x000000000000362c
Event: 170.686 Thread 0x000001d08d724e90 Uncommon trap: reason=unstable_if action=reinterpret pc=0x000001d09ccac64c method=org.jetbrains.kotlin.utils.SmartSet.add(Ljava/lang/Object;)Z @ 32 c2
Event: 170.686 Thread 0x000001d08d724e90 DEOPT PACKING pc=0x000001d09ccac64c sp=0x000000695dbfd9a0
Event: 170.687 Thread 0x000001d08d724e90 DEOPT UNPACKING pc=0x000001d09c56239d sp=0x000000695dbfd998 mode 2

Classes unloaded (0 events):
No events

Classes redefined (0 events):
No events

Internal exceptions (20 events):
Event: 70.306 Thread 0x000001d08d724e90 Exception <a 'java/lang/IncompatibleClassChangeError'{0x00000000c83021e8}: Found class java.lang.Object, but interface was expected> (0x00000000c83021e8) 
thrown [s\open\src\hotspot\share\interpreter\linkResolver.cpp, line 826]
Event: 72.041 Thread 0x000001d08d724e90 Implicit null exception at 0x000001d09ce2982f to 0x000001d09ce2b8ac
Event: 73.232 Thread 0x000001d08d724e90 Exception <a 'java/lang/NoSuchMethodError'{0x00000000c91247d8}: 'int java.lang.invoke.DirectMethodHandle$Holder.invokeStaticInit(java.lang.Object, int)'> (0x00000000c91247d8) 
thrown [s\open\src\hotspot\share\interpreter\linkResolver.cpp, line 759]
Event: 74.595 Thread 0x000001d08d724e90 Implicit null exception at 0x000001d09cdb2a74 to 0x000001d09cdb2fe4
Event: 74.607 Thread 0x000001d08d724e90 Implicit null exception at 0x000001d09ceb8bdb to 0x000001d09ceb8c93
Event: 74.610 Thread 0x000001d08d724e90 Implicit null exception at 0x000001d09cdb235b to 0x000001d09cdb23eb
Event: 76.400 Thread 0x000001d08d724e90 Implicit null exception at 0x000001d09ce40484 to 0x000001d09ce452dc
Event: 125.851 Thread 0x000001d08d724e90 Implicit null exception at 0x000001d09cca4aea to 0x000001d09cca4c94
Event: 133.539 Thread 0x000001d08d724e90 Implicit null exception at 0x000001d09d1bbdb3 to 0x000001d09d1bbed8
Event: 133.904 Thread 0x000001d08d724e90 Exception <a 'java/lang/NoSuchMethodError'{0x00000000ca418438}: 'java.lang.Object java.lang.invoke.DirectMethodHandle$Holder.invokeStaticInit(java.lang.Object, java.lang.Object, java.lang.Object, java.lang.Object)'> (0x00000000ca418438) 
thrown [s\open\src\hotspot\share\interpreter\linkResolver.cpp, line 759]
Event: 134.579 Thread 0x000001d08d724e90 Implicit null exception at 0x000001d09d0ca813 to 0x000001d09d0ca920
Event: 134.973 Thread 0x000001d08d724e90 Exception <a 'java/lang/NoSuchMethodError'{0x00000000ca878a88}: 'java.lang.Object java.lang.invoke.DirectMethodHandle$Holder.newInvokeSpecial(java.lang.Object, java.lang.Object, java.lang.Object, int, int)'> (0x00000000ca878a88) 
thrown [s\open\src\hotspot\share\interpreter\linkResolver.cpp, line 759]
Event: 134.978 Thread 0x000001d08d724e90 Exception <a 'java/lang/NoSuchMethodError'{0x00000000ca87c8c8}: 'java.lang.Object java.lang.invoke.DirectMethodHandle$Holder.invokeSpecial(java.lang.Object, java.lang.Object, java.lang.Object, java.lang.Object, int, int)'> (0x00000000ca87c8c8) 
thrown [s\open\src\hotspot\share\interpreter\linkResolver.cpp, line 759]
Event: 135.483 Thread 0x000001d08d724e90 Exception <a 'java/lang/NoSuchMethodError'{0x00000000ca554fd0}: 'java.lang.Object java.lang.invoke.DirectMethodHandle$Holder.invokeSpecial(java.lang.Object, java.lang.Object, int, int, java.lang.Object, java.lang.Object, java.lang.Object, java.lang.Object, java.lang.Object)'> (0x00000000ca554fd0) 
thrown [s\open\src\hotspot\share\interpreter\linkResolver.cpp, line 759]
Event: 137.911 Thread 0x000001d08d724e90 Implicit null exception at 0x000001d09cbf3ff0 to 0x000001d09cbf4224
Event: 138.221 Thread 0x000001d08d724e90 Exception <a 'java/lang/NoSuchMethodError'{0x00000000ca5ac9f8}: 'java.lang.Object java.lang.invoke.DirectMethodHandle$Holder.invokeStatic(java.lang.Object, java.lang.Object, java.lang.Object, int, int, java.lang.Object, java.lang.Object, java.lang.Object, java.lang.Object)'> (0x00000000ca5ac9f8) 
thrown [s\open\src\hotspot\share\interpreter\linkResolver.cpp, line 759]
Event: 138.222 Thread 0x000001d08d724e90 Exception <a 'java/lang/NoSuchMethodError'{0x00000000ca5b6cc0}: 'java.lang.Object java.lang.invoke.DirectMethodHandle$Holder.newInvokeSpecial(java.lang.Object, java.lang.Object, java.lang.Object, int, int, java.lang.Object)'> (0x00000000ca5b6cc0) 
thrown [s\open\src\hotspot\share\interpreter\linkResolver.cpp, line 759]
Event: 138.223 Thread 0x000001d08d724e90 Exception <a 'java/lang/NoSuchMethodError'{0x00000000ca5be660}: 'java.lang.Object java.lang.invoke.Invokers$Holder.linkToTargetMethod(java.lang.Object, java.lang.Object, int, int, java.lang.Object, java.lang.Object)'> (0x00000000ca5be660) 
thrown [s\open\src\hotspot\share\interpreter\linkResolver.cpp, line 759]
Event: 155.591 Thread 0x000001d08d724e90 Implicit null exception at 0x000001d09d4d9eb5 to 0x000001d09d4da0d2
Event: 168.194 Thread 0x000001d08d724e90 Implicit null exception at 0x000001d09d565240 to 0x000001d09d56d26c

VM Operations (20 events):
Event: 169.326 Executing VM operation: Cleanup
Event: 169.327 Executing VM operation: Cleanup done
Event: 169.558 Executing VM operation: HandshakeAllThreads
Event: 169.580 Executing VM operation: HandshakeAllThreads done
Event: 169.586 Executing VM operation: HandshakeAllThreads
Event: 169.586 Executing VM operation: HandshakeAllThreads done
Event: 169.636 Executing VM operation: HandshakeAllThreads
Event: 169.636 Executing VM operation: HandshakeAllThreads done
Event: 169.640 Executing VM operation: HandshakeAllThreads
Event: 169.640 Executing VM operation: HandshakeAllThreads done
Event: 169.640 Executing VM operation: HandshakeAllThreads
Event: 169.640 Executing VM operation: HandshakeAllThreads done
Event: 169.765 Executing VM operation: HandshakeAllThreads
Event: 169.765 Executing VM operation: HandshakeAllThreads done
Event: 169.803 Executing VM operation: HandshakeAllThreads
Event: 169.803 Executing VM operation: HandshakeAllThreads done
Event: 170.171 Executing VM operation: HandshakeAllThreads
Event: 170.171 Executing VM operation: HandshakeAllThreads done
Event: 171.178 Executing VM operation: Cleanup
Event: 171.184 Executing VM operation: Cleanup done

Events (20 events):
Event: 169.679 Thread 0x000001d0a8424570 flushing nmethod 0x000001d0978bd390
Event: 169.679 Thread 0x000001d0a8424570 flushing nmethod 0x000001d0978c0210
Event: 169.679 Thread 0x000001d0a8424570 flushing nmethod 0x000001d0978e7510
Event: 169.679 Thread 0x000001d0a8424570 flushing nmethod 0x000001d09790f590
Event: 169.679 Thread 0x000001d0a8424570 flushing nmethod 0x000001d097926490
Event: 169.679 Thread 0x000001d0a8424570 flushing nmethod 0x000001d097927d90
Event: 169.679 Thread 0x000001d0a8424570 flushing nmethod 0x000001d097928c10
Event: 169.679 Thread 0x000001d0a8424570 flushing nmethod 0x000001d0979a7f10
Event: 169.679 Thread 0x000001d0a8424570 flushing nmethod 0x000001d0979aa910
Event: 169.680 Thread 0x000001d0a8424570 flushing nmethod 0x000001d097a53410
Event: 169.680 Thread 0x000001d0a8424570 flushing nmethod 0x000001d097ab5310
Event: 169.681 Thread 0x000001d0a8424570 flushing nmethod 0x000001d097bd9c10
Event: 169.681 Thread 0x000001d0a8424570 flushing nmethod 0x000001d097bdad90
Event: 169.681 Thread 0x000001d0a8424570 flushing nmethod 0x000001d097bdb590
Event: 169.681 Thread 0x000001d0a8424570 flushing nmethod 0x000001d097bdc710
Event: 169.681 Thread 0x000001d0a8424570 flushing nmethod 0x000001d097bdfa10
Event: 169.681 Thread 0x000001d0a8424570 flushing nmethod 0x000001d097be0c10
Event: 169.681 Thread 0x000001d0a8424570 flushing nmethod 0x000001d097be3290
Event: 170.528 loading class java/util/Vector$Itr
Event: 170.528 loading class java/util/Vector$Itr done


Dynamic libraries:
0x00007ff7e3640000 - 0x00007ff7e3650000 	C:\Program Files\Java\jdk-17\bin\java.exe
0x00007ffe19bb0000 - 0x00007ffe19dc7000 	C:\WINDOWS\SYSTEM32\ntdll.dll
0x00007ffe18460000 - 0x00007ffe18524000 	C:\WINDOWS\System32\KERNEL32.DLL
0x00007ffe174f0000 - 0x00007ffe178aa000 	C:\WINDOWS\System32\KERNELBASE.dll
0x00007ffe17280000 - 0x00007ffe17391000 	C:\WINDOWS\System32\ucrtbase.dll
0x00007ffda2120000 - 0x00007ffda213b000 	C:\Program Files\Java\jdk-17\bin\VCRUNTIME140.dll
0x00007ffda2250000 - 0x00007ffda2269000 	C:\Program Files\Java\jdk-17\bin\jli.dll
0x00007ffe189e0000 - 0x00007ffe18a92000 	C:\WINDOWS\System32\ADVAPI32.dll
0x00007ffe185a0000 - 0x00007ffe18647000 	C:\WINDOWS\System32\msvcrt.dll
0x00007ffe178b0000 - 0x00007ffe17957000 	C:\WINDOWS\System32\sechost.dll
0x00007ffe174c0000 - 0x00007ffe174e8000 	C:\WINDOWS\System32\bcrypt.dll
0x00007ffe19400000 - 0x00007ffe19514000 	C:\WINDOWS\System32\RPCRT4.dll
0x00007ffe182b0000 - 0x00007ffe1845e000 	C:\WINDOWS\System32\USER32.dll
0x00007ffe17150000 - 0x00007ffe17176000 	C:\WINDOWS\System32\win32u.dll
0x00007ffe19370000 - 0x00007ffe19399000 	C:\WINDOWS\System32\GDI32.dll
0x00007ffe173a0000 - 0x00007ffe174bb000 	C:\WINDOWS\System32\gdi32full.dll
0x00007ffe16ff0000 - 0x00007ffe1708a000 	C:\WINDOWS\System32\msvcp_win.dll
0x00007ffe03750000 - 0x00007ffe039e2000 	C:\WINDOWS\WinSxS\amd64_microsoft.windows.common-controls_6595b64144ccf1df_6.0.22621.4541_none_2710d1c57384c085\COMCTL32.dll
0x00007ffe094f0000 - 0x00007ffe094fa000 	C:\WINDOWS\SYSTEM32\VERSION.dll
0x00007ffe18890000 - 0x00007ffe188c1000 	C:\WINDOWS\System32\IMM32.DLL
0x00007ffdeb9d0000 - 0x00007ffdeb9dc000 	C:\Program Files\Java\jdk-17\bin\vcruntime140_1.dll
0x00007ffd90230000 - 0x00007ffd902be000 	C:\Program Files\Java\jdk-17\bin\msvcp140.dll
0x00007ffd6a320000 - 0x00007ffd6af00000 	C:\Program Files\Java\jdk-17\bin\server\jvm.dll
0x00007ffe189d0000 - 0x00007ffe189d8000 	C:\WINDOWS\System32\PSAPI.DLL
0x00007ffe13a00000 - 0x00007ffe13a09000 	C:\WINDOWS\SYSTEM32\WSOCK32.dll
0x00007ffe18080000 - 0x00007ffe180f1000 	C:\WINDOWS\System32\WS2_32.dll
0x00007ffe10c70000 - 0x00007ffe10ca4000 	C:\WINDOWS\SYSTEM32\WINMM.dll
0x00007ffe15ec0000 - 0x00007ffe15ed8000 	C:\WINDOWS\SYSTEM32\kernel.appcore.dll
0x00007ffdeb4a0000 - 0x00007ffdeb4aa000 	C:\Program Files\Java\jdk-17\bin\jimage.dll
0x00007ffe14730000 - 0x00007ffe14962000 	C:\WINDOWS\SYSTEM32\DBGHELP.DLL
0x00007ffe197e0000 - 0x00007ffe19b6f000 	C:\WINDOWS\System32\combase.dll
0x00007ffe17a10000 - 0x00007ffe17ae7000 	C:\WINDOWS\System32\OLEAUT32.dll
0x00007ffdf6cd0000 - 0x00007ffdf6d02000 	C:\WINDOWS\SYSTEM32\dbgcore.DLL
0x00007ffe17180000 - 0x00007ffe171fb000 	C:\WINDOWS\System32\bcryptPrimitives.dll
0x00007ffde6b50000 - 0x00007ffde6b75000 	C:\Program Files\Java\jdk-17\bin\java.dll
0x00007ffde6a70000 - 0x00007ffde6b47000 	C:\Program Files\Java\jdk-17\bin\jsvml.dll
0x00007ffe18aa0000 - 0x00007ffe19318000 	C:\WINDOWS\System32\SHELL32.dll
0x00007ffe14dc0000 - 0x00007ffe156c8000 	C:\WINDOWS\SYSTEM32\windows.storage.dll
0x00007ffe14c80000 - 0x00007ffe14dbf000 	C:\WINDOWS\SYSTEM32\wintypes.dll
0x00007ffe188d0000 - 0x00007ffe189ca000 	C:\WINDOWS\System32\SHCORE.dll
0x00007ffe193a0000 - 0x00007ffe193fe000 	C:\WINDOWS\System32\shlwapi.dll
0x00007ffe16db0000 - 0x00007ffe16ddb000 	C:\WINDOWS\SYSTEM32\profapi.dll
0x00007ffde6a50000 - 0x00007ffde6a69000 	C:\Program Files\Java\jdk-17\bin\net.dll
0x00007ffe10280000 - 0x00007ffe103b6000 	C:\WINDOWS\SYSTEM32\WINHTTP.dll
0x00007ffe16340000 - 0x00007ffe163a9000 	C:\WINDOWS\system32\mswsock.dll
0x00007ffde6a30000 - 0x00007ffde6a46000 	C:\Program Files\Java\jdk-17\bin\nio.dll
0x00007ffde6a10000 - 0x00007ffde6a28000 	C:\Program Files\Java\jdk-17\bin\zip.dll
0x00007ffdeab80000 - 0x00007ffdeab90000 	C:\Program Files\Java\jdk-17\bin\verify.dll

dbghelp: loaded successfully - version: 4.0.5 - missing functions: none
symbol engine: initialized successfully - sym options: 0x614 - pdb path: .;C:\Program Files\Java\jdk-17\bin;C:\WINDOWS\SYSTEM32;C:\WINDOWS\WinSxS\amd64_microsoft.windows.common-controls_6595b64144ccf1df_6.0.22621.4541_none_2710d1c57384c085;C:\Program Files\Java\jdk-17\bin\server

VM Arguments:
java_command: org.jetbrains.kotlin.cli.jvm.K2JVMCompiler @C:\Tugsa\silajang-mb\silajang-mobile\node_modules\react-native-screens\android\build\20241230_12592118634982967031.compiler.options
java_class_path (initial): C:\Users\maula_qiax6qv\.gradle\caches\modules-2\files-2.1\org.jetbrains.kotlin\kotlin-compiler-embeddable\1.9.22\9cd4dc7773cf2a99ecd961a88fbbc9a2da3fb5e1\kotlin-compiler-embeddable-1.9.22.jar;C:\Users\maula_qiax6qv\.gradle\caches\modules-2\files-2.1\org.jetbrains.kotlin\kotlin-stdlib\1.9.22\d6c44cd08d8f3f9bece8101216dbe6553365c6e3\kotlin-stdlib-1.9.22.jar;C:\Users\maula_qiax6qv\.gradle\caches\modules-2\files-2.1\org.jetbrains.kotlin\kotlin-script-runtime\1.9.22\f8139a46fc677ec9badc49ae954392f4f5e7e7c7\kotlin-script-runtime-1.9.22.jar;C:\Users\maula_qiax6qv\.gradle\caches\modules-2\files-2.1\org.jetbrains.kotlin\kotlin-reflect\1.6.10\1cbe9c92c12a94eea200d23c2bbaedaf3daf5132\kotlin-reflect-1.6.10.jar;C:\Users\maula_qiax6qv\.gradle\caches\modules-2\files-2.1\org.jetbrains.kotlin\kotlin-daemon-embeddable\1.9.22\20e2c5df715f3240c765cfc222530e2796542021\kotlin-daemon-embeddable-1.9.22.jar;C:\Users\maula_qiax6qv\.gradle\caches\modules-2\files-2.1\org.jetbrains.intellij.deps\trove4j\1.0.20200330\3afb14d5f9ceb459d724e907a21145e8ff394f02\trove4j-1.0.20200330.jar;C:\Users\maula_qiax6qv\.gradle\caches\modules-2\files-2.1\org.jetbrains\annotations\13.0\919f0dfe192fb4e063e7dacadee7f8bb9a2672a9\annotations-13.0.jar
Launcher Type: SUN_STANDARD

[Global flags]
     intx CICompilerCount                          = 2                                         {product} {ergonomic}
     uint ConcGCThreads                            = 1                                         {product} {ergonomic}
     uint G1ConcRefinementThreads                  = 2                                         {product} {ergonomic}
   size_t G1HeapRegionSize                         = 1048576                                   {product} {ergonomic}
    uintx GCDrainStackTargetSize                   = 64                                        {product} {ergonomic}
   size_t InitialHeapSize                          = 65011712                                  {product} {ergonomic}
   size_t MarkStackSize                            = 4194304                                   {product} {ergonomic}
   size_t MaxHeapSize                              = 1027604480                                {product} {ergonomic}
   size_t MaxNewSize                               = 616562688                                 {product} {ergonomic}
   size_t MinHeapDeltaBytes                        = 1048576                                   {product} {ergonomic}
   size_t MinHeapSize                              = 8388608                                   {product} {ergonomic}
    uintx NonNMethodCodeHeapSize                   = 5826188                                {pd product} {ergonomic}
    uintx NonProfiledCodeHeapSize                  = 122916026                              {pd product} {ergonomic}
    uintx ProfiledCodeHeapSize                     = 122916026                              {pd product} {ergonomic}
    uintx ReservedCodeCacheSize                    = 251658240                              {pd product} {ergonomic}
     bool SegmentedCodeCache                       = true                                      {product} {ergonomic}
   size_t SoftMaxHeapSize                          = 1027604480                             {manageable} {ergonomic}
     bool UseCompressedClassPointers               = true                           {product lp64_product} {ergonomic}
     bool UseCompressedOops                        = true                           {product lp64_product} {ergonomic}
     bool UseG1GC                                  = true                                      {product} {ergonomic}
     bool UseLargePagesIndividualAllocation        = false                                  {pd product} {ergonomic}

Logging:
Log output configuration:
 #0: stdout all=warning uptime,level,tags
 #1: stderr all=off uptime,level,tags

Environment Variables:
JAVA_HOME=C:\Program Files\Java\jdk-17
CLASSPATH=C:\Tugsa\silajang-mb\silajang-mobile\android\\gradle\wrapper\gradle-wrapper.jar
PATH=C:\Tugsa\silajang-mb\silajang-mobile\node_modules\.bin;C:\Tugsa\silajang-mb\node_modules\.bin;C:\Tugsa\node_modules\.bin;C:\node_modules\.bin;C:\Users\maula_qiax6qv\AppData\Roaming\nvm\v18.19.0\node_modules\npm\node_modules\@npmcli\run-script\lib\node-gyp-bin;C:\Program Files\Common Files\Oracle\Java\javapath;C:\WINDOWS\system32;C:\WINDOWS;C:\WINDOWS\System32\Wbem;C:\WINDOWS\System32\WindowsPowerShell\v1.0\;C:\WINDOWS\System32\OpenSSH\;C:\Program Files\Git\cmd;C:\ProgramData\ComposerSetup\bin;C:\Users\maula_qiax6qv\AppData\Roaming\nvm;C:\Program Files\nodejs;C:\ngrok;C:\Program Files\Java\jdk-17\bin;C:\Users\maula_qiax6qv\AppData\Local\Android\Sdk\platform-tools;C:\Users\maula_qiax6qv\AppData\Local\Microsoft\WindowsApps;C:\Users\maula_qiax6qv\AppData\Local\Programs\Microsoft VS Code\bin;C:\flutter\bin;C:\xampp\php;C:\Users\maula_qiax6qv\AppData\Local\ComposerSetup\bin;C:\Users\maula_qiax6qv\AppData\Roaming\Composer\vendor\bin;C:\Users\maula_qiax6qv\AppData\Roaming\nvm;C:\Program Files\nodejs;C:\ProgramData\maula_qiax6qv\GitHubDesktop\bin;C:\Users\maula_qiax6qv\AppData\Local\GitHubDesktop\bin
USERNAME=maula_qiax6qv
LANG=en_US.UTF-8
OS=Windows_NT
PROCESSOR_IDENTIFIER=Intel64 Family 6 Model 122 Stepping 8, GenuineIntel



---------------  S Y S T E M  ---------------

OS:
 Windows 11 , 64 bit Build 22621 (10.0.22621.4391)
OS uptime: 9 days 18:49 hours

CPU: total 2 (initial active 2) (2 cores per cpu, 1 threads per core) family 6 model 122 stepping 8 microcode 0x22, cx8, cmov, fxsr, mmx, 3dnowpref, sse, sse2, sse3, ssse3, sse4.1, sse4.2, popcnt, tsc, tscinvbit, aes, erms, clmul, sha, clflush, clflushopt

Memory: 4k page, system-wide physical 3918M (215M free)
TotalPageFile size 15694M (AvailPageFile size 2M)
current process WorkingSet (physical memory assigned to process): 284M, peak: 301M
current process commit charge ("private bytes"): 450M, peak: 453M

vm_info: Java HotSpot(TM) 64-Bit Server VM (17.0.12+8-LTS-286) for windows-amd64 JRE (17.0.12+8-LTS-286), built on Jun  5 2024 06:46:59 by "mach5one" with MS VC++ 17.6 (VS2022)

END.
