#
# There is insufficient memory for the Java Runtime Environment to continue.
# Native memory allocation (malloc) failed to allocate 1048576 bytes for AllocateHeap
# Possible reasons:
#   The system is out of physical RAM or swap space
#   The process is running with CompressedOops enabled, and the Java Heap may be blocking the growth of the native heap
# Possible solutions:
#   Reduce memory load on the system
#   Increase physical memory or swap space
#   Check if swap backing store is full
#   Decrease Java heap size (-Xmx/-Xms)
#   Decrease number of Java threads
#   Decrease Java thread stack sizes (-Xss)
#   Set larger code cache with -XX:ReservedCodeCacheSize=
#   JVM is running with Unscaled Compressed Oops mode in which the Java heap is
#     placed in the first 4GB address space. The Java Heap base address is the
#     maximum limit for the native heap growth. Please use -XX:HeapBaseMinAddress
#     to set the Java Heap base and to place the Java Heap above 4GB virtual address.
# This output file may be truncated or incomplete.
#
#  Out of Memory Error (allocation.cpp:44), pid=47036, tid=40012
#
# JRE version:  (21.0.1+12) (build )
# Java VM: Java HotSpot(TM) 64-Bit Server VM (21.0.1+12-LTS-29, mixed mode, sharing, tiered, compressed oops, compressed class ptrs, g1 gc, windows-amd64)
# No core dump will be written. Minidumps are not enabled by default on client versions of Windows
#

---------------  S U M M A R Y ------------

Command Line: 

Host: AMD Ryzen 3 7320U with Radeon Graphics         , 8 cores, 5G,  Windows 11 , 64 bit Build 26100 (10.0.26100.2454)
Time: Wed Dec 11 11:03:27 2024 SE Asia Standard Time elapsed time: 0.115675 seconds (0d 0h 0m 0s)

---------------  T H R E A D  ---------------

Current thread (0x000001da2d7c51b0):  JavaThread "Unknown thread" [_thread_in_vm, id=40012, stack(0x000000cefcb00000,0x000000cefcc00000) (1024K)]

Stack: [0x000000cefcb00000,0x000000cefcc00000]
Native frames: (J=compiled Java code, j=interpreted, Vv=VM code, C=native code)
V  [jvm.dll+0x6c9029]
V  [jvm.dll+0x854b81]
V  [jvm.dll+0x856e5e]
V  [jvm.dll+0x857543]
V  [jvm.dll+0x280c06]
V  [jvm.dll+0xbea87]
V  [jvm.dll+0x331715]
V  [jvm.dll+0x329d61]
V  [jvm.dll+0x81d179]
V  [jvm.dll+0x3bb4f1]
V  [jvm.dll+0x805ae8]
V  [jvm.dll+0x44effe]
V  [jvm.dll+0x450901]
C  [jli.dll+0x52a3]
C  [ucrtbase.dll+0x14ea0]
C  [KERNEL32.DLL+0x2e8d7]
C  [ntdll.dll+0xdfbcc]


---------------  P R O C E S S  ---------------

Threads class SMR info:
_java_thread_list=0x00007ff9f9919b88, length=0, elements={
}

Java Threads: ( => current thread )
Total: 0

Other Threads:
  0x000001da2fbac0c0 WorkerThread "GC Thread#0"                     [id=45752, stack(0x000000cefcc00000,0x000000cefcd00000) (1024K)]

[error occurred during error reporting (printing all threads), id 0xc0000005, EXCEPTION_ACCESS_VIOLATION (0xc0000005) at pc=0x00007ff9f90862a0]
VM state: not at safepoint (not fully initialized)

VM Mutex/Monitor currently owned by a thread:  ([mutex/lock_event])
[0x00007ff9f998a6f8] Heap_lock - owner thread: 0x000001da2d7c51b0

Heap address: 0x00000000a4200000, size: 1470 MB, Compressed Oops mode: 32-bit

CDS archive(s) mapped at: [0x0000000000000000-0x0000000000000000-0x0000000000000000), size 0, SharedBaseAddress: 0x0000000800000000, ArchiveRelocationMode: 1.
Narrow klass base: 0x0000000000000000, Narrow klass shift: 0, Narrow klass range: 0x0

GC Precious Log:
 CardTable entry size: 512
 Card Set container configuration: InlinePtr #cards 5 size 8 Array Of Cards #cards 12 size 40 Howl #buckets 4 coarsen threshold 1843 Howl Bitmap #cards 512 size 80 coarsen threshold 460 Card regions per heap region 1 cards per card region 2048

Heap:
 garbage-first heap   total 0K, used 0K [0x00000000a4200000, 0x0000000100000000)
  region size 1024K, 0 young (0K), 0 survivors (0K)

[error occurred during error reporting (printing heap information), id 0xc0000005, EXCEPTION_ACCESS_VIOLATION (0xc0000005) at pc=0x00007ff9f9471be9]
GC Heap History (0 events):
No events

Dll operation events (1 events):
Event: 0.015 Loaded shared library C:\Program Files\Java\jdk-21\bin\java.dll

Deoptimization events (0 events):
No events

Classes loaded (0 events):
No events

Classes unloaded (0 events):
No events

Classes redefined (0 events):
No events

Internal exceptions (0 events):
No events

ZGC Phase Switch (0 events):
No events

VM Operations (0 events):
No events

Events (0 events):
No events


Dynamic libraries:
0x00007ff77be60000 - 0x00007ff77be70000 	C:\Program Files\Java\jdk-21\bin\java.exe
0x00007ffa48560000 - 0x00007ffa487c3000 	C:\WINDOWS\SYSTEM32\ntdll.dll
0x00007ffa47100000 - 0x00007ffa471c8000 	C:\WINDOWS\System32\KERNEL32.DLL
0x00007ffa45d20000 - 0x00007ffa460d2000 	C:\WINDOWS\System32\KERNELBASE.dll
0x00007ffa45b40000 - 0x00007ffa45c8b000 	C:\WINDOWS\System32\ucrtbase.dll
0x00007ffa3ee90000 - 0x00007ffa3eea9000 	C:\Program Files\Java\jdk-21\bin\jli.dll
0x00007ffa3ee70000 - 0x00007ffa3ee8b000 	C:\Program Files\Java\jdk-21\bin\VCRUNTIME140.dll
0x00007ffa46b10000 - 0x00007ffa46bc4000 	C:\WINDOWS\System32\ADVAPI32.dll
0x00007ffa48350000 - 0x00007ffa483f9000 	C:\WINDOWS\System32\msvcrt.dll
0x00007ffa472a0000 - 0x00007ffa47346000 	C:\WINDOWS\System32\sechost.dll
0x00007ffa46fe0000 - 0x00007ffa470f6000 	C:\WINDOWS\System32\RPCRT4.dll
0x00007ffa46520000 - 0x00007ffa466e8000 	C:\WINDOWS\System32\USER32.dll
0x00007ffa45b10000 - 0x00007ffa45b37000 	C:\WINDOWS\System32\win32u.dll
0x00007ffa28f30000 - 0x00007ffa291c0000 	C:\WINDOWS\WinSxS\amd64_microsoft.windows.common-controls_6595b64144ccf1df_6.0.26100.2454_none_3e0b68a2e331ad60\COMCTL32.dll
0x00007ffa466f0000 - 0x00007ffa4671a000 	C:\WINDOWS\System32\GDI32.dll
0x00007ffa459e0000 - 0x00007ffa45b0b000 	C:\WINDOWS\System32\gdi32full.dll
0x00007ffa45930000 - 0x00007ffa459d3000 	C:\WINDOWS\System32\msvcp_win.dll
0x00007ffa3c3e0000 - 0x00007ffa3c3eb000 	C:\WINDOWS\SYSTEM32\VERSION.dll
0x00007ffa484e0000 - 0x00007ffa4850f000 	C:\WINDOWS\System32\IMM32.DLL
0x00007ffa3ee30000 - 0x00007ffa3ee3c000 	C:\Program Files\Java\jdk-21\bin\vcruntime140_1.dll
0x00007ffa06e70000 - 0x00007ffa06efe000 	C:\Program Files\Java\jdk-21\bin\msvcp140.dll
0x00007ff9f8d50000 - 0x00007ff9f9a65000 	C:\Program Files\Java\jdk-21\bin\server\jvm.dll
0x00007ffa46dc0000 - 0x00007ffa46e34000 	C:\WINDOWS\System32\WS2_32.dll
0x00007ffa45600000 - 0x00007ffa4564e000 	C:\WINDOWS\SYSTEM32\POWRPROF.dll
0x00007ffa37ee0000 - 0x00007ffa37f16000 	C:\WINDOWS\SYSTEM32\WINMM.dll
0x00007ffa455e0000 - 0x00007ffa455f4000 	C:\WINDOWS\SYSTEM32\UMPDC.dll
0x00007ffa44770000 - 0x00007ffa4478a000 	C:\WINDOWS\SYSTEM32\kernel.appcore.dll
0x00007ffa3ee20000 - 0x00007ffa3ee2a000 	C:\Program Files\Java\jdk-21\bin\jimage.dll
0x00007ffa430c0000 - 0x00007ffa43301000 	C:\WINDOWS\SYSTEM32\DBGHELP.DLL
0x00007ffa47350000 - 0x00007ffa476ce000 	C:\WINDOWS\System32\combase.dll
0x00007ffa46440000 - 0x00007ffa46516000 	C:\WINDOWS\System32\OLEAUT32.dll
0x00007ffa2a640000 - 0x00007ffa2a679000 	C:\WINDOWS\SYSTEM32\dbgcore.DLL
0x00007ffa460e0000 - 0x00007ffa46179000 	C:\WINDOWS\System32\bcryptPrimitives.dll
0x00007ffa3ee00000 - 0x00007ffa3ee1f000 	C:\Program Files\Java\jdk-21\bin\java.dll

dbghelp: loaded successfully - version: 4.0.5 - missing functions: none
symbol engine: initialized successfully - sym options: 0x614 - pdb path: .;C:\Program Files\Java\jdk-21\bin;C:\WINDOWS\SYSTEM32;C:\WINDOWS\WinSxS\amd64_microsoft.windows.common-controls_6595b64144ccf1df_6.0.26100.2454_none_3e0b68a2e331ad60;C:\Program Files\Java\jdk-21\bin\server

VM Arguments:
java_command: <unknown>
java_class_path (initial): <not set>
Launcher Type: SUN_STANDARD

[Global flags]
     intx CICompilerCount                          = 4                                         {product} {ergonomic}
     uint ConcGCThreads                            = 2                                         {product} {ergonomic}
     uint G1ConcRefinementThreads                  = 8                                         {product} {ergonomic}
   size_t G1HeapRegionSize                         = 1048576                                   {product} {ergonomic}
    uintx GCDrainStackTargetSize                   = 64                                        {product} {ergonomic}
   size_t InitialHeapSize                          = 96468992                                  {product} {ergonomic}
   size_t MarkStackSize                            = 4194304                                   {product} {ergonomic}
   size_t MaxHeapSize                              = 1541406720                                {product} {ergonomic}
   size_t MinHeapDeltaBytes                        = 1048576                                   {product} {ergonomic}
   size_t MinHeapSize                              = 8388608                                   {product} {ergonomic}
    uintx NonNMethodCodeHeapSize                   = 5839372                                {pd product} {ergonomic}
    uintx NonProfiledCodeHeapSize                  = 122909434                              {pd product} {ergonomic}
    uintx ProfiledCodeHeapSize                     = 122909434                              {pd product} {ergonomic}
    uintx ReservedCodeCacheSize                    = 251658240                              {pd product} {ergonomic}
     bool SegmentedCodeCache                       = true                                      {product} {ergonomic}
   size_t SoftMaxHeapSize                          = 1541406720                             {manageable} {ergonomic}
     bool UseCompressedOops                        = true                           {product lp64_product} {ergonomic}
     bool UseG1GC                                  = true                                      {product} {ergonomic}
     bool UseLargePagesIndividualAllocation        = false                                  {pd product} {ergonomic}

Logging:
Log output configuration:
 #0: stdout all=warning uptime,level,tags foldmultilines=false
 #1: stderr all=off uptime,level,tags foldmultilines=false

Environment Variables:
PATH=C:\Project_magang\project_3\silajang-mobile-1\node_modules\.bin;C:\Project_magang\project_3\node_modules\.bin;C:\Project_magang\node_modules\.bin;C:\node_modules\.bin;C:\Users\RIO MAULANA\AppData\Roaming\nvm\v18.19.0\node_modules\npm\node_modules\@npmcli\run-script\lib\node-gyp-bin;C:\Program Files\Common Files\Oracle\Java\javapath;C:\ProgramData\Oracle\Java\javapath;C:\WINDOWS\system32;C:\WINDOWS;C:\WINDOWS\System32\Wbem;C:\WINDOWS\System32\WindowsPowerShell\v1.0\;C:\WINDOWS\System32\OpenSSH\;C:\Program Files\Git\cmd;C:\xampp\php;C:\ProgramData\ComposerSetup\bin;C:\Users\RIO MAULANA\AppData\Roaming\nvm;C:\Program Files\nodejs;C:\Users\RIO MAULANA\AppData\Local\Android\Sdk\platform-tools;C:\Users\RIO MAULANA\AppData\Local\Microsoft\WindowsApps;C:\Users\RIO MAULANA\AppData\Local\Programs\Microsoft VS Code\bin;C:\Users\RIO MAULANA\AppData\Roaming\Composer\vendor\bin;C:\Program Files\Git\bin;C:\flutter_windows_3.13.8-stable\flutter\bin;C:\Users\RIO MAULANA\AppData\Roaming\nvm;C:\Program Files\nodejs;
USERNAME=RIO MAULANA
LANG=en_US.UTF-8
OS=Windows_NT
PROCESSOR_IDENTIFIER=AMD64 Family 23 Model 160 Stepping 0, AuthenticAMD
TMP=C:\Users\RIOMAU~1\AppData\Local\Temp
TEMP=C:\Users\RIOMAU~1\AppData\Local\Temp




Periodic native trim disabled

---------------  S Y S T E M  ---------------

OS:
 Windows 11 , 64 bit Build 26100 (10.0.26100.2454)
OS uptime: 0 days 3:00 hours
Hyper-V role detected

CPU: total 8 (initial active 8) (8 cores per cpu, 2 threads per core) family 23 model 160 stepping 0 microcode 0x8a00006, cx8, cmov, fxsr, ht, mmx, 3dnowpref, sse, sse2, sse3, ssse3, sse4a, sse4.1, sse4.2, popcnt, lzcnt, tsc, tscinvbit, avx, avx2, aes, clmul, bmi1, bmi2, adx, sha, fma, vzeroupper, clflush, clflushopt, hv, rdtscp, rdpid, f16c
Processor Information for all 8 processors :
  Max Mhz: 2401, Current Mhz: 2401, Mhz Limit: 2401

Memory: 4k page, system-wide physical 5877M (927M free)
TotalPageFile size 24309M (AvailPageFile size 6M)
current process WorkingSet (physical memory assigned to process): 12M, peak: 12M
current process commit charge ("private bytes"): 57M, peak: 58M

vm_info: Java HotSpot(TM) 64-Bit Server VM (21.0.1+12-LTS-29) for windows-amd64 JRE (21.0.1+12-LTS-29), built on 2023-10-05T13:27:09Z by "mach5one" with MS VC++ 17.1 (VS2022)

END.
