#
# There is insufficient memory for the Java Runtime Environment to continue.
# Native memory allocation (malloc) failed to allocate 247824 bytes for Chunk::new
# Possible reasons:
#   The system is out of physical RAM or swap space
#   The process is running with CompressedOops enabled, and the Java Heap may be blocking the growth of the native heap
# Possible solutions:
#   Reduce memory load on the system
#   Increase physical memory or swap space
#   Check if swap backing store is full
#   Decrease Java heap size (-Xmx/-Xms)
#   Decrease number of Java threads
#   Decrease Java thread stack sizes (-Xss)
#   Set larger code cache with -XX:ReservedCodeCacheSize=
#   JVM is running with Unscaled Compressed Oops mode in which the Java heap is
#     placed in the first 4GB address space. The Java Heap base address is the
#     maximum limit for the native heap growth. Please use -XX:HeapBaseMinAddress
#     to set the Java Heap base and to place the Java Heap above 4GB virtual address.
# This output file may be truncated or incomplete.
#
#  Out of Memory Error (arena.cpp:189), pid=6364, tid=15436
#
# JRE version: Java(TM) SE Runtime Environment (17.0.12+8) (build 17.0.12+8-LTS-286)
# Java VM: Java HotSpot(TM) 64-Bit Server VM (17.0.12+8-LTS-286, mixed mode, sharing, tiered, compressed oops, compressed class ptrs, g1 gc, windows-amd64)
# No core dump will be written. Minidumps are not enabled by default on client versions of Windows
#

---------------  S U M M A R Y ------------

Command Line: -Xmx64m -Xms64m -Dorg.gradle.appname=gradlew org.gradle.wrapper.GradleWrapperMain app:installDebug -PreactNativeDevServerPort=8081

Host: Intel(R) Celeron(R) N4020 CPU @ 1.10GHz, 2 cores, 3G,  Windows 11 , 64 bit Build 22621 (10.0.22621.3958)
Time: Fri Oct 25 13:33:20 2024 SE Asia Standard Time elapsed time: 177.315030 seconds (0d 0h 2m 57s)

---------------  T H R E A D  ---------------

Current thread (0x0000015473379f50):  JavaThread "C2 CompilerThread0" daemon [_thread_in_native, id=15436, stack(0x000000130e600000,0x000000130e700000)]


Current CompileTask:
C2: 177315 1513 % !   4       java.io.BufferedReader::readLine @ 139 (327 bytes)

Stack: [0x000000130e600000,0x000000130e700000]
Native frames: (J=compiled Java code, j=interpreted, Vv=VM code, C=native code)
V  [jvm.dll+0x67a04a]
V  [jvm.dll+0x7da4ed]
V  [jvm.dll+0x7dbe33]
V  [jvm.dll+0x7dc4a3]
V  [jvm.dll+0x24508f]
V  [jvm.dll+0xab773]
V  [jvm.dll+0xabd3c]
V  [jvm.dll+0x361bee]
V  [jvm.dll+0x32c431]
V  [jvm.dll+0x32b8ca]
V  [jvm.dll+0x21683f]
V  [jvm.dll+0x215c6f]
V  [jvm.dll+0x1a2960]
V  [jvm.dll+0x22610b]
V  [jvm.dll+0x2242ab]
V  [jvm.dll+0x79075c]
V  [jvm.dll+0x78abea]
V  [jvm.dll+0x678f35]
C  [ucrtbase.dll+0x29333]
C  [KERNEL32.DLL+0x1257d]
C  [ntdll.dll+0x5af08]


---------------  P R O C E S S  ---------------

Threads class SMR info:
_java_thread_list=0x0000015478565a00, length=14, elements={
0x000001545a8b52b0, 0x0000015473360310, 0x0000015473361ac0, 0x0000015473375360,
0x0000015473377e30, 0x00000154733787f0, 0x00000154733791b0, 0x0000015473379f50,
0x00000154733e24c0, 0x00000154733ec5f0, 0x00000154735ad540, 0x00000154735b3cd0,
0x000001547377d4d0, 0x000001547889c040
}

Java Threads: ( => current thread )
  0x000001545a8b52b0 JavaThread "main" [_thread_in_Java, id=348, stack(0x000000130d900000,0x000000130da00000)]
  0x0000015473360310 JavaThread "Reference Handler" daemon [_thread_blocked, id=19368, stack(0x000000130e000000,0x000000130e100000)]
  0x0000015473361ac0 JavaThread "Finalizer" daemon [_thread_blocked, id=21396, stack(0x000000130e100000,0x000000130e200000)]
  0x0000015473375360 JavaThread "Signal Dispatcher" daemon [_thread_blocked, id=8244, stack(0x000000130e200000,0x000000130e300000)]
  0x0000015473377e30 JavaThread "Attach Listener" daemon [_thread_blocked, id=344, stack(0x000000130e300000,0x000000130e400000)]
  0x00000154733787f0 JavaThread "Service Thread" daemon [_thread_blocked, id=6592, stack(0x000000130e400000,0x000000130e500000)]
  0x00000154733791b0 JavaThread "Monitor Deflation Thread" daemon [_thread_blocked, id=2724, stack(0x000000130e500000,0x000000130e600000)]
=>0x0000015473379f50 JavaThread "C2 CompilerThread0" daemon [_thread_in_native, id=15436, stack(0x000000130e600000,0x000000130e700000)]
  0x00000154733e24c0 JavaThread "C1 CompilerThread0" daemon [_thread_in_native, id=22956, stack(0x000000130e700000,0x000000130e800000)]
  0x00000154733ec5f0 JavaThread "Sweeper thread" daemon [_thread_blocked, id=22660, stack(0x000000130e800000,0x000000130e900000)]
  0x00000154735ad540 JavaThread "Notification Thread" daemon [_thread_blocked, id=17452, stack(0x000000130e900000,0x000000130ea00000)]
  0x00000154735b3cd0 JavaThread "Common-Cleaner" daemon [_thread_blocked, id=15496, stack(0x000000130eb00000,0x000000130ec00000)]
  0x000001547377d4d0 JavaThread "pool-1-thread-1" [_thread_in_native, id=7460, stack(0x000000130ed00000,0x000000130ee00000)]
  0x000001547889c040 JavaThread "DisconnectableInputStream source reader" daemon [_thread_in_native, id=1172, stack(0x000000130ef00000,0x000000130f000000)]

Other Threads:
  0x000001545a97bfa0 VMThread "VM Thread" [stack: 0x000000130df00000,0x000000130e000000] [id=22964]
  0x00000154735afa30 WatcherThread [stack: 0x000000130ea00000,0x000000130eb00000] [id=18500]
  0x000001545a8d24f0 GCTaskThread "GC Thread#0" [stack: 0x000000130da00000,0x000000130db00000] [id=14896]
  0x000001547373e3b0 GCTaskThread "GC Thread#1" [stack: 0x000000130ec00000,0x000000130ed00000] [id=20732]
  0x000001545a8d3c40 ConcurrentGCThread "G1 Main Marker" [stack: 0x000000130db00000,0x000000130dc00000] [id=7136]
  0x000001545a8d5660 ConcurrentGCThread "G1 Conc#0" [stack: 0x000000130dc00000,0x000000130dd00000] [id=23000]
  0x000001545a91a0f0 ConcurrentGCThread "G1 Refine#0" [stack: 0x000000130dd00000,0x000000130de00000] [id=7004]
  0x000001545a91bb30 ConcurrentGCThread "G1 Service" [stack: 0x000000130de00000,0x000000130df00000] [id=23176]

Threads with active compile tasks:
C2 CompilerThread0   177675 1513 % !   4       java.io.BufferedReader::readLine @ 139 (327 bytes)
C1 CompilerThread0   177675 1530   !   3       java.nio.charset.CharsetDecoder::decode (275 bytes)

VM state: not at safepoint (normal execution)

VM Mutex/Monitor currently owned by a thread: None

Heap address: 0x00000000fc000000, size: 64 MB, Compressed Oops mode: 32-bit

CDS archive(s) mapped at: [0x0000015400000000-0x0000015400bd0000-0x0000015400bd0000), size 12386304, SharedBaseAddress: 0x0000015400000000, ArchiveRelocationMode: 1.
Compressed class space mapped at: 0x0000015401000000-0x0000015441000000, reserved size: 1073741824
Narrow klass base: 0x0000015400000000, Narrow klass shift: 0, Narrow klass range: 0x100000000

GC Precious Log:
 CPUs: 2 total, 2 available
 Memory: 3918M
 Large Page Support: Disabled
 NUMA Support: Disabled
 Compressed Oops: Enabled (32-bit)
 Heap Region Size: 1M
 Heap Min Capacity: 64M
 Heap Initial Capacity: 64M
 Heap Max Capacity: 64M
 Pre-touch: Disabled
 Parallel Workers: 2
 Concurrent Workers: 1
 Concurrent Refinement Workers: 2
 Periodic GC: Disabled

Heap:
 garbage-first heap   total 65536K, used 20456K [0x00000000fc000000, 0x0000000100000000)
  region size 1024K, 11 young (11264K), 2 survivors (2048K)
 Metaspace       used 9160K, committed 9344K, reserved 1114112K
  class space    used 1206K, committed 1280K, reserved 1048576K

Heap Regions: E=young(eden), S=young(survivor), O=old, HS=humongous(starts), HC=humongous(continues), CS=collection set, F=free, OA=open archive, CA=closed archive, TAMS=top-at-mark-start (previous, next)
|   0|0x00000000fc000000, 0x00000000fc100000, 0x00000000fc100000|100%| O|  |TAMS 0x00000000fc000000, 0x00000000fc000000| Untracked 
|   1|0x00000000fc100000, 0x00000000fc200000, 0x00000000fc200000|100%| O|  |TAMS 0x00000000fc100000, 0x00000000fc100000| Untracked 
|   2|0x00000000fc200000, 0x00000000fc300000, 0x00000000fc300000|100%|HS|  |TAMS 0x00000000fc200000, 0x00000000fc200000| Complete 
|   3|0x00000000fc300000, 0x00000000fc400000, 0x00000000fc400000|100%|HC|  |TAMS 0x00000000fc300000, 0x00000000fc300000| Complete 
|   4|0x00000000fc400000, 0x00000000fc500000, 0x00000000fc500000|100%|HC|  |TAMS 0x00000000fc400000, 0x00000000fc400000| Complete 
|   5|0x00000000fc500000, 0x00000000fc600000, 0x00000000fc600000|100%|HC|  |TAMS 0x00000000fc500000, 0x00000000fc500000| Complete 
|   6|0x00000000fc600000, 0x00000000fc700000, 0x00000000fc700000|100%| O|  |TAMS 0x00000000fc600000, 0x00000000fc600000| Untracked 
|   7|0x00000000fc700000, 0x00000000fc800000, 0x00000000fc800000|100%| O|  |TAMS 0x00000000fc700000, 0x00000000fc700000| Untracked 
|   8|0x00000000fc800000, 0x00000000fc900000, 0x00000000fc900000|100%| O|  |TAMS 0x00000000fc800000, 0x00000000fc800000| Untracked 
|   9|0x00000000fc900000, 0x00000000fca00000, 0x00000000fca00000|100%| O|  |TAMS 0x00000000fc900000, 0x00000000fc900000| Untracked 
|  10|0x00000000fca00000, 0x00000000fca9c800, 0x00000000fcb00000| 61%| O|  |TAMS 0x00000000fca00000, 0x00000000fca00000| Untracked 
|  11|0x00000000fcb00000, 0x00000000fcb00000, 0x00000000fcc00000|  0%| F|  |TAMS 0x00000000fcb00000, 0x00000000fcb00000| Untracked 
|  12|0x00000000fcc00000, 0x00000000fcc00000, 0x00000000fcd00000|  0%| F|  |TAMS 0x00000000fcc00000, 0x00000000fcc00000| Untracked 
|  13|0x00000000fcd00000, 0x00000000fcd00000, 0x00000000fce00000|  0%| F|  |TAMS 0x00000000fcd00000, 0x00000000fcd00000| Untracked 
|  14|0x00000000fce00000, 0x00000000fce00000, 0x00000000fcf00000|  0%| F|  |TAMS 0x00000000fce00000, 0x00000000fce00000| Untracked 
|  15|0x00000000fcf00000, 0x00000000fcf00000, 0x00000000fd000000|  0%| F|  |TAMS 0x00000000fcf00000, 0x00000000fcf00000| Untracked 
|  16|0x00000000fd000000, 0x00000000fd000000, 0x00000000fd100000|  0%| F|  |TAMS 0x00000000fd000000, 0x00000000fd000000| Untracked 
|  17|0x00000000fd100000, 0x00000000fd100000, 0x00000000fd200000|  0%| F|  |TAMS 0x00000000fd100000, 0x00000000fd100000| Untracked 
|  18|0x00000000fd200000, 0x00000000fd200000, 0x00000000fd300000|  0%| F|  |TAMS 0x00000000fd200000, 0x00000000fd200000| Untracked 
|  19|0x00000000fd300000, 0x00000000fd300000, 0x00000000fd400000|  0%| F|  |TAMS 0x00000000fd300000, 0x00000000fd300000| Untracked 
|  20|0x00000000fd400000, 0x00000000fd400000, 0x00000000fd500000|  0%| F|  |TAMS 0x00000000fd400000, 0x00000000fd400000| Untracked 
|  21|0x00000000fd500000, 0x00000000fd500000, 0x00000000fd600000|  0%| F|  |TAMS 0x00000000fd500000, 0x00000000fd500000| Untracked 
|  22|0x00000000fd600000, 0x00000000fd600000, 0x00000000fd700000|  0%| F|  |TAMS 0x00000000fd600000, 0x00000000fd600000| Untracked 
|  23|0x00000000fd700000, 0x00000000fd700000, 0x00000000fd800000|  0%| F|  |TAMS 0x00000000fd700000, 0x00000000fd700000| Untracked 
|  24|0x00000000fd800000, 0x00000000fd800000, 0x00000000fd900000|  0%| F|  |TAMS 0x00000000fd800000, 0x00000000fd800000| Untracked 
|  25|0x00000000fd900000, 0x00000000fd900000, 0x00000000fda00000|  0%| F|  |TAMS 0x00000000fd900000, 0x00000000fd900000| Untracked 
|  26|0x00000000fda00000, 0x00000000fda00000, 0x00000000fdb00000|  0%| F|  |TAMS 0x00000000fda00000, 0x00000000fda00000| Untracked 
|  27|0x00000000fdb00000, 0x00000000fdb00000, 0x00000000fdc00000|  0%| F|  |TAMS 0x00000000fdb00000, 0x00000000fdb00000| Untracked 
|  28|0x00000000fdc00000, 0x00000000fdc00000, 0x00000000fdd00000|  0%| F|  |TAMS 0x00000000fdc00000, 0x00000000fdc00000| Untracked 
|  29|0x00000000fdd00000, 0x00000000fdd00000, 0x00000000fde00000|  0%| F|  |TAMS 0x00000000fdd00000, 0x00000000fdd00000| Untracked 
|  30|0x00000000fde00000, 0x00000000fde00000, 0x00000000fdf00000|  0%| F|  |TAMS 0x00000000fde00000, 0x00000000fde00000| Untracked 
|  31|0x00000000fdf00000, 0x00000000fdf00000, 0x00000000fe000000|  0%| F|  |TAMS 0x00000000fdf00000, 0x00000000fdf00000| Untracked 
|  32|0x00000000fe000000, 0x00000000fe000000, 0x00000000fe100000|  0%| F|  |TAMS 0x00000000fe000000, 0x00000000fe000000| Untracked 
|  33|0x00000000fe100000, 0x00000000fe100000, 0x00000000fe200000|  0%| F|  |TAMS 0x00000000fe100000, 0x00000000fe100000| Untracked 
|  34|0x00000000fe200000, 0x00000000fe200000, 0x00000000fe300000|  0%| F|  |TAMS 0x00000000fe200000, 0x00000000fe200000| Untracked 
|  35|0x00000000fe300000, 0x00000000fe300000, 0x00000000fe400000|  0%| F|  |TAMS 0x00000000fe300000, 0x00000000fe300000| Untracked 
|  36|0x00000000fe400000, 0x00000000fe400000, 0x00000000fe500000|  0%| F|  |TAMS 0x00000000fe400000, 0x00000000fe400000| Untracked 
|  37|0x00000000fe500000, 0x00000000fe500000, 0x00000000fe600000|  0%| F|  |TAMS 0x00000000fe500000, 0x00000000fe500000| Untracked 
|  38|0x00000000fe600000, 0x00000000fe600000, 0x00000000fe700000|  0%| F|  |TAMS 0x00000000fe600000, 0x00000000fe600000| Untracked 
|  39|0x00000000fe700000, 0x00000000fe700000, 0x00000000fe800000|  0%| F|  |TAMS 0x00000000fe700000, 0x00000000fe700000| Untracked 
|  40|0x00000000fe800000, 0x00000000fe800000, 0x00000000fe900000|  0%| F|  |TAMS 0x00000000fe800000, 0x00000000fe800000| Untracked 
|  41|0x00000000fe900000, 0x00000000fe900000, 0x00000000fea00000|  0%| F|  |TAMS 0x00000000fe900000, 0x00000000fe900000| Untracked 
|  42|0x00000000fea00000, 0x00000000fea00000, 0x00000000feb00000|  0%| F|  |TAMS 0x00000000fea00000, 0x00000000fea00000| Untracked 
|  43|0x00000000feb00000, 0x00000000feb00000, 0x00000000fec00000|  0%| F|  |TAMS 0x00000000feb00000, 0x00000000feb00000| Untracked 
|  44|0x00000000fec00000, 0x00000000fec5d990, 0x00000000fed00000| 36%| S|CS|TAMS 0x00000000fec00000, 0x00000000fec00000| Complete 
|  45|0x00000000fed00000, 0x00000000fee00000, 0x00000000fee00000|100%| S|CS|TAMS 0x00000000fed00000, 0x00000000fed00000| Complete 
|  46|0x00000000fee00000, 0x00000000fee00000, 0x00000000fef00000|  0%| F|  |TAMS 0x00000000fee00000, 0x00000000fee00000| Untracked 
|  47|0x00000000fef00000, 0x00000000fef00000, 0x00000000ff000000|  0%| F|  |TAMS 0x00000000fef00000, 0x00000000fef00000| Untracked 
|  48|0x00000000ff000000, 0x00000000ff000000, 0x00000000ff100000|  0%| F|  |TAMS 0x00000000ff000000, 0x00000000ff000000| Untracked 
|  49|0x00000000ff100000, 0x00000000ff100000, 0x00000000ff200000|  0%| F|  |TAMS 0x00000000ff100000, 0x00000000ff100000| Untracked 
|  50|0x00000000ff200000, 0x00000000ff200000, 0x00000000ff300000|  0%| F|  |TAMS 0x00000000ff200000, 0x00000000ff200000| Untracked 
|  51|0x00000000ff300000, 0x00000000ff300000, 0x00000000ff400000|  0%| F|  |TAMS 0x00000000ff300000, 0x00000000ff300000| Untracked 
|  52|0x00000000ff400000, 0x00000000ff400000, 0x00000000ff500000|  0%| F|  |TAMS 0x00000000ff400000, 0x00000000ff400000| Untracked 
|  53|0x00000000ff500000, 0x00000000ff500000, 0x00000000ff600000|  0%| F|  |TAMS 0x00000000ff500000, 0x00000000ff500000| Untracked 
|  54|0x00000000ff600000, 0x00000000ff600000, 0x00000000ff700000|  0%| F|  |TAMS 0x00000000ff600000, 0x00000000ff600000| Untracked 
|  55|0x00000000ff700000, 0x00000000ff7f9928, 0x00000000ff800000| 97%| E|  |TAMS 0x00000000ff700000, 0x00000000ff700000| Complete 
|  56|0x00000000ff800000, 0x00000000ff900000, 0x00000000ff900000|100%| E|CS|TAMS 0x00000000ff800000, 0x00000000ff800000| Complete 
|  57|0x00000000ff900000, 0x00000000ffa00000, 0x00000000ffa00000|100%| E|CS|TAMS 0x00000000ff900000, 0x00000000ff900000| Complete 
|  58|0x00000000ffa00000, 0x00000000ffb00000, 0x00000000ffb00000|100%| E|CS|TAMS 0x00000000ffa00000, 0x00000000ffa00000| Complete 
|  59|0x00000000ffb00000, 0x00000000ffc00000, 0x00000000ffc00000|100%| E|CS|TAMS 0x00000000ffb00000, 0x00000000ffb00000| Complete 
|  60|0x00000000ffc00000, 0x00000000ffd00000, 0x00000000ffd00000|100%| E|CS|TAMS 0x00000000ffc00000, 0x00000000ffc00000| Complete 
|  61|0x00000000ffd00000, 0x00000000ffe00000, 0x00000000ffe00000|100%| E|CS|TAMS 0x00000000ffd00000, 0x00000000ffd00000| Complete 
|  62|0x00000000ffe00000, 0x00000000fff00000, 0x00000000fff00000|100%| E|CS|TAMS 0x00000000ffe00000, 0x00000000ffe00000| Complete 
|  63|0x00000000fff00000, 0x0000000100000000, 0x0000000100000000|100%| E|CS|TAMS 0x00000000fff00000, 0x00000000fff00000| Complete 

Card table byte_map: [0x00000154588b0000,0x00000154588d0000] _byte_map_base: 0x00000154580d0000

Marking Bits (Prev, Next): (CMBitMap*) 0x000001545a8d2b10, (CMBitMap*) 0x000001545a8d2b50
 Prev Bits: [0x000001545a4b0000, 0x000001545a5b0000)
 Next Bits: [0x000001545a5b0000, 0x000001545a6b0000)

Polling page: 0x0000015458860000

Metaspace:

Usage:
  Non-class:      7.77 MB used.
      Class:      1.18 MB used.
       Both:      8.95 MB used.

Virtual space:
  Non-class space:       64.00 MB reserved,       7.88 MB ( 12%) committed,  1 nodes.
      Class space:        1.00 GB reserved,       1.25 MB ( <1%) committed,  1 nodes.
             Both:        1.06 GB reserved,       9.12 MB ( <1%) committed. 

Chunk freelists:
   Non-Class:  7.76 MB
       Class:  14.61 MB
        Both:  22.37 MB

MaxMetaspaceSize: unlimited
CompressedClassSpaceSize: 1.00 GB
Initial GC threshold: 21.00 MB
Current GC threshold: 21.00 MB
CDS: on
MetaspaceReclaimPolicy: balanced
 - commit_granule_bytes: 65536.
 - commit_granule_words: 8192.
 - virtual_space_node_default_size: 8388608.
 - enlarge_chunks_in_place: 1.
 - new_chunks_are_fully_committed: 0.
 - uncommit_free_chunks: 1.
 - use_allocation_guard: 0.
 - handle_deallocations: 1.


Internal statistics:

num_allocs_failed_limit: 0.
num_arena_births: 78.
num_arena_deaths: 0.
num_vsnodes_births: 2.
num_vsnodes_deaths: 0.
num_space_committed: 146.
num_space_uncommitted: 0.
num_chunks_returned_to_freelist: 0.
num_chunks_taken_from_freelist: 316.
num_chunk_merges: 0.
num_chunk_splits: 224.
num_chunks_enlarged: 188.
num_inconsistent_stats: 0.

CodeHeap 'non-profiled nmethods': size=120064Kb used=576Kb max_used=576Kb free=119487Kb
 bounds [0x0000015469c30000, 0x0000015469ea0000, 0x0000015471170000]
CodeHeap 'profiled nmethods': size=120000Kb used=2944Kb max_used=2944Kb free=117055Kb
 bounds [0x0000015462170000, 0x0000015462460000, 0x00000154696a0000]
CodeHeap 'non-nmethods': size=5696Kb used=1168Kb max_used=1180Kb free=4527Kb
 bounds [0x00000154696a0000, 0x0000015469910000, 0x0000015469c30000]
 total_blobs=1995 nmethods=1528 adapters=381
 compilation: enabled
              stopped_count=0, restarted_count=0
 full_count=0

Compilation events (20 events):
Event: 177.276 Thread 0x00000154733e24c0 1514       3       java.util.LinkedList::checkPositionIndex (22 bytes)
Event: 177.279 Thread 0x00000154733e24c0 nmethod 1514 0x000001546244ab90 code [0x000001546244ade0, 0x000001546244b548]
Event: 177.279 Thread 0x00000154733e24c0 1515       3       java.util.LinkedList::node (65 bytes)
Event: 177.280 Thread 0x00000154733e24c0 nmethod 1515 0x000001546244b890 code [0x000001546244ba40, 0x000001546244bd18]
Event: 177.280 Thread 0x00000154733e24c0 1517       3       java.util.LinkedList::isPositionIndex (18 bytes)
Event: 177.280 Thread 0x00000154733e24c0 nmethod 1517 0x000001546244be90 code [0x000001546244c020, 0x000001546244c1b8]
Event: 177.280 Thread 0x00000154733e24c0 1516       3       org.gradle.util.internal.LimitedDescription::append (33 bytes)
Event: 177.281 Thread 0x00000154733e24c0 nmethod 1516 0x000001546244c290 code [0x000001546244c4e0, 0x000001546244cc68]
Event: 177.282 Thread 0x00000154733e24c0 1518       3       java.util.LinkedList::linkBefore (63 bytes)
Event: 177.282 Thread 0x00000154733e24c0 nmethod 1518 0x000001546244cf90 code [0x000001546244d160, 0x000001546244d618]
Event: 177.282 Thread 0x00000154733e24c0 1519       3       java.util.LinkedList::unlinkLast (64 bytes)
Event: 177.282 Thread 0x00000154733e24c0 nmethod 1519 0x000001546244d790 code [0x000001546244d940, 0x000001546244dbd8]
Event: 177.286 Thread 0x00000154733e24c0 1520       3       java.nio.HeapCharBuffer::<init> (23 bytes)
Event: 177.286 Thread 0x00000154733e24c0 nmethod 1520 0x000001546244dd10 code [0x000001546244dec0, 0x000001546244e048]
Event: 177.286 Thread 0x00000154733e24c0 1521       3       java.nio.CharBuffer::<init> (24 bytes)
Event: 177.286 Thread 0x00000154733e24c0 nmethod 1521 0x000001546244e110 code [0x000001546244e2c0, 0x000001546244e468]
Event: 177.286 Thread 0x00000154733e24c0 1522       3       java.nio.CharBuffer::limit (6 bytes)
Event: 177.287 Thread 0x00000154733e24c0 nmethod 1522 0x000001546244e510 code [0x000001546244e6c0, 0x000001546244e868]
Event: 177.292 Thread 0x00000154733e24c0 1523       3       sun.nio.cs.SingleByte::withResult (25 bytes)
Event: 177.292 Thread 0x00000154733e24c0 nmethod 1523 0x000001546244e910 code [0x000001546244eae0, 0x000001546244ef18]

GC Heap History (8 events):
Event: 2.088 GC heap before
{Heap before GC invocations=0 (full 0):
 garbage-first heap   total 65536K, used 6144K [0x00000000fc000000, 0x0000000100000000)
  region size 1024K, 6 young (6144K), 0 survivors (0K)
 Metaspace       used 1680K, committed 1728K, reserved 1114112K
  class space    used 160K, committed 192K, reserved 1048576K
}
Event: 2.180 GC heap after
{Heap after GC invocations=1 (full 0):
 garbage-first heap   total 65536K, used 1657K [0x00000000fc000000, 0x0000000100000000)
  region size 1024K, 1 young (1024K), 1 survivors (1024K)
 Metaspace       used 1680K, committed 1728K, reserved 1114112K
  class space    used 160K, committed 192K, reserved 1048576K
}
Event: 2.929 GC heap before
{Heap before GC invocations=1 (full 0):
 garbage-first heap   total 65536K, used 5753K [0x00000000fc000000, 0x0000000100000000)
  region size 1024K, 6 young (6144K), 1 survivors (1024K)
 Metaspace       used 1722K, committed 1856K, reserved 1114112K
  class space    used 160K, committed 192K, reserved 1048576K
}
Event: 2.933 GC heap after
{Heap after GC invocations=2 (full 0):
 garbage-first heap   total 65536K, used 1875K [0x00000000fc000000, 0x0000000100000000)
  region size 1024K, 1 young (1024K), 1 survivors (1024K)
 Metaspace       used 1722K, committed 1856K, reserved 1114112K
  class space    used 160K, committed 192K, reserved 1048576K
}
Event: 5.589 GC heap before
{Heap before GC invocations=2 (full 0):
 garbage-first heap   total 65536K, used 18259K [0x00000000fc000000, 0x0000000100000000)
  region size 1024K, 13 young (13312K), 1 survivors (1024K)
 Metaspace       used 3780K, committed 3968K, reserved 1114112K
  class space    used 456K, committed 512K, reserved 1048576K
}
Event: 5.596 GC heap after
{Heap after GC invocations=3 (full 0):
 garbage-first heap   total 65536K, used 10462K [0x00000000fc000000, 0x0000000100000000)
  region size 1024K, 2 young (2048K), 2 survivors (2048K)
 Metaspace       used 3780K, committed 3968K, reserved 1114112K
  class space    used 456K, committed 512K, reserved 1048576K
}
Event: 12.428 GC heap before
{Heap before GC invocations=3 (full 0):
 garbage-first heap   total 65536K, used 25822K [0x00000000fc000000, 0x0000000100000000)
  region size 1024K, 18 young (18432K), 2 survivors (2048K)
 Metaspace       used 8595K, committed 8704K, reserved 1114112K
  class space    used 1154K, committed 1216K, reserved 1048576K
}
Event: 12.434 GC heap after
{Heap after GC invocations=4 (full 0):
 garbage-first heap   total 65536K, used 12264K [0x00000000fc000000, 0x0000000100000000)
  region size 1024K, 2 young (2048K), 2 survivors (2048K)
 Metaspace       used 8595K, committed 8704K, reserved 1114112K
  class space    used 1154K, committed 1216K, reserved 1048576K
}

Deoptimization events (20 events):
Event: 9.784 Thread 0x000001545a8b52b0 Uncommon trap: trap_request=0xffffff45 fr.pc=0x0000015469c65fbc relative=0x000000000000047c
Event: 9.784 Thread 0x000001545a8b52b0 Uncommon trap: reason=unstable_if action=reinterpret pc=0x0000015469c65fbc method=java.lang.AbstractStringBuilder.putStringAt(ILjava/lang/String;II)V @ 8 c2
Event: 9.784 Thread 0x000001545a8b52b0 DEOPT PACKING pc=0x0000015469c65fbc sp=0x000000130d9fb640
Event: 9.784 Thread 0x000001545a8b52b0 DEOPT UNPACKING pc=0x00000154696f239d sp=0x000000130d9fb520 mode 2
Event: 9.784 Thread 0x000001545a8b52b0 Uncommon trap: trap_request=0xffffff45 fr.pc=0x0000015469c61260 relative=0x00000000000003c0
Event: 9.784 Thread 0x000001545a8b52b0 Uncommon trap: reason=unstable_if action=reinterpret pc=0x0000015469c61260 method=java.lang.String.substring(II)Ljava/lang/String; @ 31 c2
Event: 9.784 Thread 0x000001545a8b52b0 DEOPT PACKING pc=0x0000015469c61260 sp=0x000000130d9fb410
Event: 9.784 Thread 0x000001545a8b52b0 DEOPT UNPACKING pc=0x00000154696f239d sp=0x000000130d9fb3c8 mode 2
Event: 11.701 Thread 0x000001545a8b52b0 Uncommon trap: trap_request=0xffffff45 fr.pc=0x0000015469ca8004 relative=0x0000000000000084
Event: 11.701 Thread 0x000001545a8b52b0 Uncommon trap: reason=unstable_if action=reinterpret pc=0x0000015469ca8004 method=java.lang.invoke.VarForm.getMemberNameOrNull(I)Ljava/lang/invoke/MemberName; @ 8 c2
Event: 11.701 Thread 0x000001545a8b52b0 DEOPT PACKING pc=0x0000015469ca8004 sp=0x000000130d9fb690
Event: 11.701 Thread 0x000001545a8b52b0 DEOPT UNPACKING pc=0x00000154696f239d sp=0x000000130d9fb5b8 mode 2
Event: 11.736 Thread 0x000001545a8b52b0 Uncommon trap: trap_request=0xffffff45 fr.pc=0x0000015469c6c29c relative=0x000000000000055c
Event: 11.736 Thread 0x000001545a8b52b0 Uncommon trap: reason=unstable_if action=reinterpret pc=0x0000015469c6c29c method=java.lang.AbstractStringBuilder.append(Ljava/lang/String;)Ljava/lang/AbstractStringBuilder; @ 1 c2
Event: 11.736 Thread 0x000001545a8b52b0 DEOPT PACKING pc=0x0000015469c6c29c sp=0x000000130d9fc470
Event: 11.736 Thread 0x000001545a8b52b0 DEOPT UNPACKING pc=0x00000154696f239d sp=0x000000130d9fc3f0 mode 2
Event: 12.569 Thread 0x000001545a8b52b0 Uncommon trap: trap_request=0xffffff45 fr.pc=0x0000015469c84b3c relative=0x000000000000043c
Event: 12.569 Thread 0x000001545a8b52b0 Uncommon trap: reason=unstable_if action=reinterpret pc=0x0000015469c84b3c method=java.util.regex.Matcher.match(II)Z @ 76 c2
Event: 12.569 Thread 0x000001545a8b52b0 DEOPT PACKING pc=0x0000015469c84b3c sp=0x000000130d9fb710
Event: 12.569 Thread 0x000001545a8b52b0 DEOPT UNPACKING pc=0x00000154696f239d sp=0x000000130d9fb6c8 mode 2

Classes unloaded (0 events):
No events

Classes redefined (0 events):
No events

Internal exceptions (18 events):
Event: 1.094 Thread 0x000001545a8b52b0 Exception <a 'java/lang/NoSuchMethodError'{0x00000000ffc277e8}: 'int java.lang.invoke.DirectMethodHandle$Holder.invokeStaticInit(java.lang.Object, java.lang.Object)'> (0x00000000ffc277e8) 
thrown [s\open\src\hotspot\share\interpreter\linkResolver.cpp, line 759]
Event: 5.424 Thread 0x000001545a8b52b0 Exception <a 'java/lang/NoSuchMethodError'{0x00000000ff373b00}: 'void java.lang.invoke.DirectMethodHandle$Holder.invokeStatic(java.lang.Object, java.lang.Object)'> (0x00000000ff373b00) 
thrown [s\open\src\hotspot\share\interpreter\linkResolver.cpp, line 759]
Event: 5.501 Thread 0x000001545a8b52b0 Exception <a 'java/lang/NoClassDefFoundError'{0x00000000ff3f8fb8}: org/slf4j/impl/StaticMarkerBinder> (0x00000000ff3f8fb8) 
thrown [s\open\src\hotspot\share\classfile\systemDictionary.cpp, line 245]
Event: 5.663 Thread 0x000001545a8b52b0 Exception <a 'java/lang/NoSuchMethodError'{0x00000000fffa1e90}: 'java.lang.Object java.lang.invoke.DirectMethodHandle$Holder.invokeVirtual(java.lang.Object, java.lang.Object, java.lang.Object, java.lang.Object, java.lang.Object, java.lang.Object, java.lang.Object)'> (0x00000000fffa1e90) 
thrown [s\open\src\hotspot\share\interpreter\linkResolver.cpp, line 759]
Event: 5.677 Thread 0x000001545a8b52b0 Exception <a 'java/lang/NoSuchMethodError'{0x00000000fffb37a0}: 'java.lang.Object java.lang.invoke.Invokers$Holder.invoker(java.lang.Object, java.lang.Object, java.lang.Object)'> (0x00000000fffb37a0) 
thrown [s\open\src\hotspot\share\interpreter\linkResolver.cpp, line 759]
Event: 5.684 Thread 0x000001545a8b52b0 Exception <a 'java/lang/NoSuchMethodError'{0x00000000fffbc978}: 'java.lang.Object java.lang.invoke.DirectMethodHandle$Holder.invokeStatic(java.lang.Object, java.lang.Object, int)'> (0x00000000fffbc978) 
thrown [s\open\src\hotspot\share\interpreter\linkResolver.cpp, line 759]
Event: 5.736 Thread 0x000001545a8b52b0 Exception <a 'java/lang/NoSuchMethodError'{0x00000000fffc8668}: 'void java.lang.invoke.DelegatingMethodHandle$Holder.delegate(java.lang.Object, java.lang.Object, int, java.lang.Object)'> (0x00000000fffc8668) 
thrown [s\open\src\hotspot\share\interpreter\linkResolver.cpp, line 759]
Event: 5.740 Thread 0x000001545a8b52b0 Exception <a 'java/lang/NoSuchMethodError'{0x00000000fffcc7b0}: 'int java.lang.invoke.DirectMethodHandle$Holder.invokeSpecial(java.lang.Object, java.lang.Object, java.lang.Object)'> (0x00000000fffcc7b0) 
thrown [s\open\src\hotspot\share\interpreter\linkResolver.cpp, line 759]
Event: 5.753 Thread 0x000001545a8b52b0 Exception <a 'java/lang/NoSuchMethodError'{0x00000000fffdf8f8}: 'java.lang.Object java.lang.invoke.Invokers$Holder.invokeExact_MT(java.lang.Object, java.lang.Object, java.lang.Object, java.lang.Object)'> (0x00000000fffdf8f8) 
thrown [s\open\src\hotspot\share\interpreter\linkResolver.cpp, line 759]
Event: 6.812 Thread 0x000001545a8b52b0 Exception <a 'java/lang/NoSuchMethodError'{0x00000000ff878ef8}: 'void java.lang.invoke.DirectMethodHandle$Holder.invokeSpecial(java.lang.Object, java.lang.Object, java.lang.Object)'> (0x00000000ff878ef8) 
thrown [s\open\src\hotspot\share\interpreter\linkResolver.cpp, line 759]
Event: 6.980 Thread 0x000001545a8b52b0 Implicit null exception at 0x0000015469c8618f to 0x0000015469c86690
Event: 6.981 Thread 0x000001545a8b52b0 Implicit null exception at 0x0000015469c71f8a to 0x0000015469c72488
Event: 7.319 Thread 0x000001545a8b52b0 Exception <a 'java/lang/NoSuchMethodError'{0x00000000ff7cbc18}: 'java.lang.Object java.lang.invoke.DirectMethodHandle$Holder.invokeStaticInit(java.lang.Object)'> (0x00000000ff7cbc18) 
thrown [s\open\src\hotspot\share\interpreter\linkResolver.cpp, line 759]
Event: 8.319 Thread 0x000001545a8b52b0 Exception <a 'java/lang/NoSuchMethodError'{0x00000000ff3858e8}: 'java.lang.Object java.lang.invoke.DirectMethodHandle$Holder.invokeStaticInit(java.lang.Object, int, int, int, int)'> (0x00000000ff3858e8) 
thrown [s\open\src\hotspot\share\interpreter\linkResolver.cpp, line 759]
Event: 9.822 Thread 0x000001545a8b52b0 Exception <a 'java/lang/NoSuchMethodError'{0x00000000ff0761a0}: 'java.lang.Object java.lang.invoke.DirectMethodHandle$Holder.invokeStaticInit(java.lang.Object, java.lang.Object, int, int, int, int)'> (0x00000000ff0761a0) 
thrown [s\open\src\hotspot\share\interpreter\linkResolver.cpp, line 759]
Event: 11.697 Thread 0x000001545a8b52b0 Exception <a 'java/lang/NoSuchMethodError'{0x00000000ff0a3960}: 'void java.lang.invoke.DirectMethodHandle$Holder.invokeStatic(java.lang.Object, java.lang.Object, java.lang.Object)'> (0x00000000ff0a3960) 
thrown [s\open\src\hotspot\share\interpreter\linkResolver.cpp, line 759]
Event: 11.736 Thread 0x000001545a8b52b0 Implicit null exception at 0x0000015469c6bd72 to 0x0000015469c6c288
Event: 177.225 Thread 0x000001545a8b52b0 Exception <a 'sun/net/ConnectionResetException'{0x00000000fffd3430}: Connection reset> (0x00000000fffd3430) 
thrown [s\open\src\hotspot\share\prims\jni.cpp, line 535]

VM Operations (20 events):
Event: 71.258 Executing VM operation: Cleanup
Event: 71.258 Executing VM operation: Cleanup done
Event: 109.621 Executing VM operation: Cleanup
Event: 109.621 Executing VM operation: Cleanup done
Event: 115.655 Executing VM operation: Cleanup
Event: 115.656 Executing VM operation: Cleanup done
Event: 122.685 Executing VM operation: Cleanup
Event: 122.685 Executing VM operation: Cleanup done
Event: 129.742 Executing VM operation: Cleanup
Event: 129.742 Executing VM operation: Cleanup done
Event: 134.793 Executing VM operation: Cleanup
Event: 134.793 Executing VM operation: Cleanup done
Event: 149.930 Executing VM operation: Cleanup
Event: 149.930 Executing VM operation: Cleanup done
Event: 151.931 Executing VM operation: Cleanup
Event: 151.931 Executing VM operation: Cleanup done
Event: 157.159 Executing VM operation: HandshakeAllThreads
Event: 157.159 Executing VM operation: HandshakeAllThreads done
Event: 160.174 Executing VM operation: Cleanup
Event: 160.174 Executing VM operation: Cleanup done

Events (20 events):
Event: 154.034 loading class jdk/internal/reflect/ByteVectorImpl
Event: 154.035 loading class jdk/internal/reflect/ByteVector
Event: 154.035 loading class jdk/internal/reflect/ByteVector done
Event: 154.035 loading class jdk/internal/reflect/ByteVectorImpl done
Event: 154.036 loading class jdk/internal/reflect/ClassFileAssembler
Event: 154.051 loading class jdk/internal/reflect/ClassFileAssembler done
Event: 154.054 loading class jdk/internal/reflect/UTF8
Event: 154.068 loading class jdk/internal/reflect/UTF8 done
Event: 154.253 loading class jdk/internal/reflect/Label
Event: 154.258 loading class jdk/internal/reflect/Label done
Event: 154.272 loading class jdk/internal/reflect/Label$PatchInfo
Event: 154.274 loading class jdk/internal/reflect/Label$PatchInfo done
Event: 154.277 loading class jdk/internal/reflect/MethodAccessorGenerator$1
Event: 154.279 loading class jdk/internal/reflect/MethodAccessorGenerator$1 done
Event: 154.280 loading class jdk/internal/reflect/ClassDefiner
Event: 154.281 loading class jdk/internal/reflect/ClassDefiner done
Event: 154.282 loading class jdk/internal/reflect/ClassDefiner$1
Event: 154.283 loading class jdk/internal/reflect/ClassDefiner$1 done
Event: 177.220 loading class sun/net/ConnectionResetException
Event: 177.223 loading class sun/net/ConnectionResetException done


Dynamic libraries:
0x00007ff644090000 - 0x00007ff6440a0000 	C:\Program Files\Java\jdk-17\bin\java.exe
0x00007ffa2acf0000 - 0x00007ffa2af07000 	C:\WINDOWS\SYSTEM32\ntdll.dll
0x00007ffa2a1d0000 - 0x00007ffa2a294000 	C:\WINDOWS\System32\KERNEL32.DLL
0x00007ffa283f0000 - 0x00007ffa287a7000 	C:\WINDOWS\System32\KERNELBASE.dll
0x00007ffa288d0000 - 0x00007ffa289e1000 	C:\WINDOWS\System32\ucrtbase.dll
0x00007ffa195b0000 - 0x00007ffa195c9000 	C:\Program Files\Java\jdk-17\bin\jli.dll
0x00007ffa2abf0000 - 0x00007ffa2aca2000 	C:\WINDOWS\System32\ADVAPI32.dll
0x00007ffa2a020000 - 0x00007ffa2a0c7000 	C:\WINDOWS\System32\msvcrt.dll
0x00007ffa29110000 - 0x00007ffa291b8000 	C:\WINDOWS\System32\sechost.dll
0x00007ffa28120000 - 0x00007ffa28148000 	C:\WINDOWS\System32\bcrypt.dll
0x00007ffa28c00000 - 0x00007ffa28d14000 	C:\WINDOWS\System32\RPCRT4.dll
0x00007ffa2a910000 - 0x00007ffa2aabf000 	C:\WINDOWS\System32\USER32.dll
0x00007ffa289f0000 - 0x00007ffa28a16000 	C:\WINDOWS\System32\win32u.dll
0x00007ffa2aac0000 - 0x00007ffa2aae9000 	C:\WINDOWS\System32\GDI32.dll
0x00007ffa287b0000 - 0x00007ffa288c8000 	C:\WINDOWS\System32\gdi32full.dll
0x00007ffa28080000 - 0x00007ffa2811a000 	C:\WINDOWS\System32\msvcp_win.dll
0x00007ffa18190000 - 0x00007ffa181ab000 	C:\Program Files\Java\jdk-17\bin\VCRUNTIME140.dll
0x00007ffa27120000 - 0x00007ffa273b3000 	C:\WINDOWS\WinSxS\amd64_microsoft.windows.common-controls_6595b64144ccf1df_6.0.22621.3672_none_2713b9d173822955\COMCTL32.dll
0x00007ffa245b0000 - 0x00007ffa245ba000 	C:\WINDOWS\SYSTEM32\VERSION.dll
0x00007ffa28a20000 - 0x00007ffa28a51000 	C:\WINDOWS\System32\IMM32.DLL
0x00007ffa26890000 - 0x00007ffa2689c000 	C:\Program Files\Java\jdk-17\bin\vcruntime140_1.dll
0x00007ff9fec90000 - 0x00007ff9fed1e000 	C:\Program Files\Java\jdk-17\bin\msvcp140.dll
0x00007ff9d5660000 - 0x00007ff9d6240000 	C:\Program Files\Java\jdk-17\bin\server\jvm.dll
0x00007ffa28a80000 - 0x00007ffa28a88000 	C:\WINDOWS\System32\PSAPI.DLL
0x00007ffa26280000 - 0x00007ffa26289000 	C:\WINDOWS\SYSTEM32\WSOCK32.dll
0x00007ffa2a2a0000 - 0x00007ffa2a311000 	C:\WINDOWS\System32\WS2_32.dll
0x00007ffa20f20000 - 0x00007ffa20f54000 	C:\WINDOWS\SYSTEM32\WINMM.dll
0x00007ffa26130000 - 0x00007ffa26148000 	C:\WINDOWS\SYSTEM32\kernel.appcore.dll
0x00007ffa19790000 - 0x00007ffa1979a000 	C:\Program Files\Java\jdk-17\bin\jimage.dll
0x00007ffa27880000 - 0x00007ffa27ab2000 	C:\WINDOWS\SYSTEM32\DBGHELP.DLL
0x00007ffa28d20000 - 0x00007ffa290ae000 	C:\WINDOWS\System32\combase.dll
0x00007ffa2a830000 - 0x00007ffa2a907000 	C:\WINDOWS\System32\OLEAUT32.dll
0x00007ffa27580000 - 0x00007ffa275b2000 	C:\WINDOWS\SYSTEM32\dbgcore.DLL
0x00007ffa28000000 - 0x00007ffa2807b000 	C:\WINDOWS\System32\bcryptPrimitives.dll
0x00007ffa08cb0000 - 0x00007ffa08cd5000 	C:\Program Files\Java\jdk-17\bin\java.dll
0x00007ff9e5f00000 - 0x00007ff9e5fd7000 	C:\Program Files\Java\jdk-17\bin\jsvml.dll
0x00007ffa291d0000 - 0x00007ffa29a39000 	C:\WINDOWS\System32\SHELL32.dll
0x00007ffa25050000 - 0x00007ffa2594f000 	C:\WINDOWS\SYSTEM32\windows.storage.dll
0x00007ffa24da0000 - 0x00007ffa24edf000 	C:\WINDOWS\SYSTEM32\wintypes.dll
0x00007ffa2aaf0000 - 0x00007ffa2abe9000 	C:\WINDOWS\System32\SHCORE.dll
0x00007ffa290b0000 - 0x00007ffa2910e000 	C:\WINDOWS\System32\shlwapi.dll
0x00007ffa27f30000 - 0x00007ffa27f57000 	C:\WINDOWS\SYSTEM32\profapi.dll
0x00007ffa18170000 - 0x00007ffa18189000 	C:\Program Files\Java\jdk-17\bin\net.dll
0x00007ffa21ee0000 - 0x00007ffa22016000 	C:\WINDOWS\SYSTEM32\WINHTTP.dll
0x00007ffa26d90000 - 0x00007ffa26df9000 	C:\WINDOWS\system32\mswsock.dll
0x00007ffa13b10000 - 0x00007ffa13b26000 	C:\Program Files\Java\jdk-17\bin\nio.dll
0x00007ffa12df0000 - 0x00007ffa12e08000 	C:\Program Files\Java\jdk-17\bin\zip.dll
0x00007ffa19750000 - 0x00007ffa19760000 	C:\Program Files\Java\jdk-17\bin\verify.dll
0x00007ff9ff380000 - 0x00007ff9ff3a7000 	C:\Users\maula_qiax6qv\.gradle\native\c067742578af261105cb4f569cf0c3c89f3d7b1fecec35dd04571415982c5e48\windows-amd64\native-platform.dll
0x00007ffa275f0000 - 0x00007ffa275fa000 	C:\Users\maula_qiax6qv\.gradle\native\jansi\1.18\windows64\jansi.dll
0x00007ffa18800000 - 0x00007ffa1880a000 	C:\Program Files\Java\jdk-17\bin\management.dll
0x00007ffa18740000 - 0x00007ffa1874b000 	C:\Program Files\Java\jdk-17\bin\management_ext.dll
0x00007ffa27c20000 - 0x00007ffa27c3b000 	C:\WINDOWS\SYSTEM32\CRYPTSP.dll
0x00007ffa26090000 - 0x00007ffa260c5000 	C:\WINDOWS\system32\rsaenh.dll
0x00007ffa26e80000 - 0x00007ffa26ea8000 	C:\WINDOWS\SYSTEM32\USERENV.dll
0x00007ffa26fe0000 - 0x00007ffa26fec000 	C:\WINDOWS\SYSTEM32\CRYPTBASE.dll
0x00007ffa25c40000 - 0x00007ffa25c6d000 	C:\WINDOWS\SYSTEM32\IPHLPAPI.DLL
0x00007ffa2a820000 - 0x00007ffa2a829000 	C:\WINDOWS\System32\NSI.dll
0x00007ffa21ec0000 - 0x00007ffa21ed9000 	C:\WINDOWS\SYSTEM32\dhcpcsvc6.DLL
0x00007ffa21ea0000 - 0x00007ffa21ebf000 	C:\WINDOWS\SYSTEM32\dhcpcsvc.DLL
0x00007ffa25c70000 - 0x00007ffa25d72000 	C:\WINDOWS\SYSTEM32\DNSAPI.dll
0x00007ffa18520000 - 0x00007ffa1852e000 	C:\Program Files\Java\jdk-17\bin\sunmscapi.dll
0x00007ffa281c0000 - 0x00007ffa28326000 	C:\WINDOWS\System32\CRYPT32.dll
0x00007ffa27460000 - 0x00007ffa2748d000 	C:\WINDOWS\SYSTEM32\ncrypt.dll
0x00007ffa27420000 - 0x00007ffa27457000 	C:\WINDOWS\SYSTEM32\NTASN1.dll
0x00007ffa26620000 - 0x00007ffa26628000 	C:\WINDOWS\system32\wshunix.dll

dbghelp: loaded successfully - version: 4.0.5 - missing functions: none
symbol engine: initialized successfully - sym options: 0x614 - pdb path: .;C:\Program Files\Java\jdk-17\bin;C:\WINDOWS\SYSTEM32;C:\WINDOWS\WinSxS\amd64_microsoft.windows.common-controls_6595b64144ccf1df_6.0.22621.3672_none_2713b9d173822955;C:\Program Files\Java\jdk-17\bin\server;C:\Users\maula_qiax6qv\.gradle\native\c067742578af261105cb4f569cf0c3c89f3d7b1fecec35dd04571415982c5e48\windows-amd64;C:\Users\maula_qiax6qv\.gradle\native\jansi\1.18\windows64

VM Arguments:
jvm_args: -Xmx64m -Xms64m -Dorg.gradle.appname=gradlew 
java_command: org.gradle.wrapper.GradleWrapperMain app:installDebug -PreactNativeDevServerPort=8081
java_class_path (initial): C:\Tugsa\silajang-mb\silajang-mobile\android\\gradle\wrapper\gradle-wrapper.jar
Launcher Type: SUN_STANDARD

[Global flags]
     intx CICompilerCount                          = 2                                         {product} {ergonomic}
     uint ConcGCThreads                            = 1                                         {product} {ergonomic}
     uint G1ConcRefinementThreads                  = 2                                         {product} {ergonomic}
   size_t G1HeapRegionSize                         = 1048576                                   {product} {ergonomic}
    uintx GCDrainStackTargetSize                   = 64                                        {product} {ergonomic}
   size_t InitialHeapSize                          = 67108864                                  {product} {command line}
   size_t MarkStackSize                            = 4194304                                   {product} {ergonomic}
   size_t MaxHeapSize                              = 67108864                                  {product} {command line}
   size_t MaxNewSize                               = 39845888                                  {product} {ergonomic}
   size_t MinHeapDeltaBytes                        = 1048576                                   {product} {ergonomic}
   size_t MinHeapSize                              = 67108864                                  {product} {command line}
    uintx NonNMethodCodeHeapSize                   = 5826188                                {pd product} {ergonomic}
    uintx NonProfiledCodeHeapSize                  = 122916026                              {pd product} {ergonomic}
    uintx ProfiledCodeHeapSize                     = 122916026                              {pd product} {ergonomic}
    uintx ReservedCodeCacheSize                    = 251658240                              {pd product} {ergonomic}
     bool SegmentedCodeCache                       = true                                      {product} {ergonomic}
   size_t SoftMaxHeapSize                          = 67108864                               {manageable} {ergonomic}
     bool UseCompressedClassPointers               = true                           {product lp64_product} {ergonomic}
     bool UseCompressedOops                        = true                           {product lp64_product} {ergonomic}
     bool UseG1GC                                  = true                                      {product} {ergonomic}
     bool UseLargePagesIndividualAllocation        = false                                  {pd product} {ergonomic}

Logging:
Log output configuration:
 #0: stdout all=warning uptime,level,tags
 #1: stderr all=off uptime,level,tags

Environment Variables:
JAVA_HOME=C:\Program Files\Java\jdk-17
CLASSPATH=C:\Tugsa\silajang-mb\silajang-mobile\android\\gradle\wrapper\gradle-wrapper.jar
PATH=C:\Tugsa\silajang-mb\silajang-mobile\node_modules\.bin;C:\Tugsa\silajang-mb\node_modules\.bin;C:\Tugsa\node_modules\.bin;C:\node_modules\.bin;C:\Users\maula_qiax6qv\AppData\Roaming\nvm\v18.19.0\node_modules\npm\node_modules\@npmcli\run-script\lib\node-gyp-bin;C:\Program Files\Common Files\Oracle\Java\javapath;C:\WINDOWS\system32;C:\WINDOWS;C:\WINDOWS\System32\Wbem;C:\WINDOWS\System32\WindowsPowerShell\v1.0\;C:\WINDOWS\System32\OpenSSH\;C:\Program Files\Git\cmd;C:\ProgramData\ComposerSetup\bin;C:\Users\maula_qiax6qv\AppData\Roaming\nvm;C:\Program Files\nodejs;C:\ngrok;C:\Program Files\Java\jdk-17\bin;C:\Users\maula_qiax6qv\AppData\Local\Android\Sdk\platform-tools;C:\Users\maula_qiax6qv\AppData\Local\Microsoft\WindowsApps;C:\Users\maula_qiax6qv\AppData\Local\Programs\Microsoft VS Code\bin;C:\flutter\bin;C:\xampp\php;C:\Users\maula_qiax6qv\AppData\Local\ComposerSetup\bin;C:\Users\maula_qiax6qv\AppData\Roaming\Composer\vendor\bin;C:\Users\maula_qiax6qv\AppData\Roaming\nvm;C:\Program Files\nodejs;C:\ProgramData\maula_qiax6qv\GitHubDesktop\bin;C:\Users\maula_qiax6qv\AppData\Local\GitHubDesktop\bin
USERNAME=maula_qiax6qv
LANG=en_US.UTF-8
OS=Windows_NT
PROCESSOR_IDENTIFIER=Intel64 Family 6 Model 122 Stepping 8, GenuineIntel



---------------  S Y S T E M  ---------------

OS:
 Windows 11 , 64 bit Build 22621 (10.0.22621.3958)
OS uptime: 4 days 2:37 hours

CPU: total 2 (initial active 2) (2 cores per cpu, 1 threads per core) family 6 model 122 stepping 8 microcode 0x22, cx8, cmov, fxsr, mmx, 3dnowpref, sse, sse2, sse3, ssse3, sse4.1, sse4.2, popcnt, tsc, tscinvbit, aes, erms, clmul, sha, clflush, clflushopt

Memory: 4k page, system-wide physical 3918M (614M free)
TotalPageFile size 15694M (AvailPageFile size 1910M)
current process WorkingSet (physical memory assigned to process): 36M, peak: 86M
current process commit charge ("private bytes"): 150M, peak: 151M

vm_info: Java HotSpot(TM) 64-Bit Server VM (17.0.12+8-LTS-286) for windows-amd64 JRE (17.0.12+8-LTS-286), built on Jun  5 2024 06:46:59 by "mach5one" with MS VC++ 17.6 (VS2022)

END.
